{"/Users/maggiebrewster/druid/web-console/lib/sql-function-doc.ts": {"path":"/Users/maggiebrewster/druid/web-console/lib/sql-function-doc.ts","statementMap":{"0":{"start":{"line":28,"column":13},"end":{"line":377,"column":2}}},"fnMap":{},"branchMap":{},"s":{"0":6},"f":{},"b":{}}
,"/Users/maggiebrewster/druid/web-console/src/variables.ts": {"path":"/Users/maggiebrewster/druid/web-console/src/variables.ts","statementMap":{"0":{"start":{"line":19,"column":13},"end":{"line":19,"column":56}},"1":{"start":{"line":20,"column":13},"end":{"line":20,"column":55}},"2":{"start":{"line":22,"column":13},"end":{"line":22,"column":47}},"3":{"start":{"line":23,"column":13},"end":{"line":23,"column":62}},"4":{"start":{"line":24,"column":13},"end":{"line":24,"column":56}},"5":{"start":{"line":25,"column":13},"end":{"line":25,"column":78}},"6":{"start":{"line":26,"column":13},"end":{"line":26,"column":84}},"7":{"start":{"line":27,"column":13},"end":{"line":27,"column":60}},"8":{"start":{"line":28,"column":13},"end":{"line":28,"column":85}},"9":{"start":{"line":29,"column":13},"end":{"line":29,"column":95}},"10":{"start":{"line":30,"column":13},"end":{"line":30,"column":90}}},"fnMap":{},"branchMap":{},"s":{"0":7,"1":7,"2":7,"3":7,"4":7,"5":7,"6":7,"7":7,"8":7,"9":7,"10":7},"f":{},"b":{}}
,"/Users/maggiebrewster/druid/web-console/src/components/index.ts": {"path":"/Users/maggiebrewster/druid/web-console/src/components/index.ts","statementMap":{"0":{"start":{"line":8,"column":0},"end":{"line":8,"column":42}},"1":{"start":{"line":9,"column":0},"end":{"line":9,"column":42}},"2":{"start":{"line":10,"column":0},"end":{"line":10,"column":38}},"3":{"start":{"line":11,"column":0},"end":{"line":11,"column":48}},"4":{"start":{"line":12,"column":0},"end":{"line":12,"column":46}},"5":{"start":{"line":13,"column":0},"end":{"line":13,"column":40}},"6":{"start":{"line":14,"column":0},"end":{"line":14,"column":46}},"7":{"start":{"line":15,"column":0},"end":{"line":15,"column":40}},"8":{"start":{"line":16,"column":0},"end":{"line":16,"column":32}},"9":{"start":{"line":17,"column":0},"end":{"line":17,"column":46}},"10":{"start":{"line":18,"column":0},"end":{"line":18,"column":50}},"11":{"start":{"line":19,"column":0},"end":{"line":19,"column":42}},"12":{"start":{"line":20,"column":0},"end":{"line":20,"column":38}},"13":{"start":{"line":21,"column":0},"end":{"line":21,"column":36}},"14":{"start":{"line":22,"column":0},"end":{"line":22,"column":42}},"15":{"start":{"line":23,"column":0},"end":{"line":23,"column":54}},"16":{"start":{"line":24,"column":0},"end":{"line":24,"column":52}},"17":{"start":{"line":25,"column":0},"end":{"line":25,"column":50}}},"fnMap":{},"branchMap":{},"s":{"0":5,"1":5,"2":5,"3":5,"4":5,"5":5,"6":5,"7":5,"8":5,"9":5,"10":5,"11":5,"12":5,"13":5,"14":5,"15":5,"16":5,"17":5},"f":{},"b":{}}
,"/Users/maggiebrewster/druid/web-console/src/components/action-cell/action-cell.tsx": {"path":"/Users/maggiebrewster/druid/web-console/src/components/action-cell/action-cell.tsx","statementMap":{"0":{"start":{"line":19,"column":0},"end":{"line":19,"column":31}},"1":{"start":{"line":21,"column":0},"end":{"line":21,"column":28}},"2":{"start":{"line":26,"column":0},"end":{"line":26,"column":68}},"3":{"start":{"line":26,"column":32},"end":{"line":26,"column":37}},"4":{"start":{"line":28,"column":4},"end":{"line":28,"column":null}},"5":{"start":{"line":31,"column":2},"end":{"line":35,"column":null}},"6":{"start":{"line":32,"column":4},"end":{"line":34,"column":11}},"7":{"start":{"line":36,"column":0},"end":{"line":36,"column":null}},"8":{"start":{"line":26,"column":13},"end":{"line":26,"column":23}}},"fnMap":{"0":{"name":"(anonymous_0)","decl":{"start":{"line":26,"column":0},"end":{"line":26,"column":13}},"loc":{"start":{"line":26,"column":0},"end":{"line":36,"column":null}}},"1":{"name":"ActionCell","decl":{"start":{"line":27,"column":2},"end":{"line":27,"column":14}},"loc":{"start":{"line":27,"column":50},"end":{"line":29,"column":3}}},"2":{"name":"(anonymous_2)","decl":{"start":{"line":31,"column":2},"end":{"line":31,"column":8}},"loc":{"start":{"line":31,"column":2},"end":{"line":35,"column":3}}}},"branchMap":{"0":{"loc":{"start":{"line":28,"column":4},"end":{"line":28,"column":25}},"type":"binary-expr","locations":[{"start":{"line":28,"column":4},"end":{"line":28,"column":25}},{"start":{"line":28,"column":25},"end":{"line":28,"column":null}}]}},"s":{"0":6,"1":6,"2":6,"3":6,"4":1,"5":6,"6":1,"7":6,"8":6},"f":{"0":6,"1":1,"2":1},"b":{"0":[1,1]}}
,"/Users/maggiebrewster/druid/web-console/src/components/array-input/array-input.tsx": {"path":"/Users/maggiebrewster/druid/web-console/src/components/array-input/array-input.tsx","statementMap":{"0":{"start":{"line":20,"column":0},"end":{"line":20,"column":63}},"1":{"start":{"line":21,"column":0},"end":{"line":21,"column":31}},"2":{"start":{"line":27,"column":0},"end":{"line":27,"column":89}},"3":{"start":{"line":27,"column":32},"end":{"line":27,"column":37}},"4":{"start":{"line":29,"column":4},"end":{"line":29,"column":null}},"5":{"start":{"line":35,"column":10},"end":{"line":44,"column":null}},"6":{"start":{"line":36,"column":12},"end":{"line":36,"column":20}},"7":{"start":{"line":37,"column":24},"end":{"line":37,"column":38}},"8":{"start":{"line":38,"column":22},"end":{"line":38,"column":73}},"9":{"start":{"line":38,"column":64},"end":{"line":38,"column":73}},"10":{"start":{"line":39,"column":30},"end":{"line":39,"column":55}},"11":{"start":{"line":40,"column":4},"end":{"line":42,"column":7}},"12":{"start":{"line":43,"column":4},"end":{"line":43,"column":79}},"13":{"start":{"line":43,"column":18},"end":{"line":43,"column":79}},"14":{"start":{"line":30,"column":4},"end":{"line":32,"column":6}},"15":{"start":{"line":46,"column":2},"end":{"line":57,"column":null}},"16":{"start":{"line":47,"column":10},"end":{"line":47,"column":12}},"17":{"start":{"line":47,"column":12},"end":{"line":47,"column":21}},"18":{"start":{"line":47,"column":23},"end":{"line":47,"column":34}},"19":{"start":{"line":47,"column":36},"end":{"line":47,"column":41}},"20":{"start":{"line":47,"column":43},"end":{"line":47,"column":66}},"21":{"start":{"line":48,"column":12},"end":{"line":48,"column":23}},"22":{"start":{"line":49,"column":4},"end":{"line":56,"column":7}},"23":{"start":{"line":58,"column":0},"end":{"line":58,"column":null}},"24":{"start":{"line":27,"column":13},"end":{"line":27,"column":23}}},"fnMap":{"0":{"name":"(anonymous_0)","decl":{"start":{"line":27,"column":0},"end":{"line":27,"column":13}},"loc":{"start":{"line":27,"column":0},"end":{"line":58,"column":null}}},"1":{"name":"ArrayInput","decl":{"start":{"line":28,"column":2},"end":{"line":28,"column":14}},"loc":{"start":{"line":28,"column":36},"end":{"line":33,"column":3}}},"2":{"name":"(anonymous_2)","decl":{"start":{"line":35,"column":25},"end":{"line":35,"column":26}},"loc":{"start":{"line":35,"column":32},"end":{"line":44,"column":3}}},"3":{"name":"(anonymous_3)","decl":{"start":{"line":38,"column":49},"end":{"line":38,"column":50}},"loc":{"start":{"line":38,"column":59},"end":{"line":38,"column":65}}},"4":{"name":"(anonymous_4)","decl":{"start":{"line":46,"column":2},"end":{"line":46,"column":8}},"loc":{"start":{"line":46,"column":2},"end":{"line":57,"column":3}}}},"branchMap":{"0":{"loc":{"start":{"line":29,"column":4},"end":{"line":29,"column":16}},"type":"binary-expr","locations":[{"start":{"line":29,"column":4},"end":{"line":29,"column":16}},{"start":{"line":29,"column":16},"end":{"line":29,"column":null}}]},"1":{"loc":{"start":{"line":41,"column":67},"end":{"line":41,"column":87}},"type":"cond-expr","locations":[{"start":{"line":41,"column":67},"end":{"line":41,"column":87}},{"start":{"line":41,"column":90},"end":{"line":41,"column":101}}]},"2":{"loc":{"start":{"line":43,"column":4},"end":{"line":43,"column":79}},"type":"if","locations":[{"start":{"line":43,"column":4},"end":{"line":43,"column":79}},{"start":{"line":43,"column":4},"end":{"line":43,"column":79}}]},"3":{"loc":{"start":{"line":43,"column":48},"end":{"line":43,"column":57}},"type":"cond-expr","locations":[{"start":{"line":43,"column":48},"end":{"line":43,"column":57}},{"start":{"line":43,"column":60},"end":{"line":43,"column":77}}]},"4":{"loc":{"start":{"line":31,"column":49},"end":{"line":31,"column":72}},"type":"cond-expr","locations":[{"start":{"line":31,"column":49},"end":{"line":31,"column":72}},{"start":{"line":31,"column":75},"end":{"line":31,"column":77}}]}},"s":{"0":8,"1":8,"2":8,"3":8,"4":1,"5":1,"6":0,"7":0,"8":0,"9":0,"10":0,"11":0,"12":0,"13":0,"14":1,"15":8,"16":1,"17":1,"18":1,"19":1,"20":1,"21":1,"22":1,"23":8,"24":8},"f":{"0":8,"1":1,"2":0,"3":0,"4":1},"b":{"0":[1,1],"1":[0,0],"2":[0,0],"3":[0,0],"4":[1,0]}}
,"/Users/maggiebrewster/druid/web-console/src/components/auto-form/auto-form.tsx": {"path":"/Users/maggiebrewster/druid/web-console/src/components/auto-form/auto-form.tsx","statementMap":{"0":{"start":{"line":19,"column":0},"end":{"line":19,"column":null}},"1":{"start":{"line":31,"column":0},"end":{"line":31,"column":47}},"2":{"start":{"line":32,"column":0},"end":{"line":32,"column":31}},"3":{"start":{"line":34,"column":0},"end":{"line":34,"column":73}},"4":{"start":{"line":36,"column":0},"end":{"line":36,"column":56}},"5":{"start":{"line":37,"column":0},"end":{"line":37,"column":53}},"6":{"start":{"line":39,"column":0},"end":{"line":39,"column":26}},"7":{"start":{"line":72,"column":0},"end":{"line":72,"column":112}},"8":{"start":{"line":72,"column":61},"end":{"line":72,"column":66}},"9":{"start":{"line":80,"column":4},"end":{"line":80,"column":null}},"10":{"start":{"line":86,"column":10},"end":{"line":91,"column":null}},"11":{"start":{"line":87,"column":12},"end":{"line":87,"column":17}},"12":{"start":{"line":88,"column":4},"end":{"line":88,"column":23}},"13":{"start":{"line":88,"column":16},"end":{"line":88,"column":23}},"14":{"start":{"line":89,"column":21},"end":{"line":89,"column":123}},"15":{"start":{"line":90,"column":4},"end":{"line":90,"column":31}},"16":{"start":{"line":93,"column":10},"end":{"line":105,"column":null}},"17":{"start":{"line":94,"column":10},"end":{"line":94,"column":12}},"18":{"start":{"line":94,"column":12},"end":{"line":94,"column":18}},"19":{"start":{"line":94,"column":20},"end":{"line":94,"column":43}},"20":{"start":{"line":96,"column":4},"end":{"line":102,"column":null}},"21":{"start":{"line":96,"column":28},"end":{"line":96,"column":34}},"22":{"start":{"line":96,"column":24},"end":{"line":96,"column":28}},"23":{"start":{"line":97,"column":6},"end":{"line":101,"column":null}},"24":{"start":{"line":98,"column":8},"end":{"line":98,"column":56}},"25":{"start":{"line":99,"column":13},"end":{"line":101,"column":null}},"26":{"start":{"line":100,"column":8},"end":{"line":100,"column":77}},"27":{"start":{"line":104,"column":4},"end":{"line":104,"column":23}},"28":{"start":{"line":262,"column":10},"end":{"line":283,"column":null}},"29":{"start":{"line":263,"column":12},"end":{"line":263,"column":17}},"30":{"start":{"line":264,"column":4},"end":{"line":264,"column":28}},"31":{"start":{"line":264,"column":16},"end":{"line":264,"column":28}},"32":{"start":{"line":265,"column":4},"end":{"line":265,"column":64}},"33":{"start":{"line":265,"column":52},"end":{"line":265,"column":64}},"34":{"start":{"line":267,"column":18},"end":{"line":267,"column":67}},"35":{"start":{"line":268,"column":4},"end":{"line":282,"column":17}},"36":{"start":{"line":81,"column":4},"end":{"line":83,"column":6}},"37":{"start":{"line":73,"column":9},"end":{"line":77,"column":null}},"38":{"start":{"line":74,"column":19},"end":{"line":74,"column":87}},"39":{"start":{"line":75,"column":4},"end":{"line":75,"column":61}},"40":{"start":{"line":76,"column":4},"end":{"line":76,"column":20}},"41":{"start":{"line":107,"column":10},"end":{"line":125,"column":null}},"42":{"start":{"line":107,"column":2},"end":{"line":107,"column":10}},"43":{"start":{"line":108,"column":10},"end":{"line":108,"column":12}},"44":{"start":{"line":108,"column":12},"end":{"line":108,"column":17}},"45":{"start":{"line":108,"column":19},"end":{"line":108,"column":39}},"46":{"start":{"line":109,"column":4},"end":{"line":124,"column":7}},"47":{"start":{"line":112,"column":8},"end":{"line":115,"column":null}},"48":{"start":{"line":113,"column":10},"end":{"line":113,"column":45}},"49":{"start":{"line":114,"column":10},"end":{"line":114,"column":17}},"50":{"start":{"line":116,"column":8},"end":{"line":116,"column":41}},"51":{"start":{"line":116,"column":34},"end":{"line":116,"column":41}},"52":{"start":{"line":117,"column":8},"end":{"line":117,"column":47}},"53":{"start":{"line":127,"column":10},"end":{"line":141,"column":null}},"54":{"start":{"line":127,"column":2},"end":{"line":127,"column":10}},"55":{"start":{"line":128,"column":10},"end":{"line":128,"column":12}},"56":{"start":{"line":128,"column":12},"end":{"line":128,"column":17}},"57":{"start":{"line":128,"column":19},"end":{"line":128,"column":39}},"58":{"start":{"line":129,"column":4},"end":{"line":140,"column":7}},"59":{"start":{"line":132,"column":8},"end":{"line":132,"column":29}},"60":{"start":{"line":132,"column":22},"end":{"line":132,"column":29}},"61":{"start":{"line":133,"column":8},"end":{"line":133,"column":35}},"62":{"start":{"line":143,"column":10},"end":{"line":193,"column":null}},"63":{"start":{"line":143,"column":2},"end":{"line":143,"column":10}},"64":{"start":{"line":144,"column":10},"end":{"line":144,"column":12}},"65":{"start":{"line":144,"column":12},"end":{"line":144,"column":17}},"66":{"start":{"line":144,"column":19},"end":{"line":144,"column":39}},"67":{"start":{"line":146,"column":28},"end":{"line":175,"column":15}},"68":{"start":{"line":150,"column":12},"end":{"line":171,"column":null}},"69":{"start":{"line":151,"column":14},"end":{"line":155,"column":17}},"70":{"start":{"line":154,"column":31},"end":{"line":154,"column":null}},"71":{"start":{"line":157,"column":14},"end":{"line":170,"column":26}},"72":{"start":{"line":162,"column":59},"end":{"line":168,"column":20}},"73":{"start":{"line":166,"column":37},"end":{"line":166,"column":null}},"74":{"start":{"line":177,"column":4},"end":{"line":192,"column":7}},"75":{"start":{"line":180,"column":18},"end":{"line":180,"column":32}},"76":{"start":{"line":181,"column":8},"end":{"line":181,"column":58}},"77":{"start":{"line":195,"column":10},"end":{"line":211,"column":null}},"78":{"start":{"line":195,"column":2},"end":{"line":195,"column":10}},"79":{"start":{"line":196,"column":10},"end":{"line":196,"column":12}},"80":{"start":{"line":196,"column":12},"end":{"line":196,"column":17}},"81":{"start":{"line":196,"column":19},"end":{"line":196,"column":39}},"82":{"start":{"line":197,"column":19},"end":{"line":197,"column":52}},"83":{"start":{"line":198,"column":4},"end":{"line":198,"column":56}},"84":{"start":{"line":198,"column":26},"end":{"line":198,"column":56}},"85":{"start":{"line":199,"column":4},"end":{"line":210,"column":18}},"86":{"start":{"line":202,"column":18},"end":{"line":202,"column":50}},"87":{"start":{"line":203,"column":8},"end":{"line":203,"column":35}},"88":{"start":{"line":213,"column":10},"end":{"line":233,"column":null}},"89":{"start":{"line":213,"column":2},"end":{"line":213,"column":10}},"90":{"start":{"line":214,"column":10},"end":{"line":214,"column":12}},"91":{"start":{"line":214,"column":12},"end":{"line":214,"column":17}},"92":{"start":{"line":214,"column":19},"end":{"line":214,"column":52}},"93":{"start":{"line":215,"column":12},"end":{"line":215,"column":30}},"94":{"start":{"line":217,"column":32},"end":{"line":226,"column":5}},"95":{"start":{"line":218,"column":6},"end":{"line":225,"column":null}},"96":{"start":{"line":219,"column":37},"end":{"line":219,"column":94}},"97":{"start":{"line":220,"column":8},"end":{"line":222,"column":11}},"98":{"start":{"line":223,"column":38},"end":{"line":223,"column":130}},"99":{"start":{"line":223,"column":90},"end":{"line":223,"column":130}},"100":{"start":{"line":224,"column":8},"end":{"line":224,"column":41}},"101":{"start":{"line":228,"column":4},"end":{"line":232,"column":7}},"102":{"start":{"line":230,"column":28},"end":{"line":230,"column":null}},"103":{"start":{"line":235,"column":10},"end":{"line":248,"column":null}},"104":{"start":{"line":235,"column":2},"end":{"line":235,"column":10}},"105":{"start":{"line":236,"column":10},"end":{"line":236,"column":12}},"106":{"start":{"line":236,"column":12},"end":{"line":236,"column":17}},"107":{"start":{"line":236,"column":19},"end":{"line":236,"column":39}},"108":{"start":{"line":237,"column":4},"end":{"line":247,"column":7}},"109":{"start":{"line":240,"column":8},"end":{"line":240,"column":35}},"110":{"start":{"line":250,"column":2},"end":{"line":260,"column":null}},"111":{"start":{"line":251,"column":4},"end":{"line":259,"column":null}},"112":{"start":{"line":252,"column":21},"end":{"line":252,"column":58}},"113":{"start":{"line":253,"column":25},"end":{"line":253,"column":65}},"114":{"start":{"line":254,"column":21},"end":{"line":254,"column":58}},"115":{"start":{"line":255,"column":22},"end":{"line":255,"column":60}},"116":{"start":{"line":256,"column":27},"end":{"line":256,"column":69}},"117":{"start":{"line":257,"column":19},"end":{"line":257,"column":54}},"118":{"start":{"line":258,"column":15},"end":{"line":258,"column":69}},"119":{"start":{"line":285,"column":2},"end":{"line":294,"column":null}},"120":{"start":{"line":286,"column":12},"end":{"line":286,"column":17}},"121":{"start":{"line":288,"column":4},"end":{"line":293,"column":17}},"122":{"start":{"line":296,"column":2},"end":{"line":302,"column":null}},"123":{"start":{"line":297,"column":10},"end":{"line":297,"column":12}},"124":{"start":{"line":297,"column":12},"end":{"line":297,"column":18}},"125":{"start":{"line":297,"column":20},"end":{"line":297,"column":25}},"126":{"start":{"line":297,"column":27},"end":{"line":297,"column":52}},"127":{"start":{"line":298,"column":4},"end":{"line":301,"column":11}},"128":{"start":{"line":303,"column":0},"end":{"line":303,"column":null}},"129":{"start":{"line":72,"column":13},"end":{"line":72,"column":21}}},"fnMap":{"0":{"name":"(anonymous_0)","decl":{"start":{"line":72,"column":0},"end":{"line":72,"column":13}},"loc":{"start":{"line":72,"column":0},"end":{"line":303,"column":null}}},"1":{"name":"AutoForm","decl":{"start":{"line":79,"column":2},"end":{"line":79,"column":14}},"loc":{"start":{"line":79,"column":37},"end":{"line":84,"column":3}}},"2":{"name":"(anonymous_2)","decl":{"start":{"line":86,"column":24},"end":{"line":86,"column":25}},"loc":{"start":{"line":86,"column":55},"end":{"line":91,"column":3}}},"3":{"name":"(anonymous_3)","decl":{"start":{"line":93,"column":24},"end":{"line":93,"column":25}},"loc":{"start":{"line":93,"column":36},"end":{"line":105,"column":3}}},"4":{"name":"(anonymous_4)","decl":{"start":{"line":262,"column":24},"end":{"line":262,"column":25}},"loc":{"start":{"line":262,"column":40},"end":{"line":283,"column":3}}},"5":{"name":"(anonymous_5)","decl":{"start":{"line":73,"column":2},"end":{"line":73,"column":9}},"loc":{"start":{"line":73,"column":36},"end":{"line":77,"column":3}}},"6":{"name":"(anonymous_6)","decl":{"start":{"line":107,"column":2},"end":{"line":107,"column":10}},"loc":{"start":{"line":107,"column":43},"end":{"line":125,"column":3}}},"7":{"name":"(anonymous_7)","decl":{"start":{"line":111,"column":21},"end":{"line":111,"column":22}},"loc":{"start":{"line":111,"column":66},"end":{"line":118,"column":7}}},"8":{"name":"(anonymous_8)","decl":{"start":{"line":127,"column":2},"end":{"line":127,"column":10}},"loc":{"start":{"line":127,"column":46},"end":{"line":141,"column":3}}},"9":{"name":"(anonymous_9)","decl":{"start":{"line":131,"column":21},"end":{"line":131,"column":22}},"loc":{"start":{"line":131,"column":31},"end":{"line":134,"column":7}}},"10":{"name":"(anonymous_10)","decl":{"start":{"line":143,"column":2},"end":{"line":143,"column":10}},"loc":{"start":{"line":143,"column":43},"end":{"line":193,"column":3}}},"11":{"name":"(anonymous_11)","decl":{"start":{"line":149,"column":32},"end":{"line":149,"column":42}},"loc":{"start":{"line":149,"column":42},"end":{"line":172,"column":11}}},"12":{"name":"(anonymous_12)","decl":{"start":{"line":154,"column":25},"end":{"line":154,"column":31}},"loc":{"start":{"line":154,"column":25},"end":{"line":154,"column":35}}},"13":{"name":"(anonymous_13)","decl":{"start":{"line":162,"column":45},"end":{"line":162,"column":55}},"loc":{"start":{"line":162,"column":55},"end":{"line":162,"column":null}}},"14":{"name":"(anonymous_14)","decl":{"start":{"line":166,"column":31},"end":{"line":166,"column":37}},"loc":{"start":{"line":166,"column":31},"end":{"line":166,"column":41}}},"15":{"name":"(anonymous_15)","decl":{"start":{"line":179,"column":16},"end":{"line":179,"column":17}},"loc":{"start":{"line":179,"column":23},"end":{"line":182,"column":7}}},"16":{"name":"(anonymous_16)","decl":{"start":{"line":195,"column":2},"end":{"line":195,"column":10}},"loc":{"start":{"line":195,"column":44},"end":{"line":211,"column":3}}},"17":{"name":"(anonymous_17)","decl":{"start":{"line":201,"column":16},"end":{"line":201,"column":17}},"loc":{"start":{"line":201,"column":23},"end":{"line":204,"column":7}}},"18":{"name":"(anonymous_18)","decl":{"start":{"line":213,"column":2},"end":{"line":213,"column":10}},"loc":{"start":{"line":213,"column":41},"end":{"line":233,"column":3}}},"19":{"name":"(anonymous_19)","decl":{"start":{"line":217,"column":32},"end":{"line":217,"column":33}},"loc":{"start":{"line":217,"column":39},"end":{"line":226,"column":5}}},"20":{"name":"(anonymous_20)","decl":{"start":{"line":223,"column":78},"end":{"line":223,"column":86}},"loc":{"start":{"line":223,"column":86},"end":{"line":223,"column":110}}},"21":{"name":"(anonymous_21)","decl":{"start":{"line":230,"column":16},"end":{"line":230,"column":17}},"loc":{"start":{"line":230,"column":23},"end":{"line":230,"column":32}}},"22":{"name":"(anonymous_22)","decl":{"start":{"line":235,"column":2},"end":{"line":235,"column":10}},"loc":{"start":{"line":235,"column":48},"end":{"line":248,"column":3}}},"23":{"name":"(anonymous_23)","decl":{"start":{"line":239,"column":16},"end":{"line":239,"column":17}},"loc":{"start":{"line":239,"column":23},"end":{"line":241,"column":7}}},"24":{"name":"(anonymous_24)","decl":{"start":{"line":250,"column":2},"end":{"line":250,"column":18}},"loc":{"start":{"line":250,"column":34},"end":{"line":260,"column":3}}},"25":{"name":"(anonymous_25)","decl":{"start":{"line":285,"column":2},"end":{"line":285,"column":14}},"loc":{"start":{"line":285,"column":2},"end":{"line":294,"column":3}}},"26":{"name":"(anonymous_26)","decl":{"start":{"line":296,"column":2},"end":{"line":296,"column":8}},"loc":{"start":{"line":296,"column":2},"end":{"line":302,"column":3}}}},"branchMap":{"0":{"loc":{"start":{"line":80,"column":4},"end":{"line":80,"column":16}},"type":"binary-expr","locations":[{"start":{"line":80,"column":4},"end":{"line":80,"column":16}},{"start":{"line":80,"column":16},"end":{"line":80,"column":null}}]},"1":{"loc":{"start":{"line":88,"column":4},"end":{"line":88,"column":23}},"type":"if","locations":[{"start":{"line":88,"column":4},"end":{"line":88,"column":23}},{"start":{"line":88,"column":4},"end":{"line":88,"column":23}}]},"2":{"loc":{"start":{"line":89,"column":55},"end":{"line":89,"column":84}},"type":"cond-expr","locations":[{"start":{"line":89,"column":55},"end":{"line":89,"column":84}},{"start":{"line":89,"column":87},"end":{"line":89,"column":123}}]},"3":{"loc":{"start":{"line":97,"column":6},"end":{"line":101,"column":null}},"type":"if","locations":[{"start":{"line":97,"column":6},"end":{"line":101,"column":null}},{"start":{"line":97,"column":6},"end":{"line":101,"column":null}}]},"4":{"loc":{"start":{"line":97,"column":10},"end":{"line":97,"column":29}},"type":"binary-expr","locations":[{"start":{"line":97,"column":10},"end":{"line":97,"column":29}},{"start":{"line":97,"column":33},"end":{"line":97,"column":63}}]},"5":{"loc":{"start":{"line":99,"column":13},"end":{"line":101,"column":null}},"type":"if","locations":[{"start":{"line":99,"column":13},"end":{"line":101,"column":null}},{"start":{"line":99,"column":13},"end":{"line":101,"column":null}}]},"6":{"loc":{"start":{"line":99,"column":17},"end":{"line":99,"column":62}},"type":"binary-expr","locations":[{"start":{"line":99,"column":17},"end":{"line":99,"column":62}},{"start":{"line":99,"column":66},"end":{"line":99,"column":122}}]},"7":{"loc":{"start":{"line":264,"column":4},"end":{"line":264,"column":28}},"type":"if","locations":[{"start":{"line":264,"column":4},"end":{"line":264,"column":28}},{"start":{"line":264,"column":4},"end":{"line":264,"column":28}}]},"8":{"loc":{"start":{"line":265,"column":4},"end":{"line":265,"column":64}},"type":"if","locations":[{"start":{"line":265,"column":4},"end":{"line":265,"column":64}},{"start":{"line":265,"column":4},"end":{"line":265,"column":64}}]},"9":{"loc":{"start":{"line":265,"column":8},"end":{"line":265,"column":23}},"type":"binary-expr","locations":[{"start":{"line":265,"column":8},"end":{"line":265,"column":23}},{"start":{"line":265,"column":27},"end":{"line":265,"column":50}}]},"10":{"loc":{"start":{"line":267,"column":18},"end":{"line":267,"column":29}},"type":"binary-expr","locations":[{"start":{"line":267,"column":18},"end":{"line":267,"column":29}},{"start":{"line":267,"column":33},"end":{"line":267,"column":67}}]},"11":{"loc":{"start":{"line":272,"column":8},"end":{"line":272,"column":18}},"type":"binary-expr","locations":[{"start":{"line":272,"column":8},"end":{"line":272,"column":18}},{"start":{"line":273,"column":8},"end":{"line":277,"column":null}}]},"12":{"loc":{"start":{"line":110,"column":13},"end":{"line":110,"column":46}},"type":"binary-expr","locations":[{"start":{"line":110,"column":13},"end":{"line":110,"column":46}},{"start":{"line":110,"column":50},"end":{"line":110,"column":68}}]},"13":{"loc":{"start":{"line":112,"column":8},"end":{"line":115,"column":null}},"type":"if","locations":[{"start":{"line":112,"column":8},"end":{"line":115,"column":null}},{"start":{"line":112,"column":8},"end":{"line":115,"column":null}}]},"14":{"loc":{"start":{"line":116,"column":8},"end":{"line":116,"column":41}},"type":"if","locations":[{"start":{"line":116,"column":8},"end":{"line":116,"column":41}},{"start":{"line":116,"column":8},"end":{"line":116,"column":41}}]},"15":{"loc":{"start":{"line":119,"column":11},"end":{"line":119,"column":20}},"type":"binary-expr","locations":[{"start":{"line":119,"column":11},"end":{"line":119,"column":20}},{"start":{"line":119,"column":24},"end":{"line":119,"column":25}}]},"16":{"loc":{"start":{"line":130,"column":13},"end":{"line":130,"column":46}},"type":"binary-expr","locations":[{"start":{"line":130,"column":13},"end":{"line":130,"column":46}},{"start":{"line":130,"column":50},"end":{"line":130,"column":68}}]},"17":{"loc":{"start":{"line":132,"column":8},"end":{"line":132,"column":29}},"type":"if","locations":[{"start":{"line":132,"column":8},"end":{"line":132,"column":29}},{"start":{"line":132,"column":8},"end":{"line":132,"column":29}}]},"18":{"loc":{"start":{"line":147,"column":6},"end":{"line":172,"column":null}},"type":"cond-expr","locations":[{"start":{"line":147,"column":6},"end":{"line":172,"column":null}},{"start":{"line":175,"column":6},"end":{"line":175,"column":15}}]},"19":{"loc":{"start":{"line":150,"column":12},"end":{"line":171,"column":null}},"type":"if","locations":[{"start":{"line":150,"column":12},"end":{"line":171,"column":null}},{"start":{"line":150,"column":12},"end":{"line":171,"column":null}}]},"20":{"loc":{"start":{"line":178,"column":13},"end":{"line":178,"column":46}},"type":"binary-expr","locations":[{"start":{"line":178,"column":13},"end":{"line":178,"column":46}},{"start":{"line":178,"column":50},"end":{"line":178,"column":68}},{"start":{"line":178,"column":72},"end":{"line":178,"column":74}}]},"21":{"loc":{"start":{"line":181,"column":43},"end":{"line":181,"column":52}},"type":"cond-expr","locations":[{"start":{"line":181,"column":43},"end":{"line":181,"column":52}},{"start":{"line":181,"column":55},"end":{"line":181,"column":56}}]},"22":{"loc":{"start":{"line":185,"column":8},"end":{"line":185,"column":23}},"type":"binary-expr","locations":[{"start":{"line":185,"column":8},"end":{"line":185,"column":23}},{"start":{"line":186,"column":8},"end":{"line":187,"column":null}}]},"23":{"loc":{"start":{"line":198,"column":4},"end":{"line":198,"column":56}},"type":"if","locations":[{"start":{"line":198,"column":4},"end":{"line":198,"column":56}},{"start":{"line":198,"column":4},"end":{"line":198,"column":56}}]},"24":{"loc":{"start":{"line":200,"column":33},"end":{"line":200,"column":39}},"type":"cond-expr","locations":[{"start":{"line":200,"column":33},"end":{"line":200,"column":39}},{"start":{"line":200,"column":42},"end":{"line":200,"column":49}}]},"25":{"loc":{"start":{"line":218,"column":6},"end":{"line":225,"column":null}},"type":"if","locations":[{"start":{"line":218,"column":6},"end":{"line":225,"column":null}},{"start":{"line":218,"column":6},"end":{"line":225,"column":null}}]},"26":{"loc":{"start":{"line":238,"column":14},"end":{"line":238,"column":47}},"type":"binary-expr","locations":[{"start":{"line":238,"column":14},"end":{"line":238,"column":47}},{"start":{"line":238,"column":51},"end":{"line":238,"column":53}}]},"27":{"loc":{"start":{"line":252,"column":6},"end":{"line":252,"column":58}},"type":"switch","locations":[{"start":{"line":252,"column":6},"end":{"line":252,"column":58}},{"start":{"line":253,"column":6},"end":{"line":253,"column":65}},{"start":{"line":254,"column":6},"end":{"line":254,"column":58}},{"start":{"line":255,"column":6},"end":{"line":255,"column":60}},{"start":{"line":256,"column":6},"end":{"line":256,"column":69}},{"start":{"line":257,"column":6},"end":{"line":257,"column":54}},{"start":{"line":258,"column":6},"end":{"line":258,"column":69}}]},"28":{"loc":{"start":{"line":299,"column":7},"end":{"line":299,"column":12}},"type":"binary-expr","locations":[{"start":{"line":299,"column":7},"end":{"line":299,"column":12}},{"start":{"line":299,"column":16},"end":{"line":299,"column":44}}]},"29":{"loc":{"start":{"line":300,"column":7},"end":{"line":300,"column":12}},"type":"binary-expr","locations":[{"start":{"line":300,"column":7},"end":{"line":300,"column":12}},{"start":{"line":300,"column":16},"end":{"line":300,"column":26}},{"start":{"line":300,"column":30},"end":{"line":300,"column":47}},{"start":{"line":300,"column":51},"end":{"line":300,"column":70}}]}},"s":{"0":7,"1":7,"2":7,"3":7,"4":7,"5":7,"6":7,"7":7,"8":7,"9":1,"10":1,"11":0,"12":0,"13":0,"14":0,"15":0,"16":1,"17":0,"18":0,"19":0,"20":0,"21":0,"22":0,"23":0,"24":0,"25":0,"26":0,"27":0,"28":1,"29":0,"30":0,"31":0,"32":0,"33":0,"34":0,"35":0,"36":1,"37":7,"38":0,"39":0,"40":0,"41":7,"42":0,"43":0,"44":0,"45":0,"46":0,"47":0,"48":0,"49":0,"50":0,"51":0,"52":0,"53":7,"54":0,"55":0,"56":0,"57":0,"58":0,"59":0,"60":0,"61":0,"62":7,"63":0,"64":0,"65":0,"66":0,"67":0,"68":0,"69":0,"70":0,"71":0,"72":0,"73":0,"74":0,"75":0,"76":0,"77":7,"78":0,"79":0,"80":0,"81":0,"82":0,"83":0,"84":0,"85":0,"86":0,"87":0,"88":7,"89":0,"90":0,"91":0,"92":0,"93":0,"94":0,"95":0,"96":0,"97":0,"98":0,"99":0,"100":0,"101":0,"102":0,"103":7,"104":0,"105":0,"106":0,"107":0,"108":0,"109":0,"110":7,"111":0,"112":0,"113":0,"114":0,"115":0,"116":0,"117":0,"118":0,"119":7,"120":0,"121":0,"122":7,"123":1,"124":1,"125":1,"126":1,"127":1,"128":7,"129":7},"f":{"0":7,"1":1,"2":0,"3":0,"4":0,"5":0,"6":0,"7":0,"8":0,"9":0,"10":0,"11":0,"12":0,"13":0,"14":0,"15":0,"16":0,"17":0,"18":0,"19":0,"20":0,"21":0,"22":0,"23":0,"24":0,"25":0,"26":1},"b":{"0":[1,1],"1":[0,0],"2":[0,0],"3":[0,0],"4":[0,0],"5":[0,0],"6":[0,0],"7":[0,0],"8":[0,0],"9":[0,0],"10":[0,0],"11":[0,0],"12":[0,0],"13":[0,0],"14":[0,0],"15":[0,0],"16":[0,0],"17":[0,0],"18":[0,0],"19":[0,0],"20":[0,0,0],"21":[0,0],"22":[0,0],"23":[0,0],"24":[0,0],"25":[0,0],"26":[0,0],"27":[0,0,0,0,0,0,0],"28":[1,0],"29":[1,0,0,0]}}
,"/Users/maggiebrewster/druid/web-console/src/components/center-message/center-message.tsx": {"path":"/Users/maggiebrewster/druid/web-console/src/components/center-message/center-message.tsx","statementMap":{"0":{"start":{"line":19,"column":0},"end":{"line":19,"column":31}},"1":{"start":{"line":21,"column":0},"end":{"line":21,"column":31}},"2":{"start":{"line":26,"column":0},"end":{"line":26,"column":74}},"3":{"start":{"line":26,"column":35},"end":{"line":26,"column":40}},"4":{"start":{"line":27,"column":2},"end":{"line":33,"column":null}},"5":{"start":{"line":28,"column":4},"end":{"line":32,"column":11}},"6":{"start":{"line":34,"column":0},"end":{"line":34,"column":null}},"7":{"start":{"line":26,"column":13},"end":{"line":26,"column":26}}},"fnMap":{"0":{"name":"(anonymous_0)","decl":{"start":{"line":26,"column":0},"end":{"line":26,"column":13}},"loc":{"start":{"line":26,"column":0},"end":{"line":34,"column":null}}},"1":{"name":"(anonymous_2)","decl":{"start":{"line":27,"column":2},"end":{"line":27,"column":8}},"loc":{"start":{"line":27,"column":2},"end":{"line":33,"column":3}}}},"branchMap":{},"s":{"0":6,"1":6,"2":6,"3":6,"4":6,"5":1,"6":6,"7":6},"f":{"0":7,"1":1},"b":{}}
,"/Users/maggiebrewster/druid/web-console/src/components/clearable-input/clearable-input.tsx": {"path":"/Users/maggiebrewster/druid/web-console/src/components/clearable-input/clearable-input.tsx","statementMap":{"0":{"start":{"line":19,"column":0},"end":{"line":19,"column":55}},"1":{"start":{"line":20,"column":0},"end":{"line":20,"column":47}},"2":{"start":{"line":21,"column":0},"end":{"line":21,"column":36}},"3":{"start":{"line":22,"column":0},"end":{"line":22,"column":31}},"4":{"start":{"line":31,"column":0},"end":{"line":31,"column":76}},"5":{"start":{"line":31,"column":36},"end":{"line":31,"column":41}},"6":{"start":{"line":32,"column":2},"end":{"line":42,"column":null}},"7":{"start":{"line":33,"column":10},"end":{"line":33,"column":12}},"8":{"start":{"line":33,"column":12},"end":{"line":33,"column":21}},"9":{"start":{"line":33,"column":23},"end":{"line":33,"column":28}},"10":{"start":{"line":33,"column":30},"end":{"line":33,"column":38}},"11":{"start":{"line":33,"column":40},"end":{"line":33,"column":66}},"12":{"start":{"line":35,"column":4},"end":{"line":41,"column":7}},"13":{"start":{"line":38,"column":28},"end":{"line":38,"column":null}},"14":{"start":{"line":39,"column":82},"end":{"line":39,"column":98}},"15":{"start":{"line":43,"column":0},"end":{"line":43,"column":null}},"16":{"start":{"line":31,"column":13},"end":{"line":31,"column":27}}},"fnMap":{"0":{"name":"(anonymous_0)","decl":{"start":{"line":31,"column":0},"end":{"line":31,"column":13}},"loc":{"start":{"line":31,"column":0},"end":{"line":43,"column":null}}},"1":{"name":"(anonymous_2)","decl":{"start":{"line":32,"column":2},"end":{"line":32,"column":8}},"loc":{"start":{"line":32,"column":2},"end":{"line":42,"column":3}}},"2":{"name":"(anonymous_3)","decl":{"start":{"line":38,"column":16},"end":{"line":38,"column":17}},"loc":{"start":{"line":38,"column":23},"end":{"line":38,"column":36}}},"3":{"name":"(anonymous_4)","decl":{"start":{"line":39,"column":76},"end":{"line":39,"column":82}},"loc":{"start":{"line":39,"column":76},"end":{"line":39,"column":90}}}},"branchMap":{"0":{"loc":{"start":{"line":39,"column":28},"end":{"line":39,"column":98}},"type":"cond-expr","locations":[{"start":{"line":39,"column":28},"end":{"line":39,"column":98}},{"start":{"line":39,"column":101},"end":{"line":39,"column":110}}]}},"s":{"0":6,"1":6,"2":6,"3":6,"4":6,"5":6,"6":6,"7":1,"8":1,"9":1,"10":1,"11":1,"12":1,"13":0,"14":0,"15":6,"16":6},"f":{"0":7,"1":1,"2":0,"3":0},"b":{"0":[1,0]}}
,"/Users/maggiebrewster/druid/web-console/src/components/external-link/external-link.tsx": {"path":"/Users/maggiebrewster/druid/web-console/src/components/external-link/external-link.tsx","statementMap":{"0":{"start":{"line":19,"column":0},"end":{"line":19,"column":31}},"1":{"start":{"line":25,"column":0},"end":{"line":25,"column":72}},"2":{"start":{"line":25,"column":34},"end":{"line":25,"column":39}},"3":{"start":{"line":26,"column":2},"end":{"line":35,"column":null}},"4":{"start":{"line":27,"column":10},"end":{"line":27,"column":12}},"5":{"start":{"line":27,"column":12},"end":{"line":27,"column":16}},"6":{"start":{"line":27,"column":18},"end":{"line":27,"column":41}},"7":{"start":{"line":29,"column":4},"end":{"line":34,"column":9}},"8":{"start":{"line":36,"column":0},"end":{"line":36,"column":null}},"9":{"start":{"line":25,"column":13},"end":{"line":25,"column":25}}},"fnMap":{"0":{"name":"(anonymous_0)","decl":{"start":{"line":25,"column":0},"end":{"line":25,"column":13}},"loc":{"start":{"line":25,"column":0},"end":{"line":36,"column":null}}},"1":{"name":"(anonymous_2)","decl":{"start":{"line":26,"column":2},"end":{"line":26,"column":8}},"loc":{"start":{"line":26,"column":2},"end":{"line":35,"column":3}}}},"branchMap":{},"s":{"0":7,"1":7,"2":7,"3":7,"4":1,"5":1,"6":1,"7":1,"8":7,"9":7},"f":{"0":8,"1":1},"b":{}}
,"/Users/maggiebrewster/druid/web-console/src/components/header-bar/header-bar.tsx": {"path":"/Users/maggiebrewster/druid/web-console/src/components/header-bar/header-bar.tsx","statementMap":{"0":{"start":{"line":19,"column":0},"end":{"line":19,"column":null}},"1":{"start":{"line":32,"column":0},"end":{"line":32,"column":47}},"2":{"start":{"line":34,"column":0},"end":{"line":34,"column":31}},"3":{"start":{"line":36,"column":0},"end":{"line":36,"column":70}},"4":{"start":{"line":37,"column":0},"end":{"line":37,"column":117}},"5":{"start":{"line":38,"column":0},"end":{"line":38,"column":108}},"6":{"start":{"line":40,"column":0},"end":{"line":40,"column":null}},"7":{"start":{"line":49,"column":0},"end":{"line":49,"column":27}},"8":{"start":{"line":65,"column":0},"end":{"line":65,"column":78}},"9":{"start":{"line":65,"column":31},"end":{"line":65,"column":36}},"10":{"start":{"line":67,"column":4},"end":{"line":67,"column":null}},"11":{"start":{"line":68,"column":4},"end":{"line":72,"column":6}},"12":{"start":{"line":75,"column":2},"end":{"line":122,"column":null}},"13":{"start":{"line":76,"column":4},"end":{"line":121,"column":11}},"14":{"start":{"line":124,"column":2},"end":{"line":207,"column":null}},"15":{"start":{"line":124,"column":2},"end":{"line":124,"column":8}},"16":{"start":{"line":125,"column":10},"end":{"line":125,"column":12}},"17":{"start":{"line":125,"column":12},"end":{"line":125,"column":18}},"18":{"start":{"line":125,"column":20},"end":{"line":125,"column":45}},"19":{"start":{"line":126,"column":10},"end":{"line":126,"column":12}},"20":{"start":{"line":126,"column":12},"end":{"line":126,"column":27}},"21":{"start":{"line":126,"column":29},"end":{"line":126,"column":63}},"22":{"start":{"line":126,"column":65},"end":{"line":126,"column":111}},"23":{"start":{"line":128,"column":28},"end":{"line":128,"column":33}},"24":{"start":{"line":130,"column":23},"end":{"line":132,"column":null}},"25":{"start":{"line":135,"column":21},"end":{"line":139,"column":null}},"26":{"start":{"line":136,"column":67},"end":{"line":136,"column":111}},"27":{"start":{"line":142,"column":23},"end":{"line":145,"column":null}},"28":{"start":{"line":143,"column":91},"end":{"line":143,"column":153}},"29":{"start":{"line":144,"column":86},"end":{"line":144,"column":145}},"30":{"start":{"line":148,"column":4},"end":{"line":206,"column":14}},"31":{"start":{"line":191,"column":25},"end":{"line":191,"column":null}},"32":{"start":{"line":197,"column":25},"end":{"line":197,"column":null}},"33":{"start":{"line":203,"column":25},"end":{"line":203,"column":null}},"34":{"start":{"line":208,"column":0},"end":{"line":208,"column":null}},"35":{"start":{"line":65,"column":13},"end":{"line":65,"column":22}}},"fnMap":{"0":{"name":"(anonymous_0)","decl":{"start":{"line":65,"column":0},"end":{"line":65,"column":13}},"loc":{"start":{"line":65,"column":0},"end":{"line":208,"column":null}}},"1":{"name":"HeaderBar","decl":{"start":{"line":66,"column":2},"end":{"line":66,"column":14}},"loc":{"start":{"line":66,"column":35},"end":{"line":73,"column":3}}},"2":{"name":"(anonymous_2)","decl":{"start":{"line":75,"column":2},"end":{"line":75,"column":12}},"loc":{"start":{"line":75,"column":2},"end":{"line":122,"column":3}}},"3":{"name":"(anonymous_3)","decl":{"start":{"line":124,"column":2},"end":{"line":124,"column":8}},"loc":{"start":{"line":124,"column":2},"end":{"line":207,"column":3}}},"4":{"name":"(anonymous_4)","decl":{"start":{"line":136,"column":61},"end":{"line":136,"column":67}},"loc":{"start":{"line":136,"column":61},"end":{"line":136,"column":71}}},"5":{"name":"(anonymous_5)","decl":{"start":{"line":143,"column":85},"end":{"line":143,"column":91}},"loc":{"start":{"line":143,"column":85},"end":{"line":143,"column":95}}},"6":{"name":"(anonymous_6)","decl":{"start":{"line":144,"column":80},"end":{"line":144,"column":86}},"loc":{"start":{"line":144,"column":80},"end":{"line":144,"column":90}}},"7":{"name":"(anonymous_7)","decl":{"start":{"line":191,"column":19},"end":{"line":191,"column":25}},"loc":{"start":{"line":191,"column":19},"end":{"line":191,"column":29}}},"8":{"name":"(anonymous_8)","decl":{"start":{"line":197,"column":19},"end":{"line":197,"column":25}},"loc":{"start":{"line":197,"column":19},"end":{"line":197,"column":29}}},"9":{"name":"(anonymous_9)","decl":{"start":{"line":203,"column":19},"end":{"line":203,"column":25}},"loc":{"start":{"line":203,"column":19},"end":{"line":203,"column":29}}}},"branchMap":{"0":{"loc":{"start":{"line":67,"column":4},"end":{"line":67,"column":16}},"type":"binary-expr","locations":[{"start":{"line":67,"column":4},"end":{"line":67,"column":16}},{"start":{"line":67,"column":16},"end":{"line":67,"column":null}}]},"1":{"loc":{"start":{"line":161,"column":36},"end":{"line":161,"column":50}},"type":"cond-expr","locations":[{"start":{"line":161,"column":36},"end":{"line":161,"column":50}},{"start":{"line":161,"column":53},"end":{"line":161,"column":64}}]},"2":{"loc":{"start":{"line":176,"column":10},"end":{"line":176,"column":21}},"type":"binary-expr","locations":[{"start":{"line":176,"column":10},"end":{"line":176,"column":21}},{"start":{"line":177,"column":10},"end":{"line":178,"column":null}}]},"3":{"loc":{"start":{"line":189,"column":8},"end":{"line":189,"column":23}},"type":"binary-expr","locations":[{"start":{"line":189,"column":8},"end":{"line":189,"column":23}},{"start":{"line":190,"column":8},"end":{"line":191,"column":null}}]},"4":{"loc":{"start":{"line":195,"column":8},"end":{"line":195,"column":42}},"type":"binary-expr","locations":[{"start":{"line":195,"column":8},"end":{"line":195,"column":42}},{"start":{"line":196,"column":8},"end":{"line":197,"column":null}}]},"5":{"loc":{"start":{"line":201,"column":8},"end":{"line":201,"column":39}},"type":"binary-expr","locations":[{"start":{"line":201,"column":8},"end":{"line":201,"column":39}},{"start":{"line":202,"column":8},"end":{"line":203,"column":null}}]}},"s":{"0":6,"1":6,"2":6,"3":6,"4":6,"5":6,"6":6,"7":6,"8":6,"9":6,"10":1,"11":1,"12":6,"13":1,"14":6,"15":1,"16":1,"17":1,"18":1,"19":1,"20":1,"21":1,"22":1,"23":1,"24":1,"25":1,"26":0,"27":1,"28":0,"29":0,"30":1,"31":0,"32":0,"33":0,"34":6,"35":6},"f":{"0":6,"1":1,"2":1,"3":1,"4":0,"5":0,"6":0,"7":0,"8":0,"9":0},"b":{"0":[1,1],"1":[0,1],"2":[1,1],"3":[1,0],"4":[1,0],"5":[1,0]}}
,"/Users/maggiebrewster/druid/web-console/src/components/json-collapse/json-collapse.tsx": {"path":"/Users/maggiebrewster/druid/web-console/src/components/json-collapse/json-collapse.tsx","statementMap":{"0":{"start":{"line":19,"column":0},"end":{"line":19,"column":63}},"1":{"start":{"line":21,"column":0},"end":{"line":21,"column":31}},"2":{"start":{"line":32,"column":0},"end":{"line":32,"column":87}},"3":{"start":{"line":32,"column":34},"end":{"line":32,"column":39}},"4":{"start":{"line":34,"column":4},"end":{"line":34,"column":null}},"5":{"start":{"line":35,"column":4},"end":{"line":37,"column":6}},"6":{"start":{"line":40,"column":2},"end":{"line":60,"column":null}},"7":{"start":{"line":40,"column":2},"end":{"line":40,"column":8}},"8":{"start":{"line":41,"column":10},"end":{"line":41,"column":12}},"9":{"start":{"line":41,"column":12},"end":{"line":41,"column":23}},"10":{"start":{"line":41,"column":25},"end":{"line":41,"column":49}},"11":{"start":{"line":42,"column":12},"end":{"line":42,"column":18}},"12":{"start":{"line":43,"column":24},"end":{"line":43,"column":77}},"13":{"start":{"line":44,"column":4},"end":{"line":59,"column":11}},"14":{"start":{"line":48,"column":23},"end":{"line":48,"column":null}},"15":{"start":{"line":61,"column":0},"end":{"line":61,"column":null}},"16":{"start":{"line":32,"column":13},"end":{"line":32,"column":25}}},"fnMap":{"0":{"name":"(anonymous_0)","decl":{"start":{"line":32,"column":0},"end":{"line":32,"column":13}},"loc":{"start":{"line":32,"column":0},"end":{"line":61,"column":null}}},"1":{"name":"JSONCollapse","decl":{"start":{"line":33,"column":2},"end":{"line":33,"column":14}},"loc":{"start":{"line":33,"column":24},"end":{"line":38,"column":3}}},"2":{"name":"(anonymous_2)","decl":{"start":{"line":40,"column":2},"end":{"line":40,"column":8}},"loc":{"start":{"line":40,"column":2},"end":{"line":60,"column":3}}},"3":{"name":"(anonymous_3)","decl":{"start":{"line":48,"column":17},"end":{"line":48,"column":23}},"loc":{"start":{"line":48,"column":17},"end":{"line":48,"column":27}}}},"branchMap":{"0":{"loc":{"start":{"line":34,"column":4},"end":{"line":34,"column":16}},"type":"binary-expr","locations":[{"start":{"line":34,"column":4},"end":{"line":34,"column":16}},{"start":{"line":34,"column":16},"end":{"line":34,"column":null}}]}},"s":{"0":8,"1":8,"2":8,"3":8,"4":1,"5":1,"6":8,"7":1,"8":1,"9":1,"10":1,"11":1,"12":1,"13":1,"14":0,"15":8,"16":8},"f":{"0":8,"1":1,"2":1,"3":0},"b":{"0":[1,1]}}
,"/Users/maggiebrewster/druid/web-console/src/components/json-input/json-input.tsx": {"path":"/Users/maggiebrewster/druid/web-console/src/components/json-input/json-input.tsx","statementMap":{"0":{"start":{"line":19,"column":0},"end":{"line":19,"column":31}},"1":{"start":{"line":20,"column":0},"end":{"line":20,"column":34}},"2":{"start":{"line":22,"column":0},"end":{"line":22,"column":74}},"3":{"start":{"line":37,"column":0},"end":{"line":37,"column":78}},"4":{"start":{"line":37,"column":31},"end":{"line":37,"column":36}},"5":{"start":{"line":39,"column":4},"end":{"line":39,"column":null}},"6":{"start":{"line":40,"column":4},"end":{"line":42,"column":6}},"7":{"start":{"line":45,"column":2},"end":{"line":51,"column":null}},"8":{"start":{"line":46,"column":12},"end":{"line":46,"column":17}},"9":{"start":{"line":47,"column":24},"end":{"line":47,"column":44}},"10":{"start":{"line":48,"column":4},"end":{"line":50,"column":7}},"11":{"start":{"line":53,"column":2},"end":{"line":59,"column":null}},"12":{"start":{"line":54,"column":4},"end":{"line":58,"column":null}},"13":{"start":{"line":55,"column":6},"end":{"line":57,"column":9}},"14":{"start":{"line":61,"column":2},"end":{"line":91,"column":null}},"15":{"start":{"line":61,"column":2},"end":{"line":61,"column":8}},"16":{"start":{"line":62,"column":10},"end":{"line":62,"column":12}},"17":{"start":{"line":62,"column":12},"end":{"line":62,"column":20}},"18":{"start":{"line":62,"column":22},"end":{"line":62,"column":41}},"19":{"start":{"line":62,"column":43},"end":{"line":62,"column":48}},"20":{"start":{"line":62,"column":50},"end":{"line":62,"column":55}},"21":{"start":{"line":62,"column":57},"end":{"line":62,"column":78}},"22":{"start":{"line":63,"column":12},"end":{"line":63,"column":23}},"23":{"start":{"line":64,"column":4},"end":{"line":90,"column":7}},"24":{"start":{"line":70,"column":8},"end":{"line":70,"column":40}},"25":{"start":{"line":71,"column":8},"end":{"line":71,"column":69}},"26":{"start":{"line":71,"column":38},"end":{"line":71,"column":69}},"27":{"start":{"line":72,"column":8},"end":{"line":72,"column":79}},"28":{"start":{"line":72,"column":33},"end":{"line":72,"column":79}},"29":{"start":{"line":92,"column":0},"end":{"line":92,"column":null}},"30":{"start":{"line":37,"column":13},"end":{"line":37,"column":22}}},"fnMap":{"0":{"name":"(anonymous_0)","decl":{"start":{"line":37,"column":0},"end":{"line":37,"column":13}},"loc":{"start":{"line":37,"column":0},"end":{"line":92,"column":null}}},"1":{"name":"JSONInput","decl":{"start":{"line":38,"column":2},"end":{"line":38,"column":14}},"loc":{"start":{"line":38,"column":35},"end":{"line":43,"column":3}}},"2":{"name":"(anonymous_2)","decl":{"start":{"line":45,"column":2},"end":{"line":45,"column":19}},"loc":{"start":{"line":45,"column":2},"end":{"line":51,"column":3}}},"3":{"name":"(anonymous_3)","decl":{"start":{"line":53,"column":2},"end":{"line":53,"column":27}},"loc":{"start":{"line":53,"column":53},"end":{"line":59,"column":3}}},"4":{"name":"(anonymous_4)","decl":{"start":{"line":61,"column":2},"end":{"line":61,"column":8}},"loc":{"start":{"line":61,"column":2},"end":{"line":91,"column":3}}},"5":{"name":"(anonymous_5)","decl":{"start":{"line":69,"column":16},"end":{"line":69,"column":17}},"loc":{"start":{"line":69,"column":26},"end":{"line":73,"column":7}}}},"branchMap":{"0":{"loc":{"start":{"line":39,"column":4},"end":{"line":39,"column":16}},"type":"binary-expr","locations":[{"start":{"line":39,"column":4},"end":{"line":39,"column":16}},{"start":{"line":39,"column":16},"end":{"line":39,"column":null}}]},"1":{"loc":{"start":{"line":54,"column":4},"end":{"line":58,"column":null}},"type":"if","locations":[{"start":{"line":54,"column":4},"end":{"line":58,"column":null}},{"start":{"line":54,"column":4},"end":{"line":58,"column":null}}]},"2":{"loc":{"start":{"line":71,"column":8},"end":{"line":71,"column":69}},"type":"if","locations":[{"start":{"line":71,"column":8},"end":{"line":71,"column":69}},{"start":{"line":71,"column":8},"end":{"line":71,"column":69}}]},"3":{"loc":{"start":{"line":71,"column":12},"end":{"line":71,"column":24}},"type":"binary-expr","locations":[{"start":{"line":71,"column":12},"end":{"line":71,"column":24}},{"start":{"line":71,"column":28},"end":{"line":71,"column":36}}]},"4":{"loc":{"start":{"line":72,"column":8},"end":{"line":72,"column":79}},"type":"if","locations":[{"start":{"line":72,"column":8},"end":{"line":72,"column":79}},{"start":{"line":72,"column":8},"end":{"line":72,"column":79}}]},"5":{"loc":{"start":{"line":72,"column":53},"end":{"line":72,"column":65}},"type":"binary-expr","locations":[{"start":{"line":72,"column":53},"end":{"line":72,"column":65}},{"start":{"line":72,"column":69},"end":{"line":72,"column":77}}]},"6":{"loc":{"start":{"line":76,"column":13},"end":{"line":76,"column":18}},"type":"binary-expr","locations":[{"start":{"line":76,"column":13},"end":{"line":76,"column":18}},{"start":{"line":76,"column":22},"end":{"line":76,"column":28}}]},"7":{"loc":{"start":{"line":77,"column":14},"end":{"line":77,"column":20}},"type":"binary-expr","locations":[{"start":{"line":77,"column":14},"end":{"line":77,"column":20}},{"start":{"line":77,"column":24},"end":{"line":77,"column":29}}]}},"s":{"0":8,"1":8,"2":8,"3":8,"4":8,"5":1,"6":1,"7":8,"8":1,"9":1,"10":1,"11":8,"12":0,"13":0,"14":8,"15":2,"16":2,"17":2,"18":2,"19":2,"20":2,"21":2,"22":2,"23":2,"24":0,"25":0,"26":0,"27":0,"28":0,"29":8,"30":8},"f":{"0":8,"1":1,"2":1,"3":0,"4":2,"5":0},"b":{"0":[1,1],"1":[0,0],"2":[0,0],"3":[0,0],"4":[0,0],"5":[0,0],"6":[2,2],"7":[2,2]}}
,"/Users/maggiebrewster/druid/web-console/src/components/loader/loader.tsx": {"path":"/Users/maggiebrewster/druid/web-console/src/components/loader/loader.tsx","statementMap":{"0":{"start":{"line":19,"column":0},"end":{"line":19,"column":31}},"1":{"start":{"line":21,"column":0},"end":{"line":21,"column":23}},"2":{"start":{"line":31,"column":0},"end":{"line":31,"column":69}},"3":{"start":{"line":31,"column":28},"end":{"line":31,"column":33}},"4":{"start":{"line":33,"column":2},"end":{"line":65,"column":null}},"5":{"start":{"line":34,"column":10},"end":{"line":34,"column":12}},"6":{"start":{"line":34,"column":12},"end":{"line":34,"column":23}},"7":{"start":{"line":34,"column":25},"end":{"line":34,"column":47}},"8":{"start":{"line":35,"column":4},"end":{"line":35,"column":30}},"9":{"start":{"line":35,"column":18},"end":{"line":35,"column":30}},"10":{"start":{"line":37,"column":4},"end":{"line":64,"column":11}},"11":{"start":{"line":66,"column":0},"end":{"line":66,"column":null}},"12":{"start":{"line":31,"column":13},"end":{"line":31,"column":19}}},"fnMap":{"0":{"name":"(anonymous_0)","decl":{"start":{"line":31,"column":0},"end":{"line":31,"column":13}},"loc":{"start":{"line":31,"column":0},"end":{"line":66,"column":null}}},"1":{"name":"(anonymous_2)","decl":{"start":{"line":33,"column":2},"end":{"line":33,"column":8}},"loc":{"start":{"line":33,"column":2},"end":{"line":65,"column":3}}}},"branchMap":{"0":{"loc":{"start":{"line":35,"column":4},"end":{"line":35,"column":30}},"type":"if","locations":[{"start":{"line":35,"column":4},"end":{"line":35,"column":30}},{"start":{"line":35,"column":4},"end":{"line":35,"column":30}}]},"1":{"loc":{"start":{"line":62,"column":23},"end":{"line":62,"column":65}},"type":"cond-expr","locations":[{"start":{"line":62,"column":23},"end":{"line":62,"column":65}},{"start":{"line":62,"column":68},"end":{"line":62,"column":72}}]}},"s":{"0":6,"1":6,"2":6,"3":6,"4":6,"5":1,"6":1,"7":1,"8":1,"9":1,"10":0,"11":6,"12":6},"f":{"0":7,"1":1},"b":{"0":[1,0],"1":[0,0]}}
,"/Users/maggiebrewster/druid/web-console/src/components/menu-checkbox/menu-checkbox.tsx": {"path":"/Users/maggiebrewster/druid/web-console/src/components/menu-checkbox/menu-checkbox.tsx","statementMap":{"0":{"start":{"line":19,"column":0},"end":{"line":19,"column":61}},"1":{"start":{"line":20,"column":0},"end":{"line":20,"column":31}},"2":{"start":{"line":22,"column":0},"end":{"line":22,"column":30}},"3":{"start":{"line":24,"column":0},"end":{"line":24,"column":69}},"4":{"start":{"line":24,"column":34},"end":{"line":24,"column":39}},"5":{"start":{"line":26,"column":2},"end":{"line":30,"column":null}},"6":{"start":{"line":27,"column":4},"end":{"line":29,"column":10}},"7":{"start":{"line":31,"column":0},"end":{"line":31,"column":null}},"8":{"start":{"line":24,"column":13},"end":{"line":24,"column":25}}},"fnMap":{"0":{"name":"(anonymous_0)","decl":{"start":{"line":24,"column":0},"end":{"line":24,"column":13}},"loc":{"start":{"line":24,"column":0},"end":{"line":31,"column":null}}},"1":{"name":"(anonymous_2)","decl":{"start":{"line":26,"column":2},"end":{"line":26,"column":8}},"loc":{"start":{"line":26,"column":2},"end":{"line":30,"column":3}}}},"branchMap":{},"s":{"0":9,"1":9,"2":9,"3":9,"4":9,"5":9,"6":1,"7":9,"8":9},"f":{"0":10,"1":1},"b":{}}
,"/Users/maggiebrewster/druid/web-console/src/components/null-table-cell/null-table-cell.tsx": {"path":"/Users/maggiebrewster/druid/web-console/src/components/null-table-cell/null-table-cell.tsx","statementMap":{"0":{"start":{"line":20,"column":0},"end":{"line":20,"column":31}},"1":{"start":{"line":22,"column":0},"end":{"line":22,"column":32}},"2":{"start":{"line":30,"column":0},"end":{"line":30,"column":74}},"3":{"start":{"line":30,"column":35},"end":{"line":30,"column":40}},"4":{"start":{"line":31,"column":2},"end":{"line":44,"column":null}},"5":{"start":{"line":32,"column":10},"end":{"line":32,"column":12}},"6":{"start":{"line":32,"column":12},"end":{"line":32,"column":17}},"7":{"start":{"line":32,"column":19},"end":{"line":32,"column":28}},"8":{"start":{"line":32,"column":30},"end":{"line":32,"column":56}},"9":{"start":{"line":33,"column":4},"end":{"line":43,"column":null}},"10":{"start":{"line":34,"column":6},"end":{"line":34,"column":76}},"11":{"start":{"line":35,"column":11},"end":{"line":43,"column":null}},"12":{"start":{"line":36,"column":6},"end":{"line":40,"column":null}},"13":{"start":{"line":37,"column":8},"end":{"line":37,"column":112}},"14":{"start":{"line":39,"column":8},"end":{"line":39,"column":21}},"15":{"start":{"line":42,"column":6},"end":{"line":42,"column":64}},"16":{"start":{"line":45,"column":0},"end":{"line":45,"column":null}},"17":{"start":{"line":30,"column":13},"end":{"line":30,"column":26}}},"fnMap":{"0":{"name":"(anonymous_0)","decl":{"start":{"line":30,"column":0},"end":{"line":30,"column":13}},"loc":{"start":{"line":30,"column":0},"end":{"line":45,"column":null}}},"1":{"name":"(anonymous_2)","decl":{"start":{"line":31,"column":2},"end":{"line":31,"column":8}},"loc":{"start":{"line":31,"column":2},"end":{"line":44,"column":3}}}},"branchMap":{"0":{"loc":{"start":{"line":33,"column":4},"end":{"line":43,"column":null}},"type":"if","locations":[{"start":{"line":33,"column":4},"end":{"line":43,"column":null}},{"start":{"line":33,"column":4},"end":{"line":43,"column":null}}]},"1":{"loc":{"start":{"line":35,"column":11},"end":{"line":43,"column":null}},"type":"if","locations":[{"start":{"line":35,"column":11},"end":{"line":43,"column":null}},{"start":{"line":35,"column":11},"end":{"line":43,"column":null}}]},"2":{"loc":{"start":{"line":35,"column":15},"end":{"line":35,"column":27}},"type":"binary-expr","locations":[{"start":{"line":35,"column":15},"end":{"line":35,"column":27}},{"start":{"line":35,"column":31},"end":{"line":35,"column":44}}]},"3":{"loc":{"start":{"line":36,"column":6},"end":{"line":40,"column":null}},"type":"if","locations":[{"start":{"line":36,"column":6},"end":{"line":40,"column":null}},{"start":{"line":36,"column":6},"end":{"line":40,"column":null}}]}},"s":{"0":6,"1":6,"2":6,"3":6,"4":6,"5":1,"6":1,"7":1,"8":1,"9":1,"10":0,"11":1,"12":1,"13":0,"14":1,"15":0,"16":6,"17":6},"f":{"0":7,"1":1},"b":{"0":[0,1],"1":[1,0],"2":[1,1],"3":[0,1]}}
,"/Users/maggiebrewster/druid/web-console/src/components/rule-editor/rule-editor.tsx": {"path":"/Users/maggiebrewster/druid/web-console/src/components/rule-editor/rule-editor.tsx","statementMap":{"0":{"start":{"line":19,"column":0},"end":{"line":19,"column":132}},"1":{"start":{"line":20,"column":0},"end":{"line":20,"column":47}},"2":{"start":{"line":22,"column":0},"end":{"line":22,"column":31}},"3":{"start":{"line":24,"column":0},"end":{"line":24,"column":28}},"4":{"start":{"line":50,"column":0},"end":{"line":50,"column":81}},"5":{"start":{"line":50,"column":32},"end":{"line":50,"column":37}},"6":{"start":{"line":108,"column":4},"end":{"line":108,"column":null}},"7":{"start":{"line":114,"column":10},"end":{"line":122,"column":null}},"8":{"start":{"line":115,"column":10},"end":{"line":115,"column":12}},"9":{"start":{"line":115,"column":12},"end":{"line":115,"column":16}},"10":{"start":{"line":115,"column":18},"end":{"line":115,"column":41}},"11":{"start":{"line":117,"column":30},"end":{"line":117,"column":70}},"12":{"start":{"line":118,"column":4},"end":{"line":118,"column":34}},"13":{"start":{"line":120,"column":20},"end":{"line":120,"column":82}},"14":{"start":{"line":121,"column":4},"end":{"line":121,"column":22}},"15":{"start":{"line":124,"column":10},"end":{"line":139,"column":null}},"16":{"start":{"line":125,"column":10},"end":{"line":125,"column":12}},"17":{"start":{"line":125,"column":12},"end":{"line":125,"column":16}},"18":{"start":{"line":125,"column":18},"end":{"line":125,"column":26}},"19":{"start":{"line":125,"column":28},"end":{"line":125,"column":48}},"20":{"start":{"line":127,"column":22},"end":{"line":127,"column":30}},"21":{"start":{"line":129,"column":4},"end":{"line":136,"column":null}},"22":{"start":{"line":130,"column":6},"end":{"line":135,"column":null}},"23":{"start":{"line":130,"column":25},"end":{"line":130,"column":30}},"24":{"start":{"line":130,"column":21},"end":{"line":130,"column":25}},"25":{"start":{"line":131,"column":8},"end":{"line":134,"column":null}},"26":{"start":{"line":132,"column":10},"end":{"line":132,"column":29}},"27":{"start":{"line":133,"column":10},"end":{"line":133,"column":16}},"28":{"start":{"line":138,"column":4},"end":{"line":138,"column":69}},"29":{"start":{"line":109,"column":4},"end":{"line":111,"column":6}},"30":{"start":{"line":51,"column":9},"end":{"line":53,"column":null}},"31":{"start":{"line":52,"column":4},"end":{"line":52,"column":109}},"32":{"start":{"line":55,"column":9},"end":{"line":59,"column":null}},"33":{"start":{"line":56,"column":14},"end":{"line":56,"column":61}},"34":{"start":{"line":57,"column":4},"end":{"line":57,"column":65}},"35":{"start":{"line":57,"column":12},"end":{"line":57,"column":65}},"36":{"start":{"line":58,"column":4},"end":{"line":58,"column":23}},"37":{"start":{"line":61,"column":9},"end":{"line":65,"column":null}},"38":{"start":{"line":62,"column":14},"end":{"line":62,"column":61}},"39":{"start":{"line":63,"column":4},"end":{"line":63,"column":65}},"40":{"start":{"line":63,"column":12},"end":{"line":63,"column":65}},"41":{"start":{"line":64,"column":4},"end":{"line":64,"column":23}},"42":{"start":{"line":67,"column":9},"end":{"line":72,"column":null}},"43":{"start":{"line":68,"column":20},"end":{"line":68,"column":94}},"44":{"start":{"line":69,"column":4},"end":{"line":69,"column":61}},"45":{"start":{"line":69,"column":29},"end":{"line":69,"column":61}},"46":{"start":{"line":70,"column":4},"end":{"line":70,"column":70}},"47":{"start":{"line":70,"column":34},"end":{"line":70,"column":70}},"48":{"start":{"line":71,"column":4},"end":{"line":71,"column":19}},"49":{"start":{"line":74,"column":9},"end":{"line":79,"column":null}},"50":{"start":{"line":75,"column":20},"end":{"line":75,"column":94}},"51":{"start":{"line":76,"column":4},"end":{"line":76,"column":55}},"52":{"start":{"line":76,"column":33},"end":{"line":76,"column":55}},"53":{"start":{"line":77,"column":4},"end":{"line":77,"column":59}},"54":{"start":{"line":77,"column":35},"end":{"line":77,"column":59}},"55":{"start":{"line":78,"column":4},"end":{"line":78,"column":19}},"56":{"start":{"line":81,"column":9},"end":{"line":83,"column":null}},"57":{"start":{"line":82,"column":4},"end":{"line":82,"column":47}},"58":{"start":{"line":85,"column":9},"end":{"line":87,"column":null}},"59":{"start":{"line":86,"column":4},"end":{"line":86,"column":49}},"60":{"start":{"line":89,"column":9},"end":{"line":95,"column":null}},"61":{"start":{"line":90,"column":20},"end":{"line":90,"column":43}},"62":{"start":{"line":91,"column":4},"end":{"line":91,"column":75}},"63":{"start":{"line":92,"column":4},"end":{"line":92,"column":74}},"64":{"start":{"line":93,"column":4},"end":{"line":93,"column":45}},"65":{"start":{"line":94,"column":4},"end":{"line":94,"column":19}},"66":{"start":{"line":97,"column":9},"end":{"line":101,"column":null}},"67":{"start":{"line":98,"column":20},"end":{"line":98,"column":43}},"68":{"start":{"line":99,"column":4},"end":{"line":99,"column":100}},"69":{"start":{"line":100,"column":4},"end":{"line":100,"column":19}},"70":{"start":{"line":103,"column":9},"end":{"line":105,"column":null}},"71":{"start":{"line":104,"column":4},"end":{"line":104,"column":61}},"72":{"start":{"line":141,"column":2},"end":{"line":181,"column":null}},"73":{"start":{"line":141,"column":2},"end":{"line":141,"column":13}},"74":{"start":{"line":142,"column":10},"end":{"line":142,"column":12}},"75":{"start":{"line":142,"column":12},"end":{"line":142,"column":17}},"76":{"start":{"line":142,"column":19},"end":{"line":142,"column":27}},"77":{"start":{"line":142,"column":29},"end":{"line":142,"column":48}},"78":{"start":{"line":143,"column":4},"end":{"line":143,"column":27}},"79":{"start":{"line":143,"column":15},"end":{"line":143,"column":27}},"80":{"start":{"line":144,"column":4},"end":{"line":144,"column":61}},"81":{"start":{"line":144,"column":49},"end":{"line":144,"column":61}},"82":{"start":{"line":146,"column":29},"end":{"line":146,"column":50}},"83":{"start":{"line":147,"column":4},"end":{"line":147,"column":39}},"84":{"start":{"line":147,"column":27},"end":{"line":147,"column":39}},"85":{"start":{"line":149,"column":22},"end":{"line":149,"column":58}},"86":{"start":{"line":150,"column":4},"end":{"line":180,"column":7}},"87":{"start":{"line":151,"column":6},"end":{"line":179,"column":22}},"88":{"start":{"line":156,"column":12},"end":{"line":156,"column":33}},"89":{"start":{"line":156,"column":26},"end":{"line":156,"column":33}},"90":{"start":{"line":157,"column":12},"end":{"line":157,"column":70}},"91":{"start":{"line":166,"column":32},"end":{"line":166,"column":null}},"92":{"start":{"line":169,"column":30},"end":{"line":169,"column":65}},"93":{"start":{"line":170,"column":14},"end":{"line":170,"column":60}},"94":{"start":{"line":176,"column":25},"end":{"line":176,"column":null}},"95":{"start":{"line":183,"column":2},"end":{"line":190,"column":null}},"96":{"start":{"line":184,"column":10},"end":{"line":184,"column":12}},"97":{"start":{"line":184,"column":12},"end":{"line":184,"column":16}},"98":{"start":{"line":184,"column":18},"end":{"line":184,"column":38}},"99":{"start":{"line":185,"column":4},"end":{"line":185,"column":98}},"100":{"start":{"line":185,"column":86},"end":{"line":185,"column":98}},"101":{"start":{"line":187,"column":4},"end":{"line":189,"column":17}},"102":{"start":{"line":192,"column":2},"end":{"line":202,"column":null}},"103":{"start":{"line":193,"column":10},"end":{"line":193,"column":12}},"104":{"start":{"line":193,"column":12},"end":{"line":193,"column":16}},"105":{"start":{"line":193,"column":18},"end":{"line":193,"column":41}},"106":{"start":{"line":195,"column":4},"end":{"line":201,"column":17}},"107":{"start":{"line":198,"column":30},"end":{"line":198,"column":null}},"108":{"start":{"line":204,"column":2},"end":{"line":264,"column":null}},"109":{"start":{"line":204,"column":2},"end":{"line":204,"column":8}},"110":{"start":{"line":205,"column":10},"end":{"line":205,"column":12}},"111":{"start":{"line":205,"column":12},"end":{"line":205,"column":17}},"112":{"start":{"line":205,"column":19},"end":{"line":205,"column":27}},"113":{"start":{"line":205,"column":29},"end":{"line":205,"column":33}},"114":{"start":{"line":205,"column":35},"end":{"line":205,"column":43}},"115":{"start":{"line":205,"column":45},"end":{"line":205,"column":51}},"116":{"start":{"line":205,"column":53},"end":{"line":205,"column":76}},"117":{"start":{"line":206,"column":12},"end":{"line":206,"column":18}},"118":{"start":{"line":208,"column":4},"end":{"line":208,"column":27}},"119":{"start":{"line":208,"column":15},"end":{"line":208,"column":27}},"120":{"start":{"line":210,"column":25},"end":{"line":210,"column":53}},"121":{"start":{"line":211,"column":25},"end":{"line":211,"column":53}},"122":{"start":{"line":213,"column":4},"end":{"line":263,"column":11}},"123":{"start":{"line":215,"column":122},"end":{"line":215,"column":null}},"124":{"start":{"line":230,"column":38},"end":{"line":230,"column":null}},"125":{"start":{"line":238,"column":38},"end":{"line":238,"column":null}},"126":{"start":{"line":244,"column":106},"end":{"line":244,"column":171}},"127":{"start":{"line":245,"column":110},"end":{"line":245,"column":177}},"128":{"start":{"line":265,"column":0},"end":{"line":265,"column":null}},"129":{"start":{"line":50,"column":13},"end":{"line":50,"column":23}}},"fnMap":{"0":{"name":"(anonymous_0)","decl":{"start":{"line":50,"column":0},"end":{"line":50,"column":13}},"loc":{"start":{"line":50,"column":0},"end":{"line":265,"column":null}}},"1":{"name":"RuleEditor","decl":{"start":{"line":107,"column":2},"end":{"line":107,"column":14}},"loc":{"start":{"line":107,"column":36},"end":{"line":112,"column":3}}},"2":{"name":"(anonymous_2)","decl":{"start":{"line":114,"column":23},"end":{"line":114,"column":24}},"loc":{"start":{"line":114,"column":35},"end":{"line":122,"column":3}}},"3":{"name":"(anonymous_3)","decl":{"start":{"line":124,"column":20},"end":{"line":124,"column":null}},"loc":{"start":{"line":124,"column":20},"end":{"line":139,"column":3}}},"4":{"name":"(anonymous_4)","decl":{"start":{"line":51,"column":2},"end":{"line":51,"column":9}},"loc":{"start":{"line":51,"column":32},"end":{"line":53,"column":3}}},"5":{"name":"(anonymous_5)","decl":{"start":{"line":55,"column":2},"end":{"line":55,"column":9}},"loc":{"start":{"line":55,"column":31},"end":{"line":59,"column":3}}},"6":{"name":"(anonymous_6)","decl":{"start":{"line":61,"column":2},"end":{"line":61,"column":9}},"loc":{"start":{"line":61,"column":31},"end":{"line":65,"column":3}}},"7":{"name":"(anonymous_7)","decl":{"start":{"line":67,"column":2},"end":{"line":67,"column":9}},"loc":{"start":{"line":67,"column":54},"end":{"line":72,"column":3}}},"8":{"name":"(anonymous_8)","decl":{"start":{"line":74,"column":2},"end":{"line":74,"column":9}},"loc":{"start":{"line":74,"column":54},"end":{"line":79,"column":3}}},"9":{"name":"(anonymous_9)","decl":{"start":{"line":81,"column":2},"end":{"line":81,"column":9}},"loc":{"start":{"line":81,"column":48},"end":{"line":83,"column":3}}},"10":{"name":"(anonymous_10)","decl":{"start":{"line":85,"column":2},"end":{"line":85,"column":9}},"loc":{"start":{"line":85,"column":52},"end":{"line":87,"column":3}}},"11":{"name":"(anonymous_11)","decl":{"start":{"line":89,"column":2},"end":{"line":89,"column":9}},"loc":{"start":{"line":89,"column":64},"end":{"line":95,"column":3}}},"12":{"name":"(anonymous_12)","decl":{"start":{"line":97,"column":2},"end":{"line":97,"column":9}},"loc":{"start":{"line":97,"column":76},"end":{"line":101,"column":3}}},"13":{"name":"(anonymous_13)","decl":{"start":{"line":103,"column":2},"end":{"line":103,"column":9}},"loc":{"start":{"line":103,"column":78},"end":{"line":105,"column":3}}},"14":{"name":"(anonymous_14)","decl":{"start":{"line":141,"column":2},"end":{"line":141,"column":13}},"loc":{"start":{"line":141,"column":2},"end":{"line":181,"column":3}}},"15":{"name":"(anonymous_15)","decl":{"start":{"line":150,"column":25},"end":{"line":150,"column":29}},"loc":{"start":{"line":150,"column":29},"end":{"line":180,"column":5}}},"16":{"name":"(anonymous_16)","decl":{"start":{"line":155,"column":25},"end":{"line":155,"column":26}},"loc":{"start":{"line":155,"column":35},"end":{"line":158,"column":11}}},"17":{"name":"(anonymous_17)","decl":{"start":{"line":166,"column":20},"end":{"line":166,"column":21}},"loc":{"start":{"line":166,"column":27},"end":{"line":166,"column":40}}},"18":{"name":"(anonymous_18)","decl":{"start":{"line":169,"column":25},"end":{"line":169,"column":26}},"loc":{"start":{"line":169,"column":26},"end":{"line":169,"column":31}}},"19":{"name":"(anonymous_19)","decl":{"start":{"line":169,"column":70},"end":{"line":169,"column":71}},"loc":{"start":{"line":169,"column":72},"end":{"line":171,"column":13}}},"20":{"name":"(anonymous_20)","decl":{"start":{"line":176,"column":19},"end":{"line":176,"column":25}},"loc":{"start":{"line":176,"column":19},"end":{"line":176,"column":29}}},"21":{"name":"(anonymous_21)","decl":{"start":{"line":183,"column":2},"end":{"line":183,"column":17}},"loc":{"start":{"line":183,"column":2},"end":{"line":190,"column":3}}},"22":{"name":"(anonymous_22)","decl":{"start":{"line":192,"column":2},"end":{"line":192,"column":28}},"loc":{"start":{"line":192,"column":2},"end":{"line":202,"column":3}}},"23":{"name":"(anonymous_23)","decl":{"start":{"line":198,"column":18},"end":{"line":198,"column":19}},"loc":{"start":{"line":198,"column":25},"end":{"line":198,"column":38}}},"24":{"name":"(anonymous_24)","decl":{"start":{"line":204,"column":2},"end":{"line":204,"column":8}},"loc":{"start":{"line":204,"column":2},"end":{"line":264,"column":3}}},"25":{"name":"(anonymous_25)","decl":{"start":{"line":215,"column":116},"end":{"line":215,"column":122}},"loc":{"start":{"line":215,"column":116},"end":{"line":215,"column":126}}},"26":{"name":"(anonymous_26)","decl":{"start":{"line":230,"column":26},"end":{"line":230,"column":27}},"loc":{"start":{"line":230,"column":33},"end":{"line":230,"column":46}}},"27":{"name":"(anonymous_27)","decl":{"start":{"line":238,"column":26},"end":{"line":238,"column":27}},"loc":{"start":{"line":238,"column":33},"end":{"line":238,"column":46}}},"28":{"name":"(anonymous_28)","decl":{"start":{"line":244,"column":94},"end":{"line":244,"column":95}},"loc":{"start":{"line":244,"column":101},"end":{"line":244,"column":114}}},"29":{"name":"(anonymous_29)","decl":{"start":{"line":245,"column":98},"end":{"line":245,"column":99}},"loc":{"start":{"line":245,"column":105},"end":{"line":245,"column":118}}}},"branchMap":{"0":{"loc":{"start":{"line":108,"column":4},"end":{"line":108,"column":16}},"type":"binary-expr","locations":[{"start":{"line":108,"column":4},"end":{"line":108,"column":16}},{"start":{"line":108,"column":16},"end":{"line":108,"column":null}}]},"1":{"loc":{"start":{"line":129,"column":4},"end":{"line":136,"column":null}},"type":"if","locations":[{"start":{"line":129,"column":4},"end":{"line":136,"column":null}},{"start":{"line":129,"column":4},"end":{"line":136,"column":null}}]},"2":{"loc":{"start":{"line":131,"column":8},"end":{"line":134,"column":null}},"type":"if","locations":[{"start":{"line":131,"column":8},"end":{"line":134,"column":null}},{"start":{"line":131,"column":8},"end":{"line":134,"column":null}}]},"3":{"loc":{"start":{"line":52,"column":38},"end":{"line":52,"column":56}},"type":"cond-expr","locations":[{"start":{"line":52,"column":38},"end":{"line":52,"column":56}},{"start":{"line":52,"column":59},"end":{"line":52,"column":61}}]},"4":{"loc":{"start":{"line":52,"column":82},"end":{"line":52,"column":102}},"type":"cond-expr","locations":[{"start":{"line":52,"column":82},"end":{"line":52,"column":102}},{"start":{"line":52,"column":105},"end":{"line":52,"column":107}}]},"5":{"loc":{"start":{"line":57,"column":4},"end":{"line":57,"column":65}},"type":"if","locations":[{"start":{"line":57,"column":4},"end":{"line":57,"column":65}},{"start":{"line":57,"column":4},"end":{"line":57,"column":65}}]},"6":{"loc":{"start":{"line":63,"column":4},"end":{"line":63,"column":65}},"type":"if","locations":[{"start":{"line":63,"column":4},"end":{"line":63,"column":65}},{"start":{"line":63,"column":4},"end":{"line":63,"column":65}}]},"7":{"loc":{"start":{"line":69,"column":4},"end":{"line":69,"column":61}},"type":"if","locations":[{"start":{"line":69,"column":4},"end":{"line":69,"column":61}},{"start":{"line":69,"column":4},"end":{"line":69,"column":61}}]},"8":{"loc":{"start":{"line":70,"column":4},"end":{"line":70,"column":70}},"type":"if","locations":[{"start":{"line":70,"column":4},"end":{"line":70,"column":70}},{"start":{"line":70,"column":4},"end":{"line":70,"column":70}}]},"9":{"loc":{"start":{"line":76,"column":4},"end":{"line":76,"column":55}},"type":"if","locations":[{"start":{"line":76,"column":4},"end":{"line":76,"column":55}},{"start":{"line":76,"column":4},"end":{"line":76,"column":55}}]},"10":{"loc":{"start":{"line":77,"column":4},"end":{"line":77,"column":59}},"type":"if","locations":[{"start":{"line":77,"column":4},"end":{"line":77,"column":59}},{"start":{"line":77,"column":4},"end":{"line":77,"column":59}}]},"11":{"loc":{"start":{"line":143,"column":4},"end":{"line":143,"column":27}},"type":"if","locations":[{"start":{"line":143,"column":4},"end":{"line":143,"column":27}},{"start":{"line":143,"column":4},"end":{"line":143,"column":27}}]},"12":{"loc":{"start":{"line":144,"column":4},"end":{"line":144,"column":61}},"type":"if","locations":[{"start":{"line":144,"column":4},"end":{"line":144,"column":61}},{"start":{"line":144,"column":4},"end":{"line":144,"column":61}}]},"13":{"loc":{"start":{"line":147,"column":4},"end":{"line":147,"column":39}},"type":"if","locations":[{"start":{"line":147,"column":4},"end":{"line":147,"column":39}},{"start":{"line":147,"column":4},"end":{"line":147,"column":39}}]},"14":{"loc":{"start":{"line":156,"column":12},"end":{"line":156,"column":33}},"type":"if","locations":[{"start":{"line":156,"column":12},"end":{"line":156,"column":33}},{"start":{"line":156,"column":12},"end":{"line":156,"column":33}}]},"15":{"loc":{"start":{"line":169,"column":30},"end":{"line":169,"column":40}},"type":"binary-expr","locations":[{"start":{"line":169,"column":30},"end":{"line":169,"column":40}},{"start":{"line":169,"column":44},"end":{"line":169,"column":64}}]},"16":{"loc":{"start":{"line":185,"column":4},"end":{"line":185,"column":98}},"type":"if","locations":[{"start":{"line":185,"column":4},"end":{"line":185,"column":98}},{"start":{"line":185,"column":4},"end":{"line":185,"column":98}}]},"17":{"loc":{"start":{"line":185,"column":20},"end":{"line":185,"column":41}},"type":"binary-expr","locations":[{"start":{"line":185,"column":20},"end":{"line":185,"column":41}},{"start":{"line":185,"column":45},"end":{"line":185,"column":47}}]},"18":{"loc":{"start":{"line":197,"column":16},"end":{"line":197,"column":41}},"type":"binary-expr","locations":[{"start":{"line":197,"column":16},"end":{"line":197,"column":41}},{"start":{"line":197,"column":45},"end":{"line":197,"column":47}}]},"19":{"loc":{"start":{"line":208,"column":4},"end":{"line":208,"column":27}},"type":"if","locations":[{"start":{"line":208,"column":4},"end":{"line":208,"column":27}},{"start":{"line":208,"column":4},"end":{"line":208,"column":27}}]},"20":{"loc":{"start":{"line":215,"column":61},"end":{"line":215,"column":81}},"type":"cond-expr","locations":[{"start":{"line":215,"column":61},"end":{"line":215,"column":81}},{"start":{"line":215,"column":84},"end":{"line":215,"column":105}}]},"21":{"loc":{"start":{"line":219,"column":18},"end":{"line":219,"column":78}},"type":"cond-expr","locations":[{"start":{"line":219,"column":18},"end":{"line":219,"column":78}},{"start":{"line":219,"column":81},"end":{"line":219,"column":85}}]},"22":{"loc":{"start":{"line":220,"column":20},"end":{"line":220,"column":84}},"type":"cond-expr","locations":[{"start":{"line":220,"column":20},"end":{"line":220,"column":84}},{"start":{"line":220,"column":87},"end":{"line":220,"column":91}}]},"23":{"loc":{"start":{"line":244,"column":15},"end":{"line":244,"column":42}},"type":"binary-expr","locations":[{"start":{"line":244,"column":15},"end":{"line":244,"column":42}},{"start":{"line":244,"column":46},"end":{"line":244,"column":171}}]},"24":{"loc":{"start":{"line":244,"column":65},"end":{"line":244,"column":76}},"type":"binary-expr","locations":[{"start":{"line":244,"column":65},"end":{"line":244,"column":76}},{"start":{"line":244,"column":80},"end":{"line":244,"column":82}}]},"25":{"loc":{"start":{"line":245,"column":15},"end":{"line":245,"column":44}},"type":"binary-expr","locations":[{"start":{"line":245,"column":15},"end":{"line":245,"column":44}},{"start":{"line":245,"column":48},"end":{"line":245,"column":177}}]},"26":{"loc":{"start":{"line":245,"column":67},"end":{"line":245,"column":80}},"type":"binary-expr","locations":[{"start":{"line":245,"column":67},"end":{"line":245,"column":80}},{"start":{"line":245,"column":84},"end":{"line":245,"column":86}}]},"27":{"loc":{"start":{"line":249,"column":12},"end":{"line":249,"column":35}},"type":"binary-expr","locations":[{"start":{"line":249,"column":12},"end":{"line":249,"column":35}},{"start":{"line":250,"column":12},"end":{"line":252,"column":null}}]},"28":{"loc":{"start":{"line":256,"column":12},"end":{"line":256,"column":40}},"type":"binary-expr","locations":[{"start":{"line":256,"column":12},"end":{"line":256,"column":40}},{"start":{"line":257,"column":12},"end":{"line":258,"column":null}}]}},"s":{"0":7,"1":7,"2":7,"3":7,"4":7,"5":7,"6":1,"7":1,"8":0,"9":0,"10":0,"11":0,"12":0,"13":0,"14":0,"15":1,"16":0,"17":0,"18":0,"19":0,"20":0,"21":0,"22":0,"23":0,"24":0,"25":0,"26":0,"27":0,"28":0,"29":1,"30":7,"31":1,"32":7,"33":2,"34":2,"35":0,"36":2,"37":7,"38":1,"39":1,"40":0,"41":1,"42":7,"43":0,"44":0,"45":0,"46":0,"47":0,"48":0,"49":7,"50":0,"51":0,"52":0,"53":0,"54":0,"55":0,"56":7,"57":0,"58":7,"59":0,"60":7,"61":0,"62":0,"63":0,"64":0,"65":0,"66":7,"67":0,"68":0,"69":0,"70":7,"71":0,"72":7,"73":1,"74":1,"75":1,"76":1,"77":1,"78":1,"79":0,"80":1,"81":0,"82":1,"83":1,"84":1,"85":0,"86":0,"87":0,"88":0,"89":0,"90":0,"91":0,"92":0,"93":0,"94":0,"95":7,"96":1,"97":1,"98":1,"99":1,"100":0,"101":1,"102":7,"103":0,"104":0,"105":0,"106":0,"107":0,"108":7,"109":1,"110":1,"111":1,"112":1,"113":1,"114":1,"115":1,"116":1,"117":1,"118":1,"119":0,"120":1,"121":1,"122":1,"123":0,"124":0,"125":0,"126":0,"127":0,"128":7,"129":7},"f":{"0":7,"1":1,"2":0,"3":0,"4":1,"5":2,"6":1,"7"
[...]
lumn":19},"end":{"line":732,"column":29}}},"83":{"name":"(anonymous_98)","decl":{"start":{"line":739,"column":21},"end":{"line":739,"column":27}},"loc":{"start":{"line":739,"column":21},"end":{"line":739,"column":34}}},"84":{"name":"(anonymous_99)","decl":{"start":{"line":747,"column":20},"end":{"line":747,"column":21}},"loc":{"start":{"line":747,"column":27},"end":{"line":747,"column":63}}},"85":{"name":"(anonymous_100)","decl":{"start":{"line":773,"column":19},"end":{"line":773,"column":25}},"loc":{"start":{"line":773,"column":19},"end":{"line":773,"column":29}}},"86":{"name":"(anonymous_101)","decl":{"start":{"line":783,"column":19},"end":{"line":783,"column":25}},"loc":{"start":{"line":783,"column":19},"end":{"line":783,"column":29}}},"87":{"name":"(anonymous_102)","decl":{"start":{"line":792,"column":19},"end":{"line":792,"column":25}},"loc":{"start":{"line":792,"column":19},"end":{"line":792,"column":29}}},"88":{"name":"(anonymous_103)","decl":{"start":{"line":157,"column":22},"end":{"line":157,"column":23}},"loc":{"start":{"line":157,"column":34},"end":{"line":171,"column":3}}},"89":{"name":"(anonymous_104)","decl":{"start":{"line":158,"column":20},"end":{"line":158,"column":21}},"loc":{"start":{"line":158,"column":27},"end":{"line":170,"column":5}}}},"branchMap":{"0":{"loc":{"start":{"line":101,"column":4},"end":{"line":101,"column":37}},"type":"switch","locations":[{"start":{"line":101,"column":4},"end":{"line":101,"column":37}},{"start":{"line":102,"column":4},"end":{"line":102,"column":37}},{"start":{"line":103,"column":4},"end":{"line":103,"column":37}},{"start":{"line":104,"column":4},"end":{"line":104,"column":37}},{"start":{"line":105,"column":4},"end":{"line":105,"column":36}},{"start":{"line":106,"column":4},"end":{"line":106,"column":30}}]},"1":{"loc":{"start":{"line":118,"column":4},"end":{"line":118,"column":25}},"type":"binary-expr","locations":[{"start":{"line":118,"column":4},"end":{"line":118,"column":25}},{"start":{"line":118,"column":25},"end":{"line":118,"column":null}}]},"2":{"loc":{"start":{"line":132,"column":33},"end":{"line":132,"column":73}},"type":"cond-expr","locations":[{"start":{"line":132,"column":33},"end":{"line":132,"column":73}},{"start":{"line":132,"column":76},"end":{"line":132,"column":78}}]},"3":{"loc":{"start":{"line":177,"column":21},"end":{"line":177,"column":null}},"type":"switch","locations":[{"start":{"line":177,"column":21},"end":{"line":177,"column":null}}]},"4":{"loc":{"start":{"line":194,"column":10},"end":{"line":194,"column":48}},"type":"switch","locations":[{"start":{"line":194,"column":10},"end":{"line":194,"column":48}}]},"5":{"loc":{"start":{"line":193,"column":12},"end":{"line":193,"column":13}},"type":"if","locations":[{"start":{"line":193,"column":12},"end":{"line":193,"column":13}},{"start":{"line":193,"column":12},"end":{"line":193,"column":13}}]},"6":{"loc":{"start":{"line":198,"column":25},"end":{"line":198,"column":null}},"type":"switch","locations":[{"start":{"line":198,"column":25},"end":{"line":198,"column":null}}]},"7":{"loc":{"start":{"line":289,"column":36},"end":{"line":289,"column":50}},"type":"cond-expr","locations":[{"start":{"line":289,"column":36},"end":{"line":289,"column":50}},{"start":{"line":289,"column":53},"end":{"line":289,"column":68}}]},"8":{"loc":{"start":{"line":290,"column":37},"end":{"line":290,"column":45}},"type":"cond-expr","locations":[{"start":{"line":290,"column":37},"end":{"line":290,"column":45}},{"start":{"line":290,"column":48},"end":{"line":290,"column":57}}]},"9":{"loc":{"start":{"line":291,"column":46},"end":{"line":291,"column":87}},"type":"cond-expr","locations":[{"start":{"line":291,"column":46},"end":{"line":291,"column":87}},{"start":{"line":291,"column":90},"end":{"line":291,"column":132}}]},"10":{"loc":{"start":{"line":307,"column":29},"end":{"line":310,"column":10}},"type":"cond-expr","locations":[{"start":{"line":307,"column":29},"end":{"line":310,"column":10}},{"start":{"line":310,"column":12},"end":{"line":310,"column":16}}]},"11":{"loc":{"start":{"line":308,"column":23},"end":{"line":308,"column":null}},"type":"switch","locations":[{"start":{"line":308,"column":23},"end":{"line":308,"column":null}}]},"12":{"loc":{"start":{"line":318,"column":8},"end":{"line":318,"column":66}},"type":"if","locations":[{"start":{"line":318,"column":8},"end":{"line":318,"column":66}},{"start":{"line":318,"column":8},"end":{"line":318,"column":66}}]},"13":{"loc":{"start":{"line":332,"column":30},"end":{"line":335,"column":10}},"type":"cond-expr","locations":[{"start":{"line":332,"column":30},"end":{"line":335,"column":10}},{"start":{"line":335,"column":12},"end":{"line":335,"column":16}}]},"14":{"loc":{"start":{"line":333,"column":23},"end":{"line":333,"column":null}},"type":"switch","locations":[{"start":{"line":333,"column":23},"end":{"line":333,"column":null}}]},"15":{"loc":{"start":{"line":343,"column":8},"end":{"line":343,"column":66}},"type":"if","locations":[{"start":{"line":343,"column":8},"end":{"line":343,"column":66}},{"start":{"line":343,"column":8},"end":{"line":343,"column":66}}]},"16":{"loc":{"start":{"line":357,"column":28},"end":{"line":360,"column":10}},"type":"cond-expr","locations":[{"start":{"line":357,"column":28},"end":{"line":360,"column":10}},{"start":{"line":360,"column":12},"end":{"line":360,"column":16}}]},"17":{"loc":{"start":{"line":358,"column":23},"end":{"line":358,"column":null}},"type":"switch","locations":[{"start":{"line":358,"column":23},"end":{"line":358,"column":null}}]},"18":{"loc":{"start":{"line":368,"column":8},"end":{"line":368,"column":66}},"type":"if","locations":[{"start":{"line":368,"column":8},"end":{"line":368,"column":66}},{"start":{"line":368,"column":8},"end":{"line":368,"column":66}}]},"19":{"loc":{"start":{"line":382,"column":32},"end":{"line":385,"column":10}},"type":"cond-expr","locations":[{"start":{"line":382,"column":32},"end":{"line":385,"column":10}},{"start":{"line":385,"column":12},"end":{"line":385,"column":16}}]},"20":{"loc":{"start":{"line":383,"column":23},"end":{"line":383,"column":null}},"type":"switch","locations":[{"start":{"line":383,"column":23},"end":{"line":383,"column":null}}]},"21":{"loc":{"start":{"line":393,"column":8},"end":{"line":393,"column":66}},"type":"if","locations":[{"start":{"line":393,"column":8},"end":{"line":393,"column":66}},{"start":{"line":393,"column":8},"end":{"line":393,"column":66}}]},"22":{"loc":{"start":{"line":411,"column":14},"end":{"line":411,"column":25}},"type":"binary-expr","locations":[{"start":{"line":411,"column":14},"end":{"line":411,"column":25}},{"start":{"line":411,"column":29},"end":{"line":411,"column":31}}]},"23":{"loc":{"start":{"line":413,"column":80},"end":{"line":413,"column":96}},"type":"cond-expr","locations":[{"start":{"line":413,"column":80},"end":{"line":413,"column":96}},{"start":{"line":413,"column":100},"end":{"line":413,"column":122}}]},"24":{"loc":{"start":{"line":413,"column":20},"end":{"line":413,"column":39}},"type":"binary-expr","locations":[{"start":{"line":413,"column":20},"end":{"line":413,"column":39}},{"start":{"line":413,"column":43},"end":{"line":413,"column":54}},{"start":{"line":413,"column":58},"end":{"line":413,"column":77}}]},"25":{"loc":{"start":{"line":413,"column":100},"end":{"line":413,"column":116}},"type":"binary-expr","locations":[{"start":{"line":413,"column":100},"end":{"line":413,"column":116}},{"start":{"line":413,"column":120},"end":{"line":413,"column":122}}]},"26":{"loc":{"start":{"line":428,"column":14},"end":{"line":428,"column":35}},"type":"if","locations":[{"start":{"line":428,"column":14},"end":{"line":428,"column":35}},{"start":{"line":428,"column":14},"end":{"line":428,"column":35}}]},"27":{"loc":{"start":{"line":430,"column":14},"end":{"line":430,"column":43}},"type":"if","locations":[{"start":{"line":430,"column":14},"end":{"line":430,"column":43}},{"start":{"line":430,"column":14},"end":{"line":430,"column":43}}]},"28":{"loc":{"start":{"line":440,"column":14},"end":{"line":440,"column":35}},"type":"if","locations":[{"start":{"line":440,"column":14},"end":{"line":440,"column":35}},{"start":{"line":440,"column":14},"end":{"line":440,"column":35}}]},"29":{"loc":{"start":{"line":442,"column":14},"end":{"line":442,"column":39}},"type":"if","locations":[{"start":{"line":442,"column":14},"end":{"line":442,"column":39}},{"start":{"line":442,"column":14},"end":{"line":442,"column":39}}]},"30":{"loc":{"start":{"line":443,"column":21},"end":{"line":443,"column":35}},"type":"binary-expr","locations":[{"start":{"line":443,"column":21},"end":{"line":443,"column":35}},{"start":{"line":443,"column":39},"end":{"line":443,"column":54}},{"start":{"line":443,"column":58},"end":{"line":443,"column":60}}]},"31":{"loc":{"start":{"line":450,"column":52},"end":{"line":450,"column":63}},"type":"cond-expr","locations":[{"start":{"line":450,"column":52},"end":{"line":450,"column":63}},{"start":{"line":450,"column":66},"end":{"line":450,"column":75}}]},"32":{"loc":{"start":{"line":455,"column":58},"end":{"line":455,"column":67}},"type":"cond-expr","locations":[{"start":{"line":455,"column":58},"end":{"line":455,"column":67}},{"start":{"line":455,"column":70},"end":{"line":455,"column":79}}]},"33":{"loc":{"start":{"line":485,"column":18},"end":{"line":485,"column":32}},"type":"binary-expr","locations":[{"start":{"line":485,"column":18},"end":{"line":485,"column":32}},{"start":{"line":486,"column":18},"end":{"line":487,"column":null}}]},"34":{"loc":{"start":{"line":508,"column":4},"end":{"line":508,"column":88}},"type":"if","locations":[{"start":{"line":508,"column":4},"end":{"line":508,"column":88}},{"start":{"line":508,"column":4},"end":{"line":508,"column":88}}]},"35":{"loc":{"start":{"line":508,"column":8},"end":{"line":508,"column":28}},"type":"binary-expr","locations":[{"start":{"line":508,"column":8},"end":{"line":508,"column":28}},{"start":{"line":508,"column":32},"end":{"line":508,"column":52}},{"start":{"line":508,"column":56},"end":{"line":508,"column":76}}]},"36":{"loc":{"start":{"line":524,"column":21},"end":{"line":527,"column":10}},"type":"cond-expr","locations":[{"start":{"line":524,"column":21},"end":{"line":527,"column":10}},{"start":{"line":527,"column":12},"end":{"line":527,"column":16}}]},"37":{"loc":{"start":{"line":525,"column":23},"end":{"line":525,"column":null}},"type":"switch","locations":[{"start":{"line":525,"column":23},"end":{"line":525,"column":null}}]},"38":{"loc":{"start":{"line":535,"column":8},"end":{"line":535,"column":60}},"type":"if","locations":[{"start":{"line":535,"column":8},"end":{"line":535,"column":60}},{"start":{"line":535,"column":8},"end":{"line":535,"column":60}}]},"39":{"loc":{"start":{"line":551,"column":14},"end":{"line":551,"column":19}},"type":"binary-expr","locations":[{"start":{"line":551,"column":14},"end":{"line":551,"column":19}},{"start":{"line":551,"column":23},"end":{"line":551,"column":25}}]},"40":{"loc":{"start":{"line":553,"column":62},"end":{"line":553,"column":72}},"type":"cond-expr","locations":[{"start":{"line":553,"column":62},"end":{"line":553,"column":72}},{"start":{"line":553,"column":76},"end":{"line":553,"column":92}}]},"41":{"loc":{"start":{"line":553,"column":20},"end":{"line":553,"column":33}},"type":"binary-expr","locations":[{"start":{"line":553,"column":20},"end":{"line":553,"column":33}},{"start":{"line":553,"column":37},"end":{"line":553,"column":42}},{"start":{"line":553,"column":46},"end":{"line":553,"column":59}}]},"42":{"loc":{"start":{"line":553,"column":76},"end":{"line":553,"column":86}},"type":"binary-expr","locations":[{"start":{"line":553,"column":76},"end":{"line":553,"column":86}},{"start":{"line":553,"column":90},"end":{"line":553,"column":92}}]},"43":{"loc":{"start":{"line":560,"column":32},"end":{"line":560,"column":46}},"type":"cond-expr","locations":[{"start":{"line":560,"column":32},"end":{"line":560,"column":46}},{"start":{"line":560,"column":49},"end":{"line":560,"column":51}}]},"44":{"loc":{"start":{"line":600,"column":14},"end":{"line":600,"column":44}},"type":"if","locations":[{"start":{"line":600,"column":14},"end":{"line":600,"column":44}},{"start":{"line":600,"column":14},"end":{"line":600,"column":44}}]},"45":{"loc":{"start":{"line":602,"column":50},"end":{"line":602,"column":72}},"type":"cond-expr","locations":[{"start":{"line":602,"column":50},"end":{"line":602,"column":72}},{"start":{"line":602,"column":75},"end":{"line":602,"column":79}}]},"46":{"loc":{"start":{"line":611,"column":17},"end":{"line":611,"column":25}},"type":"binary-expr","locations":[{"start":{"line":611,"column":17},"end":{"line":611,"column":25}},{"start":{"line":611,"column":29},"end":{"line":611,"column":139}}]},"47":{"loc":{"start":{"line":612,"column":17},"end":{"line":612,"column":25}},"type":"binary-expr","locations":[{"start":{"line":612,"column":17},"end":{"line":612,"column":25}},{"start":{"line":612,"column":29},"end":{"line":612,"column":119}}]},"48":{"loc":{"start":{"line":617,"column":14},"end":{"line":617,"column":57}},"type":"if","locations":[{"start":{"line":617,"column":14},"end":{"line":617,"column":57}},{"start":{"line":617,"column":14},"end":{"line":617,"column":57}}]},"49":{"loc":{"start":{"line":617,"column":18},"end":{"line":617,"column":26}},"type":"binary-expr","locations":[{"start":{"line":617,"column":18},"end":{"line":617,"column":26}},{"start":{"line":617,"column":30},"end":{"line":617,"column":45}}]},"50":{"loc":{"start":{"line":628,"column":21},"end":{"line":628,"column":72}},"type":"binary-expr","locations":[{"start":{"line":628,"column":21},"end":{"line":628,"column":72}},{"start":{"line":628,"column":76},"end":{"line":628,"column":122}}]},"51":{"loc":{"start":{"line":639,"column":43},"end":{"line":639,"column":68}},"type":"cond-expr","locations":[{"start":{"line":639,"column":43},"end":{"line":639,"column":68}},{"start":{"line":639,"column":71},"end":{"line":639,"column":73}}]},"52":{"loc":{"start":{"line":650,"column":14},"end":{"line":650,"column":44}},"type":"if","locations":[{"start":{"line":650,"column":14},"end":{"line":650,"column":44}},{"start":{"line":650,"column":14},"end":{"line":650,"column":44}}]},"53":{"loc":{"start":{"line":665,"column":18},"end":{"line":665,"column":26}},"type":"binary-expr","locations":[{"start":{"line":665,"column":18},"end":{"line":665,"column":26}},{"start":{"line":666,"column":18},"end":{"line":667,"column":null}}]},"54":{"loc":{"start":{"line":735,"column":10},"end":{"line":735,"column":20}},"type":"binary-expr","locations":[{"start":{"line":735,"column":10},"end":{"line":735,"column":20}},{"start":{"line":736,"column":10},"end":{"line":739,"column":null}}]},"55":{"loc":{"start":{"line":753,"column":8},"end":{"line":753,"column":32}},"type":"binary-expr","locations":[{"start":{"line":753,"column":8},"end":{"line":753,"column":32}},{"start":{"line":754,"column":8},"end":{"line":757,"column":null}}]},"56":{"loc":{"start":{"line":761,"column":8},"end":{"line":761,"column":26}},"type":"binary-expr","locations":[{"start":{"line":761,"column":8},"end":{"line":761,"column":26}},{"start":{"line":762,"column":8},"end":{"line":765,"column":null}}]},"57":{"loc":{"start":{"line":778,"column":8},"end":{"line":778,"column":37}},"type":"binary-expr","locations":[{"start":{"line":778,"column":8},"end":{"line":778,"column":37}},{"start":{"line":779,"column":8},"end":{"line":783,"column":null}}]},"58":{"loc":{"start":{"line":787,"column":8},"end":{"line":787,"column":31}},"type":"binary-expr","locations":[{"start":{"line":787,"column":8},"end":{"line":787,"column":31}},{"start":{"line":788,"column":8},"end":{"line":792,"column":null}}]},"59":{"loc":{"start":{"line":162,"column":31},"end":{"line":162,"column":41}},"type":"cond-expr","locations":[{"start":{"line":162,"column":31},"end":{"line":162,"column":41}},{"start":{"line":162,"column":44},"end":{"line":162,"column":45}}]},"60":{"loc":{"start":{"line":164,"column":39},"end":{"line":164,"column":75}},"type":"cond-expr","locations":[{"start":{"line":164,"column":39},"end":{"line":164,"column":75}},{"start":{"line":164,"column":78},"end":{"line":164,"column":82}}]},"61":{"loc":{"start":{"line":165,"column":76},"end":{"line":165,"column":94}},"type":"cond-expr","locations":[{"start":{"line":165,"column":76},"end":{"line":165,"column":94}},{"start":{"line":165,"column":97},"end":{"line":165,"column":109}}]},"62":{"loc":{"start":{"line":166,"column":45},"end":{"line":166,"column":63}},"type":"cond-expr","locations":[{"start":{"line":166,"column":45},"end":{"line":166,"column":63}},{"start":{"line":166,"column":66},"end":{"line":166,"column":78}}]}},"s":{"0":1,"1":1,"2":1,"3":1,"4":1,"5":1,"6":1,"7":1,"8":1,"9":1,"10":1,"11":1,"12":1,"13":0,"14":0,"15":0,"16":0,"17":0,"18":0,"19":0,"20":1,"21":1,"22":1,"23":1,"24":0,"25":1,"26":0,"27":0,"28":0,"29":0,"30":0,"31":0,"32":1,"33":0,"34":0,"35":0,"36":0,"37":0,"38":0,"39":1,"40":1,"41":0,"42":1,"43":0,"44":1,"45":1,"46":1,"47":1,"48":0,"49":0,"50":0,"51":0,"52":1,"53":1,"54":1,"55":1,"56":1,"57":1,"58":0,"59":0,"60":0,"61":0,"62":0,"63":0,"64":0,"65":0,"66":0,"67":0,"68":0,"69":0,"70":1,"71":1,"72":1,"73":1,"74":1,"75":1,"76":0,"77":0,"78":1,"79":0,"80":0,"81":0,"82":0,"83":0,"84":1,"85":2,"86":2,"87":2,"88":0,"89":0,"90":0,"91":0,"92":0,"93":0,"94":0,"95":1,"96":2,"97":2,"98":2,"99":0,"100":0,"101":0,"102":0,"103":0,"104":0,"105":0,"106":1,"107":2,"108":2,"109":2,"110":0,"111":0,"112":0,"113":0,"114":0,"115":0,"116":0,"117":1,"118":2,"119":2,"120":2,"121":0,"122":0,"123":0,"124":0,"125":0,"126":0,"127":0,"128":1,"129":2,"130":2,"131":2,"132":2,"133":2,"134":2,"135":2,"136":0,"137":0,"138":0,"139":0,"140":0,"141":0,"142":0,"143":0,"144":0,"145":0,"146":0,"147":0,"148":0,"149":0,"150":0,"151":0,"152":0,"153":0,"154":0,"155":0,"156":0,"157":0,"158":0,"159":1,"160":0,"161":0,"162":0,"163":0,"164":0,"165":1,"166":2,"167":2,"168":2,"169":0,"170":0,"171":0,"172":0,"173":0,"174":0,"175":0,"176":1,"177":2,"178":2,"179":2,"180":2,"181":2,"182":2,"183":2,"184":2,"185":2,"186":2,"187":0,"188":0,"189":0,"190":0,"191":0,"192":0,"193":0,"194":0,"195":0,"196":0,"197":0,"198":0,"199":0,"200":0,"201":0,"202":0,"203":0,"204":0,"205":0,"206":0,"207":0,"208":0,"209":0,"210":0,"211":0,"212":0,"213":0,"214":0,"215":0,"216":0,"217":0,"218":0,"219":0,"220":0,"221":0,"222":0,"223":0,"224":0,"225":0,"226":0,"227":0,"228":0,"229":0,"230":0,"231":0,"232":0,"233":0,"234":1,"235":2,"236":2,"237":2,"238":2,"239":2,"240":2,"241":2,"242":2,"243":2,"244":2,"245":2,"246":2,"247":2,"248":2,"249":2,"250":2,"251":2,"252":2,"253":0,"254":0,"255":2,"256":0,"257":0,"258":0,"259":0,"260":0,"261":0,"262":0,"263":0,"264":0,"265":0,"266":0,"267":0,"268":0,"269":1,"270":1,"271":0,"272":0,"273":1,"274":1},"f":{"0":0,"1":1,"2":1,"3":0,"4":0,"5":0,"6":0,"7":0,"8":0,"9":0,"10":1,"11":0,"12":0,"13":1,"14":0,"15":0,"16":0,"17":0,"18":1,"19":0,"20":0,"21":0,"22":0,"23":0,"24":2,"25":0,"26":0,"27":2,"28":0,"29":0,"30":2,"31":0,"32":0,"33":2,"34":0,"35":0,"36":2,"37":0,"38":0,"39":0,"40":0,"41":0,"42":0,"43":0,"44":0,"45":2,"46":0,"47":0,"48":2,"49":0,"50":0,"51":0,"52":0,"53":0,"54":0,"55":0,"56":0,"57":0,"58":0,"59":0,"60":0,"61":0,"62":0,"63":0,"64":0,"65":0,"66":0,"67":0,"68":0,"69":0,"70":0,"71":0,"72":2,"73":0,"74":0,"75":0,"76":0,"77":0,"78":0,"79":0,"80":0,"81":0,"82":0,"83":0,"84":0,"85":0,"86":0,"87":0,"88":0,"89":0},"b":{"0":[0,0,0,0,0,0],"1":[1,1],"2":[1,0],"3":[0],"4":[0],"5":[0,0],"6":[0],"7":[0,0],"8":[0,0],"9":[0,0],"10":[0,2],"11":[0],"12":[0,0],"13":[0,2],"14":[0],"15":[0,0],"16":[0,2],"17":[0],"18":[0,0],"19":[0,2],"20":[0],"21":[0,0],"22":[2,1],"23":[0,2],"24":[2,0,0],"25":[2,2],"26":[0,0],"27":[0,0],"28":[0,0],"29":[0,0],"30":[0,0,0],"31":[0,0],"32":[0,0],"33":[0,0],"34":[0,0],"35":[0,0,0],"36":[0,2],"37":[0],"38":[0,0],"39":[2,2],"40":[0,2],"41":[2,0,0],"42":[2,2],"43":[0,2],"44":[0,0],"45":[0,0],"46":[0,0],"47":[0,0],"48":[0,0],"49":[0,0],"50":[0,0],"51":[0,0],"52":[0,0],"53":[0,0],"54":[2,2],"55":[2,0],"56":[2,0],"57":[2,0],"58":[2,0],"59":[0,0],"60":[0,0],"61":[0,0],"62":[0,0]}}
}
