TN:
SF:/Users/maggiebrewster/druid/web-console/lib/sql-function-doc.ts
FNF:0
FNH:0
DA:28,6
LF:1
LH:1
BRF:0
BRH:0
end_of_record
TN:
SF:/Users/maggiebrewster/druid/web-console/src/variables.ts
FNF:0
FNH:0
DA:19,7
DA:20,7
DA:22,7
DA:23,7
DA:24,7
DA:25,7
DA:26,7
DA:27,7
DA:28,7
DA:29,7
DA:30,7
LF:11
LH:11
BRF:0
BRH:0
end_of_record
TN:
SF:/Users/maggiebrewster/druid/web-console/src/components/index.ts
FNF:0
FNH:0
DA:8,5
DA:9,5
DA:10,5
DA:11,5
DA:12,5
DA:13,5
DA:14,5
DA:15,5
DA:16,5
DA:17,5
DA:18,5
DA:19,5
DA:20,5
DA:21,5
DA:22,5
DA:23,5
DA:24,5
DA:25,5
LF:18
LH:18
BRF:0
BRH:0
end_of_record
TN:
SF:/Users/maggiebrewster/druid/web-console/src/components/action-cell/action-cell.tsx
FN:26,(anonymous_0)
FN:27,ActionCell
FN:31,(anonymous_2)
FNF:3
FNH:3
FNDA:6,(anonymous_0)
FNDA:1,ActionCell
FNDA:1,(anonymous_2)
DA:19,6
DA:21,6
DA:26,6
DA:28,1
DA:31,6
DA:32,1
DA:36,6
LF:7
LH:7
BRDA:28,0,0,1
BRDA:28,0,1,1
BRF:2
BRH:2
end_of_record
TN:
SF:/Users/maggiebrewster/druid/web-console/src/components/array-input/array-input.tsx
FN:27,(anonymous_0)
FN:28,ArrayInput
FN:35,(anonymous_2)
FN:38,(anonymous_3)
FN:46,(anonymous_4)
FNF:5
FNH:3
FNDA:8,(anonymous_0)
FNDA:1,ArrayInput
FNDA:0,(anonymous_2)
FNDA:0,(anonymous_3)
FNDA:1,(anonymous_4)
DA:20,8
DA:21,8
DA:27,8
DA:29,1
DA:30,1
DA:35,1
DA:36,0
DA:37,0
DA:38,0
DA:39,0
DA:40,0
DA:43,0
DA:46,8
DA:47,1
DA:48,1
DA:49,1
DA:58,8
LF:17
LH:11
BRDA:29,0,0,1
BRDA:29,0,1,1
BRDA:41,1,0,0
BRDA:41,1,1,0
BRDA:43,2,0,0
BRDA:43,2,1,0
BRDA:43,3,0,0
BRDA:43,3,1,0
BRDA:31,4,0,1
BRDA:31,4,1,0
BRF:10
BRH:3
end_of_record
TN:
SF:/Users/maggiebrewster/druid/web-console/src/components/auto-form/auto-form.tsx
FN:72,(anonymous_0)
FN:79,AutoForm
FN:86,(anonymous_2)
FN:93,(anonymous_3)
FN:262,(anonymous_4)
FN:73,(anonymous_5)
FN:107,(anonymous_6)
FN:111,(anonymous_7)
FN:127,(anonymous_8)
FN:131,(anonymous_9)
FN:143,(anonymous_10)
FN:149,(anonymous_11)
FN:154,(anonymous_12)
FN:162,(anonymous_13)
FN:166,(anonymous_14)
FN:179,(anonymous_15)
FN:195,(anonymous_16)
FN:201,(anonymous_17)
FN:213,(anonymous_18)
FN:217,(anonymous_19)
FN:223,(anonymous_20)
FN:230,(anonymous_21)
FN:235,(anonymous_22)
FN:239,(anonymous_23)
FN:250,(anonymous_24)
FN:285,(anonymous_25)
FN:296,(anonymous_26)
FNF:27
FNH:3
FNDA:7,(anonymous_0)
FNDA:1,AutoForm
FNDA:0,(anonymous_2)
FNDA:0,(anonymous_3)
FNDA:0,(anonymous_4)
FNDA:0,(anonymous_5)
FNDA:0,(anonymous_6)
FNDA:0,(anonymous_7)
FNDA:0,(anonymous_8)
FNDA:0,(anonymous_9)
FNDA:0,(anonymous_10)
FNDA:0,(anonymous_11)
FNDA:0,(anonymous_12)
FNDA:0,(anonymous_13)
FNDA:0,(anonymous_14)
FNDA:0,(anonymous_15)
FNDA:0,(anonymous_16)
FNDA:0,(anonymous_17)
FNDA:0,(anonymous_18)
FNDA:0,(anonymous_19)
FNDA:0,(anonymous_20)
FNDA:0,(anonymous_21)
FNDA:0,(anonymous_22)
FNDA:0,(anonymous_23)
FNDA:0,(anonymous_24)
FNDA:0,(anonymous_25)
FNDA:1,(anonymous_26)
DA:19,7
DA:31,7
DA:32,7
DA:34,7
DA:36,7
DA:37,7
DA:39,7
DA:72,7
DA:73,7
DA:74,0
DA:75,0
DA:76,0
DA:80,1
DA:81,1
DA:86,1
DA:87,0
DA:88,0
DA:89,0
DA:90,0
DA:93,1
DA:94,0
DA:96,0
DA:97,0
DA:98,0
DA:99,0
DA:100,0
DA:104,0
DA:107,7
DA:108,0
DA:109,0
DA:112,0
DA:113,0
DA:114,0
DA:116,0
DA:117,0
DA:127,7
DA:128,0
DA:129,0
DA:132,0
DA:133,0
DA:143,7
DA:144,0
DA:146,0
DA:150,0
DA:151,0
DA:154,0
DA:157,0
DA:162,0
DA:166,0
DA:177,0
DA:180,0
DA:181,0
DA:195,7
DA:196,0
DA:197,0
DA:198,0
DA:199,0
DA:202,0
DA:203,0
DA:213,7
DA:214,0
DA:215,0
DA:217,0
DA:218,0
DA:219,0
DA:220,0
DA:223,0
DA:224,0
DA:228,0
DA:230,0
DA:235,7
DA:236,0
DA:237,0
DA:240,0
DA:250,7
DA:251,0
DA:252,0
DA:253,0
DA:254,0
DA:255,0
DA:256,0
DA:257,0
DA:258,0
DA:262,1
DA:263,0
DA:264,0
DA:265,0
DA:267,0
DA:268,0
DA:285,7
DA:286,0
DA:288,0
DA:296,7
DA:297,1
DA:298,1
DA:303,7
LF:96
LH:26
BRDA:80,0,0,1
BRDA:80,0,1,1
BRDA:88,1,0,0
BRDA:88,1,1,0
BRDA:89,2,0,0
BRDA:89,2,1,0
BRDA:97,3,0,0
BRDA:97,3,1,0
BRDA:97,4,0,0
BRDA:97,4,1,0
BRDA:99,5,0,0
BRDA:99,5,1,0
BRDA:99,6,0,0
BRDA:99,6,1,0
BRDA:264,7,0,0
BRDA:264,7,1,0
BRDA:265,8,0,0
BRDA:265,8,1,0
BRDA:265,9,0,0
BRDA:265,9,1,0
BRDA:267,10,0,0
BRDA:267,10,1,0
BRDA:272,11,0,0
BRDA:272,11,1,0
BRDA:110,12,0,0
BRDA:110,12,1,0
BRDA:112,13,0,0
BRDA:112,13,1,0
BRDA:116,14,0,0
BRDA:116,14,1,0
BRDA:119,15,0,0
BRDA:119,15,1,0
BRDA:130,16,0,0
BRDA:130,16,1,0
BRDA:132,17,0,0
BRDA:132,17,1,0
BRDA:147,18,0,0
BRDA:147,18,1,0
BRDA:150,19,0,0
BRDA:150,19,1,0
BRDA:178,20,0,0
BRDA:178,20,1,0
BRDA:178,20,2,0
BRDA:181,21,0,0
BRDA:181,21,1,0
BRDA:185,22,0,0
BRDA:185,22,1,0
BRDA:198,23,0,0
BRDA:198,23,1,0
BRDA:200,24,0,0
BRDA:200,24,1,0
BRDA:218,25,0,0
BRDA:218,25,1,0
BRDA:238,26,0,0
BRDA:238,26,1,0
BRDA:252,27,0,0
BRDA:252,27,1,0
BRDA:252,27,2,0
BRDA:252,27,3,0
BRDA:252,27,4,0
BRDA:252,27,5,0
BRDA:252,27,6,0
BRDA:299,28,0,1
BRDA:299,28,1,0
BRDA:300,29,0,1
BRDA:300,29,1,0
BRDA:300,29,2,0
BRDA:300,29,3,0
BRF:68
BRH:4
end_of_record
TN:
SF:/Users/maggiebrewster/druid/web-console/src/components/center-message/center-message.tsx
FN:26,(anonymous_0)
FN:27,(anonymous_2)
FNF:2
FNH:2
FNDA:7,(anonymous_0)
FNDA:1,(anonymous_2)
DA:19,6
DA:21,6
DA:26,6
DA:27,6
DA:28,1
DA:34,6
LF:6
LH:6
BRF:0
BRH:0
end_of_record
TN:
SF:/Users/maggiebrewster/druid/web-console/src/components/clearable-input/clearable-input.tsx
FN:31,(anonymous_0)
FN:32,(anonymous_2)
FN:38,(anonymous_3)
FN:39,(anonymous_4)
FNF:4
FNH:2
FNDA:7,(anonymous_0)
FNDA:1,(anonymous_2)
FNDA:0,(anonymous_3)
FNDA:0,(anonymous_4)
DA:19,6
DA:20,6
DA:21,6
DA:22,6
DA:31,6
DA:32,6
DA:33,1
DA:35,1
DA:38,0
DA:39,0
DA:43,6
LF:11
LH:9
BRDA:39,0,0,1
BRDA:39,0,1,0
BRF:2
BRH:1
end_of_record
TN:
SF:/Users/maggiebrewster/druid/web-console/src/components/external-link/external-link.tsx
FN:25,(anonymous_0)
FN:26,(anonymous_2)
FNF:2
FNH:2
FNDA:8,(anonymous_0)
FNDA:1,(anonymous_2)
DA:19,7
DA:25,7
DA:26,7
DA:27,1
DA:29,1
DA:36,7
LF:6
LH:6
BRF:0
BRH:0
end_of_record
TN:
SF:/Users/maggiebrewster/druid/web-console/src/components/header-bar/header-bar.tsx
FN:65,(anonymous_0)
FN:66,HeaderBar
FN:75,(anonymous_2)
FN:124,(anonymous_3)
FN:136,(anonymous_4)
FN:143,(anonymous_5)
FN:144,(anonymous_6)
FN:191,(anonymous_7)
FN:197,(anonymous_8)
FN:203,(anonymous_9)
FNF:10
FNH:4
FNDA:6,(anonymous_0)
FNDA:1,HeaderBar
FNDA:1,(anonymous_2)
FNDA:1,(anonymous_3)
FNDA:0,(anonymous_4)
FNDA:0,(anonymous_5)
FNDA:0,(anonymous_6)
FNDA:0,(anonymous_7)
FNDA:0,(anonymous_8)
FNDA:0,(anonymous_9)
DA:19,6
DA:32,6
DA:34,6
DA:36,6
DA:37,6
DA:38,6
DA:40,6
DA:49,6
DA:65,6
DA:67,1
DA:68,1
DA:75,6
DA:76,1
DA:124,6
DA:125,1
DA:126,1
DA:128,1
DA:130,1
DA:135,1
DA:136,0
DA:142,1
DA:143,0
DA:144,0
DA:148,1
DA:191,0
DA:197,0
DA:203,0
DA:208,6
LF:28
LH:22
BRDA:67,0,0,1
BRDA:67,0,1,1
BRDA:161,1,0,0
BRDA:161,1,1,1
BRDA:176,2,0,1
BRDA:176,2,1,1
BRDA:189,3,0,1
BRDA:189,3,1,0
BRDA:195,4,0,1
BRDA:195,4,1,0
BRDA:201,5,0,1
BRDA:201,5,1,0
BRF:12
BRH:8
end_of_record
TN:
SF:/Users/maggiebrewster/druid/web-console/src/components/json-collapse/json-collapse.tsx
FN:32,(anonymous_0)
FN:33,JSONCollapse
FN:40,(anonymous_2)
FN:48,(anonymous_3)
FNF:4
FNH:3
FNDA:8,(anonymous_0)
FNDA:1,JSONCollapse
FNDA:1,(anonymous_2)
FNDA:0,(anonymous_3)
DA:19,8
DA:21,8
DA:32,8
DA:34,1
DA:35,1
DA:40,8
DA:41,1
DA:42,1
DA:43,1
DA:44,1
DA:48,0
DA:61,8
LF:12
LH:11
BRDA:34,0,0,1
BRDA:34,0,1,1
BRF:2
BRH:2
end_of_record
TN:
SF:/Users/maggiebrewster/druid/web-console/src/components/json-input/json-input.tsx
FN:37,(anonymous_0)
FN:38,JSONInput
FN:45,(anonymous_2)
FN:53,(anonymous_3)
FN:61,(anonymous_4)
FN:69,(anonymous_5)
FNF:6
FNH:4
FNDA:8,(anonymous_0)
FNDA:1,JSONInput
FNDA:1,(anonymous_2)
FNDA:0,(anonymous_3)
FNDA:2,(anonymous_4)
FNDA:0,(anonymous_5)
DA:19,8
DA:20,8
DA:22,8
DA:37,8
DA:39,1
DA:40,1
DA:45,8
DA:46,1
DA:47,1
DA:48,1
DA:53,8
DA:54,0
DA:55,0
DA:61,8
DA:62,2
DA:63,2
DA:64,2
DA:70,0
DA:71,0
DA:72,0
DA:92,8
LF:21
LH:16
BRDA:39,0,0,1
BRDA:39,0,1,1
BRDA:54,1,0,0
BRDA:54,1,1,0
BRDA:71,2,0,0
BRDA:71,2,1,0
BRDA:71,3,0,0
BRDA:71,3,1,0
BRDA:72,4,0,0
BRDA:72,4,1,0
BRDA:72,5,0,0
BRDA:72,5,1,0
BRDA:76,6,0,2
BRDA:76,6,1,2
BRDA:77,7,0,2
BRDA:77,7,1,2
BRF:16
BRH:6
end_of_record
TN:
SF:/Users/maggiebrewster/druid/web-console/src/components/loader/loader.tsx
FN:31,(anonymous_0)
FN:33,(anonymous_2)
FNF:2
FNH:2
FNDA:7,(anonymous_0)
FNDA:1,(anonymous_2)
DA:19,6
DA:21,6
DA:31,6
DA:33,6
DA:34,1
DA:35,1
DA:37,0
DA:66,6
LF:8
LH:7
BRDA:35,0,0,1
BRDA:35,0,1,0
BRDA:62,1,0,0
BRDA:62,1,1,0
BRF:4
BRH:1
end_of_record
TN:
SF:/Users/maggiebrewster/druid/web-console/src/components/menu-checkbox/menu-checkbox.tsx
FN:24,(anonymous_0)
FN:26,(anonymous_2)
FNF:2
FNH:2
FNDA:10,(anonymous_0)
FNDA:1,(anonymous_2)
DA:19,9
DA:20,9
DA:22,9
DA:24,9
DA:26,9
DA:27,1
DA:31,9
LF:7
LH:7
BRF:0
BRH:0
end_of_record
TN:
SF:/Users/maggiebrewster/druid/web-console/src/components/null-table-cell/null-table-cell.tsx
FN:30,(anonymous_0)
FN:31,(anonymous_2)
FNF:2
FNH:2
FNDA:7,(anonymous_0)
FNDA:1,(anonymous_2)
DA:20,6
DA:22,6
DA:30,6
DA:31,6
DA:32,1
DA:33,1
DA:34,0
DA:35,1
DA:36,1
DA:37,0
DA:39,1
DA:42,0
DA:45,6
LF:13
LH:10
BRDA:33,0,0,0
BRDA:33,0,1,1
BRDA:35,1,0,1
BRDA:35,1,1,0
BRDA:35,2,0,1
BRDA:35,2,1,1
BRDA:36,3,0,0
BRDA:36,3,1,1
BRF:8
BRH:5
end_of_record
TN:
SF:/Users/maggiebrewster/druid/web-console/src/components/rule-editor/rule-editor.tsx
FN:50,(anonymous_0)
FN:107,RuleEditor
FN:114,(anonymous_2)
FN:124,(anonymous_3)
FN:51,(anonymous_4)
FN:55,(anonymous_5)
FN:61,(anonymous_6)
FN:67,(anonymous_7)
FN:74,(anonymous_8)
FN:81,(anonymous_9)
FN:85,(anonymous_10)
FN:89,(anonymous_11)
FN:97,(anonymous_12)
FN:103,(anonymous_13)
FN:141,(anonymous_14)
FN:150,(anonymous_15)
FN:155,(anonymous_16)
FN:166,(anonymous_17)
FN:169,(anonymous_18)
FN:169,(anonymous_19)
FN:176,(anonymous_20)
FN:183,(anonymous_21)
FN:192,(anonymous_22)
FN:198,(anonymous_23)
FN:204,(anonymous_24)
FN:215,(anonymous_25)
FN:230,(anonymous_26)
FN:238,(anonymous_27)
FN:244,(anonymous_28)
FN:245,(anonymous_29)
FNF:30
FNH:8
FNDA:7,(anonymous_0)
FNDA:1,RuleEditor
FNDA:0,(anonymous_2)
FNDA:0,(anonymous_3)
FNDA:1,(anonymous_4)
FNDA:2,(anonymous_5)
FNDA:1,(anonymous_6)
FNDA:0,(anonymous_7)
FNDA:0,(anonymous_8)
FNDA:0,(anonymous_9)
FNDA:0,(anonymous_10)
FNDA:0,(anonymous_11)
FNDA:0,(anonymous_12)
FNDA:0,(anonymous_13)
FNDA:1,(anonymous_14)
FNDA:0,(anonymous_15)
FNDA:0,(anonymous_16)
FNDA:0,(anonymous_17)
FNDA:0,(anonymous_18)
FNDA:0,(anonymous_19)
FNDA:0,(anonymous_20)
FNDA:1,(anonymous_21)
FNDA:0,(anonymous_22)
FNDA:0,(anonymous_23)
FNDA:1,(anonymous_24)
FNDA:0,(anonymous_25)
FNDA:0,(anonymous_26)
FNDA:0,(anonymous_27)
FNDA:0,(anonymous_28)
FNDA:0,(anonymous_29)
DA:19,7
DA:20,7
DA:22,7
DA:24,7
DA:50,7
DA:51,7
DA:52,1
DA:55,7
DA:56,2
DA:57,2
DA:58,2
DA:61,7
DA:62,1
DA:63,1
DA:64,1
DA:67,7
DA:68,0
DA:69,0
DA:70,0
DA:71,0
DA:74,7
DA:75,0
DA:76,0
DA:77,0
DA:78,0
DA:81,7
DA:82,0
DA:85,7
DA:86,0
DA:89,7
DA:90,0
DA:91,0
DA:92,0
DA:93,0
DA:94,0
DA:97,7
DA:98,0
DA:99,0
DA:100,0
DA:103,7
DA:104,0
DA:108,1
DA:109,1
DA:114,1
DA:115,0
DA:117,0
DA:118,0
DA:120,0
DA:121,0
DA:124,1
DA:125,0
DA:127,0
DA:129,0
DA:130,0
DA:131,0
DA:132,0
DA:133,0
DA:138,0
DA:141,7
DA:142,1
DA:143,1
DA:144,1
DA:146,1
DA:147,1
DA:149,0
DA:150,0
DA:151,0
DA:156,0
DA:157,0
DA:166,0
DA:169,0
DA:170,0
DA:176,0
DA:183,7
DA:184,1
DA:185,1
DA:187,1
DA:192,7
DA:193,0
DA:195,0
DA:198,0
DA:204,7
DA:205,1
DA:206,1
DA:208,1
DA:210,1
DA:211,1
DA:213,1
DA:215,0
DA:230,0
DA:238,0
DA:244,0
DA:245,0
DA:265,7
LF:94
LH:45
BRDA:108,0,0,1
BRDA:108,0,1,1
BRDA:129,1,0,0
BRDA:129,1,1,0
BRDA:131,2,0,0
BRDA:131,2,1,0
BRDA:52,3,0,0
BRDA:52,3,1,1
BRDA:52,4,0,0
BRDA:52,4,1,1
BRDA:57,5,0,0
BRDA:57,5,1,2
BRDA:63,6,0,0
BRDA:63,6,1,1
BRDA:69,7,0,0
BRDA:69,7,1,0
BRDA:70,8,0,0
BRDA:70,8,1,0
BRDA:76,9,0,0
BRDA:76,9,1,0
BRDA:77,10,0,0
BRDA:77,10,1,0
BRDA:143,11,0,0
BRDA:143,11,1,1
BRDA:144,12,0,0
BRDA:144,12,1,1
BRDA:147,13,0,1
BRDA:147,13,1,0
BRDA:156,14,0,0
BRDA:156,14,1,0
BRDA:169,15,0,0
BRDA:169,15,1,0
BRDA:185,16,0,0
BRDA:185,16,1,1
BRDA:185,17,0,1
BRDA:185,17,1,1
BRDA:197,18,0,0
BRDA:197,18,1,0
BRDA:208,19,0,0
BRDA:208,19,1,1
BRDA:215,20,0,1
BRDA:215,20,1,0
BRDA:219,21,0,0
BRDA:219,21,1,1
BRDA:220,22,0,0
BRDA:220,22,1,1
BRDA:244,23,0,1
BRDA:244,23,1,0
BRDA:244,24,0,0
BRDA:244,24,1,0
BRDA:245,25,0,1
BRDA:245,25,1,0
BRDA:245,26,0,0
BRDA:245,26,1,0
BRDA:249,27,0,1
BRDA:249,27,1,1
BRDA:256,28,0,1
BRDA:256,28,1,0
BRF:58
BRH:21
end_of_record
TN:
SF:/Users/maggiebrewster/druid/web-console/src/components/show-json/show-json.tsx
FN:39,(anonymous_0)
FN:40,ShowJson
FN:49,(anonymous_2)
FN:64,(anonymous_5)
FN:76,(anonymous_6)
FN:83,(anonymous_7)
FN:94,(anonymous_8)
FNF:7
FNH:4
FNDA:6,(anonymous_0)
FNDA:1,ShowJson
FNDA:2,(anonymous_2)
FNDA:1,(anonymous_5)
FNDA:0,(anonymous_6)
FNDA:0,(anonymous_7)
FNDA:0,(anonymous_8)
DA:19,6
DA:20,6
DA:21,6
DA:22,6
DA:24,6
DA:25,6
DA:26,6
DA:28,6
DA:39,6
DA:41,1
DA:42,1
DA:46,1
DA:49,1
DA:50,1
DA:52,1
DA:53,0
DA:54,0
DA:58,0
DA:64,6
DA:65,1
DA:66,1
DA:68,1
DA:76,0
DA:84,0
DA:94,0
DA:106,6
LF:26
LH:20
BRDA:41,0,0,1
BRDA:41,0,1,1
BRDA:55,1,0,0
BRDA:55,1,1,0
BRDA:72,2,0,1
BRDA:72,2,1,1
BRF:6
BRH:4
end_of_record
TN:
SF:/Users/maggiebrewster/druid/web-console/src/components/show-log/show-log.tsx
FN:30,removeFirstPartialLine
FN:48,(anonymous_1)
FN:49,ShowLog
FN:58,(anonymous_3)
FN:74,(anonymous_6)
FN:86,(anonymous_7)
FN:93,(anonymous_8)
FN:104,(anonymous_9)
FNF:8
FNH:4
FNDA:0,removeFirstPartialLine
FNDA:6,(anonymous_1)
FNDA:1,ShowLog
FNDA:2,(anonymous_3)
FNDA:1,(anonymous_6)
FNDA:0,(anonymous_7)
FNDA:0,(anonymous_8)
FNDA:0,(anonymous_9)
DA:19,6
DA:20,6
DA:21,6
DA:22,6
DA:24,6
DA:25,6
DA:26,6
DA:28,6
DA:31,0
DA:32,0
DA:33,0
DA:35,0
DA:48,6
DA:50,1
DA:51,1
DA:55,1
DA:58,1
DA:59,1
DA:61,1
DA:62,0
DA:64,0
DA:65,0
DA:66,0
DA:68,0
DA:74,6
DA:75,1
DA:76,1
DA:78,1
DA:86,0
DA:94,0
DA:104,0
DA:116,6
LF:32
LH:20
BRDA:32,0,0,0
BRDA:32,0,1,0
BRDA:50,1,0,1
BRDA:50,1,1,1
BRDA:61,2,0,0
BRDA:61,2,1,1
BRDA:64,3,0,0
BRDA:64,3,1,0
BRDA:65,4,0,0
BRDA:65,4,1,0
BRDA:82,5,0,1
BRDA:82,5,1,1
BRF:12
BRH:5
end_of_record
TN:
SF:/Users/maggiebrewster/druid/web-console/src/components/sql-control/sql-control.tsx
FN:50,validHjson
FN:76,(anonymous_1)
FN:77,SqlControl
FN:88,(anonymous_3)
FN:95,(anonymous_4)
FN:101,(anonymous_5)
FN:110,(anonymous_6)
FN:112,(anonymous_9)
FN:122,(anonymous_10)
FN:130,(anonymous_11)
FN:132,(anonymous_14)
FN:142,(anonymous_15)
FN:150,(anonymous_16)
FN:151,(anonymous_17)
FN:161,(anonymous_18)
FN:171,(anonymous_19)
FN:174,(anonymous_20)
FN:194,(anonymous_21)
FN:212,(anonymous_24)
FN:218,(anonymous_25)
FN:208,(anonymous_26)
FN:224,(anonymous_27)
FN:241,(anonymous_28)
FN:246,(anonymous_29)
FN:251,(anonymous_30)
FN:258,(anonymous_31)
FN:263,(anonymous_32)
FNF:27
FNH:10
FNDA:0,validHjson
FNDA:6,(anonymous_1)
FNDA:2,SqlControl
FNDA:2,(anonymous_3)
FNDA:0,(anonymous_4)
FNDA:0,(anonymous_5)
FNDA:4,(anonymous_6)
FNDA:0,(anonymous_9)
FNDA:0,(anonymous_10)
FNDA:0,(anonymous_11)
FNDA:0,(anonymous_14)
FNDA:0,(anonymous_15)
FNDA:2,(anonymous_16)
FNDA:174,(anonymous_17)
FNDA:0,(anonymous_18)
FNDA:0,(anonymous_19)
FNDA:0,(anonymous_20)
FNDA:4,(anonymous_21)
FNDA:0,(anonymous_24)
FNDA:0,(anonymous_25)
FNDA:2,(anonymous_26)
FNDA:2,(anonymous_27)
FNDA:0,(anonymous_28)
FNDA:0,(anonymous_29)
FNDA:0,(anonymous_30)
FNDA:0,(anonymous_31)
FNDA:2,(anonymous_32)
DA:19,6
DA:28,6
DA:29,6
DA:30,6
DA:31,6
DA:32,6
DA:33,6
DA:34,6
DA:36,6
DA:37,6
DA:38,6
DA:39,6
DA:41,6
DA:42,6
DA:43,6
DA:45,6
DA:47,6
DA:51,0
DA:52,0
DA:53,0
DA:55,0
DA:59,6
DA:76,6
DA:78,2
DA:79,2
DA:88,2
DA:94,2
DA:96,0
DA:97,0
DA:99,0
DA:100,0
DA:101,0
DA:102,0
DA:104,0
DA:107,2
DA:110,2
DA:111,2
DA:112,0
DA:113,0
DA:114,0
DA:121,0
DA:123,0
DA:127,0
DA:130,2
DA:131,0
DA:132,0
DA:133,0
DA:134,0
DA:141,0
DA:143,0
DA:147,0
DA:150,2
DA:151,2
DA:152,174
DA:153,174
DA:154,174
DA:162,0
DA:163,0
DA:164,0
DA:170,2
DA:172,0
DA:175,0
DA:176,0
DA:177,0
DA:191,2
DA:194,2
DA:196,2
DA:197,2
DA:198,2
DA:199,0
DA:201,0
DA:208,6
DA:209,2
DA:212,2
DA:213,0
DA:218,2
DA:219,0
DA:220,0
DA:221,0
DA:224,6
DA:225,2
DA:226,2
DA:228,2
DA:241,0
DA:246,0
DA:251,0
DA:258,0
DA:263,6
DA:264,2
DA:265,2
DA:266,2
DA:269,2
DA:311,6
LF:93
LH:52
BRDA:78,0,0,2
BRDA:78,0,1,2
BRDA:96,1,0,0
BRDA:96,1,1,0
BRDA:111,2,0,2
BRDA:131,3,0,0
BRDA:153,4,0,20
BRDA:153,4,1,154
BRDA:175,5,0,0
BRDA:175,5,1,0
BRDA:80,6,0,2
BRDA:80,6,1,0
BRDA:232,7,0,0
BRDA:232,7,1,2
BRDA:236,8,0,2
BRDA:236,8,1,2
BRDA:271,9,0,0
BRDA:271,9,1,2
BRDA:272,10,0,0
BRDA:272,10,1,2
BRDA:286,11,0,0
BRDA:286,11,1,2
BRDA:287,12,0,0
BRDA:287,12,1,2
BRDA:297,13,0,0
BRDA:297,13,1,2
BRDA:297,14,0,2
BRDA:297,14,1,0
BRDA:298,15,0,2
BRDA:298,15,1,0
BRDA:305,16,0,2
BRDA:305,16,1,1
BRF:32
BRH:18
end_of_record
TN:
SF:/Users/maggiebrewster/druid/web-console/src/components/table-column/table-column-selection.tsx
FN:37,(anonymous_0)
FN:39,TableColumnSelection
FN:46,(anonymous_2)
FN:49,(anonymous_3)
FN:54,(anonymous_4)
FNF:5
FNH:4
FNDA:6,(anonymous_0)
FNDA:8,TableColumnSelection
FNDA:15,(anonymous_2)
FNDA:89,(anonymous_3)
FNDA:0,(anonymous_4)
DA:19,6
DA:20,6
DA:21,6
DA:23,6
DA:25,6
DA:37,6
DA:40,8
DA:41,8
DA:46,6
DA:47,15
DA:48,15
DA:49,89
DA:54,0
DA:59,15
DA:67,6
LF:15
LH:14
BRDA:40,0,0,8
BRDA:40,0,1,8
BRF:2
BRH:2
end_of_record
TN:
SF:/Users/maggiebrewster/druid/web-console/src/components/view-control-bar/view-control-bar.tsx
FN:27,(anonymous_0)
FN:28,ViewControlBar
FN:32,(anonymous_2)
FNF:3
FNH:3
FNDA:6,(anonymous_0)
FNDA:8,ViewControlBar
FNDA:15,(anonymous_2)
DA:19,6
DA:21,6
DA:27,6
DA:29,8
DA:32,6
DA:33,15
DA:35,15
DA:40,6
LF:8
LH:8
BRDA:29,0,0,8
BRDA:29,0,1,8
BRF:2
BRH:2
end_of_record
TN:
SF:/Users/maggiebrewster/druid/web-console/src/dialogs/index.ts
FNF:0
FNH:0
DA:8,3
DA:9,3
DA:10,3
DA:11,3
DA:12,3
DA:13,3
DA:14,3
DA:15,3
DA:16,3
DA:17,3
DA:18,3
DA:19,3
DA:20,3
DA:21,3
LF:14
LH:14
BRF:0
BRH:0
end_of_record
TN:
SF:/Users/maggiebrewster/druid/web-console/src/dialogs/about-dialog/about-dialog.tsx
FN:33,(anonymous_0)
FN:34,AboutDialog
FN:39,(anonymous_2)
FNF:3
FNH:1
FNDA:6,(anonymous_0)
FNDA:0,AboutDialog
FNDA:0,(anonymous_2)
DA:19,6
DA:20,6
DA:21,6
DA:23,6
DA:24,6
DA:33,6
DA:35,0
DA:36,0
DA:39,6
DA:40,0
DA:43,0
DA:82,6
LF:12
LH:8
BRDA:35,0,0,0
BRDA:35,0,1,0
BRF:2
BRH:0
end_of_record
TN:
SF:/Users/maggiebrewster/druid/web-console/src/dialogs/async-action-dialog/async-action-dialog.tsx
FN:50,(anonymous_0)
FN:51,AsyncActionDialog
FN:58,(anonymous_2)
FN:82,(anonymous_5)
FN:87,(anonymous_6)
FNF:5
FNH:3
FNDA:3,(anonymous_0)
FNDA:6,AsyncActionDialog
FNDA:0,(anonymous_2)
FNDA:12,(anonymous_5)
FNDA:0,(anonymous_6)
DA:19,3
DA:28,3
DA:29,3
DA:31,3
DA:50,3
DA:52,6
DA:53,6
DA:58,6
DA:59,0
DA:60,0
DA:62,0
DA:64,0
DA:66,0
DA:70,0
DA:71,0
DA:72,0
DA:74,0
DA:78,0
DA:79,0
DA:82,3
DA:83,12
DA:84,12
DA:85,12
DA:87,0
DA:89,0
DA:109,3
LF:26
LH:13
BRDA:52,0,0,6
BRDA:52,0,1,6
BRDA:60,1,0,0
BRDA:60,1,1,0
BRDA:85,2,0,12
BRDA:85,2,1,0
BRDA:96,3,0,0
BRDA:96,3,1,0
BRDA:97,4,0,0
BRDA:97,4,1,0
BRDA:101,5,0,0
BRDA:101,5,1,0
BRDA:104,6,0,0
BRDA:104,6,1,0
BRF:14
BRH:3
end_of_record
TN:
SF:/Users/maggiebrewster/druid/web-console/src/dialogs/compaction-dialog/compaction-dialog.tsx
FN:39,(anonymous_0)
FN:40,CompactionDialog
FN:48,(anonymous_2)
FN:69,(anonymous_3)
FN:115,(anonymous_4)
FN:116,(anonymous_5)
FN:133,(anonymous_6)
FNF:7
FNH:1
FNDA:3,(anonymous_0)
FNDA:0,CompactionDialog
FNDA:0,(anonymous_2)
FNDA:0,(anonymous_3)
FNDA:0,(anonymous_4)
FNDA:0,(anonymous_5)
FNDA:0,(anonymous_6)
DA:19,3
DA:20,3
DA:22,3
DA:24,3
DA:39,3
DA:41,0
DA:42,0
DA:48,3
DA:49,0
DA:50,0
DA:61,0
DA:62,0
DA:64,0
DA:69,3
DA:70,0
DA:71,0
DA:72,0
DA:115,0
DA:116,0
DA:133,0
DA:140,3
LF:21
LH:8
BRDA:41,0,0,0
BRDA:41,0,1,0
BRDA:61,1,0,0
BRDA:61,1,1,0
BRDA:134,2,0,0
BRDA:134,2,1,0
BRF:6
BRH:0
end_of_record
TN:
SF:/Users/maggiebrewster/druid/web-console/src/dialogs/coordinator-dynamic-config/coordinator-dynamic-config.tsx
FN:42,(anonymous_0)
FN:45,CoordinatorDynamicConfigDialog
FN:89,(anonymous_2)
FN:89,(anonymous_3)
FN:53,(anonymous_5)
FN:57,(anonymous_6)
FN:57,(anonymous_7)
FN:61,(anonymous_9)
FN:71,(anonymous_10)
FN:114,(anonymous_13)
FN:182,(anonymous_14)
FNF:11
FNH:1
FNDA:6,(anonymous_0)
FNDA:0,CoordinatorDynamicConfigDialog
FNDA:0,(anonymous_2)
FNDA:0,(anonymous_3)
FNDA:0,(anonymous_5)
FNDA:0,(anonymous_6)
FNDA:0,(anonymous_7)
FNDA:0,(anonymous_9)
FNDA:0,(anonymous_10)
FNDA:0,(anonymous_13)
FNDA:0,(anonymous_14)
DA:19,6
DA:20,6
DA:21,6
DA:22,6
DA:24,6
DA:25,6
DA:26,6
DA:27,6
DA:29,6
DA:31,6
DA:42,6
DA:46,0
DA:47,0
DA:53,6
DA:54,0
DA:56,0
DA:57,0
DA:58,0
DA:59,0
DA:61,0
DA:62,0
DA:68,0
DA:71,6
DA:72,0
DA:74,0
DA:75,0
DA:77,0
DA:82,0
DA:84,0
DA:89,0
DA:90,0
DA:91,0
DA:93,0
DA:100,0
DA:107,0
DA:111,0
DA:114,6
DA:115,0
DA:116,0
DA:118,0
DA:182,0
DA:186,6
LF:42
LH:15
BRDA:46,0,0,0
BRDA:46,0,1,0
BRDA:58,1,0,0
BRF:3
BRH:0
end_of_record
TN:
SF:/Users/maggiebrewster/druid/web-console/src/dialogs/history-dialog/history-dialog.tsx
FN:34,(anonymous_0)
FN:35,HistoryDialog
FN:42,(anonymous_2)
FN:52,(anonymous_3)
FN:82,(anonymous_4)
FNF:5
FNH:1
FNDA:7,(anonymous_0)
FNDA:0,HistoryDialog
FNDA:0,(anonymous_2)
FNDA:0,(anonymous_3)
FNDA:0,(anonymous_4)
DA:19,7
DA:20,7
DA:22,7
DA:24,7
DA:34,7
DA:36,0
DA:37,0
DA:42,7
DA:43,0
DA:45,0
DA:46,0
DA:48,0
DA:53,0
DA:54,0
DA:55,0
DA:57,0
DA:76,0
DA:82,7
DA:83,0
DA:90,7
LF:20
LH:8
BRDA:36,0,0,0
BRDA:36,0,1,0
BRDA:45,1,0,0
BRDA:45,1,1,0
BRDA:64,2,0,0
BRDA:64,2,1,0
BRF:6
BRH:0
end_of_record
TN:
SF:/Users/maggiebrewster/druid/web-console/src/dialogs/lookup-edit-dialog/lookup-edit-dialog.tsx
FN:43,(anonymous_0)
FN:45,LookupEditDialog
FN:52,(anonymous_2)
FN:59,(anonymous_3)
FN:65,(anonymous_4)
FN:71,(anonymous_5)
FN:72,(anonymous_6)
FN:80,(anonymous_7)
FN:95,(anonymous_8)
FN:106,(anonymous_9)
FN:108,(anonymous_10)
FN:119,(anonymous_11)
FN:144,(anonymous_12)
FNF:13
FNH:4
FNDA:3,(anonymous_0)
FNDA:1,LookupEditDialog
FNDA:0,(anonymous_2)
FNDA:2,(anonymous_3)
FNDA:0,(anonymous_4)
FNDA:0,(anonymous_5)
FNDA:0,(anonymous_6)
FNDA:2,(anonymous_7)
FNDA:0,(anonymous_8)
FNDA:0,(anonymous_9)
FNDA:0,(anonymous_10)
FNDA:0,(anonymous_11)
FNDA:0,(anonymous_12)
DA:19,3
DA:20,3
DA:21,3
DA:23,3
DA:25,3
DA:43,3
DA:46,1
DA:47,1
DA:52,1
DA:53,0
DA:54,0
DA:55,0
DA:56,0
DA:59,3
DA:60,2
DA:61,2
DA:62,0
DA:65,0
DA:70,2
DA:71,0
DA:72,0
DA:80,3
DA:81,2
DA:83,2
DA:86,2
DA:95,0
DA:106,0
DA:108,0
DA:119,0
DA:144,0
DA:151,3
LF:31
LH:18
BRDA:46,0,0,1
BRDA:46,0,1,1
BRDA:61,1,0,0
BRDA:61,1,1,2
BRDA:83,2,0,2
BRDA:83,2,1,0
BRDA:83,2,2,0
BRDA:83,2,3,0
BRDA:90,3,0,0
BRDA:90,3,1,2
BRF:10
BRH:5
end_of_record
TN:
SF:/Users/maggiebrewster/druid/web-console/src/dialogs/overlord-dynamic-config/overlord-dynamic-config.tsx
FN:43,(anonymous_0)
FN:46,OverlordDynamicConfigDialog
FN:91,(anonymous_2)
FN:91,(anonymous_3)
FN:55,(anonymous_5)
FN:59,(anonymous_6)
FN:59,(anonymous_7)
FN:63,(anonymous_9)
FN:73,(anonymous_10)
FN:116,(anonymous_13)
FN:145,(anonymous_14)
FN:146,(anonymous_15)
FNF:12
FNH:1
FNDA:6,(anonymous_0)
FNDA:0,OverlordDynamicConfigDialog
FNDA:0,(anonymous_2)
FNDA:0,(anonymous_3)
FNDA:0,(anonymous_5)
FNDA:0,(anonymous_6)
FNDA:0,(anonymous_7)
FNDA:0,(anonymous_9)
FNDA:0,(anonymous_10)
FNDA:0,(anonymous_13)
FNDA:0,(anonymous_14)
FNDA:0,(anonymous_15)
DA:19,6
DA:20,6
DA:21,6
DA:22,6
DA:24,6
DA:25,6
DA:26,6
DA:27,6
DA:29,6
DA:31,6
DA:43,6
DA:47,0
DA:48,0
DA:55,6
DA:56,0
DA:58,0
DA:59,0
DA:60,0
DA:61,0
DA:63,0
DA:64,0
DA:70,0
DA:73,6
DA:74,0
DA:76,0
DA:77,0
DA:79,0
DA:84,0
DA:86,0
DA:91,0
DA:92,0
DA:93,0
DA:95,0
DA:102,0
DA:109,0
DA:113,0
DA:116,6
DA:117,0
DA:118,0
DA:120,0
DA:145,0
DA:146,0
DA:150,6
LF:43
LH:15
BRDA:47,0,0,0
BRDA:47,0,1,0
BRDA:60,1,0,0
BRDA:77,2,0,0
BRDA:77,2,1,0
BRF:5
BRH:0
end_of_record
TN:
SF:/Users/maggiebrewster/druid/web-console/src/dialogs/query-plan-dialog/query-plan-dialog.tsx
FN:36,(anonymous_0)
FN:38,QueryPlanDialog
FN:43,(anonymous_2)
FNF:3
FNH:1
FNDA:3,(anonymous_0)
FNDA:0,QueryPlanDialog
FNDA:0,(anonymous_2)
DA:19,3
DA:20,3
DA:24,3
DA:36,3
DA:39,0
DA:40,0
DA:43,3
DA:44,0
DA:48,0
DA:49,0
DA:50,0
DA:51,0
DA:52,0
DA:54,0
DA:55,0
DA:56,0
DA:57,0
DA:64,0
DA:75,0
DA:77,0
DA:78,0
DA:79,0
DA:80,0
DA:81,0
DA:87,0
DA:88,0
DA:89,0
DA:96,0
DA:117,0
DA:120,0
DA:139,3
LF:31
LH:6
BRDA:39,0,0,0
BRDA:39,0,1,0
BRDA:48,1,0,0
BRDA:48,1,1,0
BRDA:50,2,0,0
BRDA:50,2,1,0
BRDA:52,3,0,0
BRDA:52,3,1,0
BRDA:55,4,0,0
BRDA:55,4,1,0
BRDA:56,5,0,0
BRDA:56,5,1,0
BRDA:75,6,0,0
BRDA:75,6,1,0
BRDA:75,7,0,0
BRDA:75,7,1,0
BRDA:79,8,0,0
BRDA:79,8,1,0
BRDA:80,9,0,0
BRDA:80,9,1,0
BRDA:87,10,0,0
BRDA:87,10,1,0
BRDA:88,11,0,0
BRDA:88,11,1,0
BRF:24
BRH:0
end_of_record
TN:
SF:/Users/maggiebrewster/druid/web-console/src/dialogs/retention-dialog/retention-dialog.tsx
FN:31,reorderArray
FN:55,(anonymous_1)
FN:58,RetentionDialog
FN:84,(anonymous_3)
FN:91,(anonymous_4)
FN:94,(anonymous_5)
FN:104,(anonymous_6)
FN:107,(anonymous_7)
FN:125,(anonymous_8)
FN:133,(anonymous_9)
FN:134,(anonymous_10)
FN:135,(anonymous_11)
FN:136,(anonymous_12)
FN:140,(anonymous_13)
FN:148,(anonymous_14)
FN:67,(anonymous_15)
FN:70,(anonymous_16)
FN:70,(anonymous_17)
FN:74,(anonymous_19)
FN:114,(anonymous_20)
FN:162,(anonymous_21)
FNF:21
FNH:2
FNDA:5,reorderArray
FNDA:4,(anonymous_1)
FNDA:0,RetentionDialog
FNDA:0,(anonymous_3)
FNDA:0,(anonymous_4)
FNDA:0,(anonymous_5)
FNDA:0,(anonymous_6)
FNDA:0,(anonymous_7)
FNDA:0,(anonymous_8)
FNDA:0,(anonymous_9)
FNDA:0,(anonymous_10)
FNDA:0,(anonymous_11)
FNDA:0,(anonymous_12)
FNDA:0,(anonymous_13)
FNDA:0,(anonymous_14)
FNDA:0,(anonymous_15)
FNDA:0,(anonymous_16)
FNDA:0,(anonymous_17)
FNDA:0,(anonymous_19)
FNDA:0,(anonymous_20)
FNDA:0,(anonymous_21)
DA:19,4
DA:20,4
DA:21,4
DA:22,4
DA:24,4
DA:25,4
DA:27,4
DA:29,4
DA:31,4
DA:32,5
DA:34,5
DA:36,5
DA:38,5
DA:55,4
DA:59,0
DA:61,0
DA:67,4
DA:68,0
DA:69,0
DA:70,0
DA:71,0
DA:72,0
DA:74,0
DA:75,0
DA:81,0
DA:84,0
DA:85,0
DA:86,0
DA:88,0
DA:91,0
DA:92,0
DA:94,0
DA:95,0
DA:96,0
DA:99,0
DA:104,0
DA:105,0
DA:107,0
DA:109,0
DA:114,4
DA:115,0
DA:116,0
DA:118,0
DA:120,0
DA:125,0
DA:126,0
DA:127,0
DA:129,0
DA:133,0
DA:134,0
DA:135,0
DA:136,0
DA:140,0
DA:141,0
DA:143,0
DA:148,0
DA:149,0
DA:150,0
DA:152,0
DA:157,0
DA:162,4
DA:163,0
DA:164,0
DA:166,0
DA:196,4
LF:65
LH:18
BRDA:34,0,0,2
BRDA:34,0,1,3
BRDA:59,1,0,0
BRDA:59,1,1,0
BRDA:94,2,0,0
BRDA:94,2,1,0
BRDA:95,3,0,0
BRDA:95,3,1,0
BRDA:107,4,0,0
BRDA:107,4,1,0
BRDA:135,5,0,0
BRDA:135,5,1,0
BRDA:136,6,0,0
BRDA:136,6,1,0
BRDA:136,7,0,0
BRDA:136,7,1,0
BRDA:152,8,0,0
BRDA:152,8,1,0
BRDA:71,9,0,0
BRDA:116,10,0,0
BRDA:116,10,1,0
BRDA:172,11,0,0
BRDA:172,11,1,0
BRDA:183,12,0,0
BRDA:183,12,1,0
BRDA:189,13,0,0
BRDA:189,13,1,0
BRDA:189,13,2,0
BRF:28
BRH:2
end_of_record
TN:
SF:/Users/maggiebrewster/druid/web-console/src/dialogs/snitch-dialog/snitch-dialog.tsx
FN:52,(anonymous_0)
FN:53,SnitchDialog
FN:62,(anonymous_2)
FN:79,(anonymous_3)
FN:85,(anonymous_4)
FN:92,(anonymous_5)
FN:98,(anonymous_6)
FN:70,(anonymous_7)
FN:104,(anonymous_8)
FN:115,(anonymous_9)
FN:126,(anonymous_10)
FN:139,(anonymous_11)
FN:161,(anonymous_12)
FNF:13
FNH:1
FNDA:7,(anonymous_0)
FNDA:0,SnitchDialog
FNDA:0,(anonymous_2)
FNDA:0,(anonymous_3)
FNDA:0,(anonymous_4)
FNDA:0,(anonymous_5)
FNDA:0,(anonymous_6)
FNDA:0,(anonymous_7)
FNDA:0,(anonymous_8)
FNDA:0,(anonymous_9)
FNDA:0,(anonymous_10)
FNDA:0,(anonymous_11)
FNDA:0,(anonymous_12)
DA:19,7
DA:28,7
DA:29,7
DA:30,7
DA:32,7
DA:34,7
DA:52,7
DA:54,0
DA:56,0
DA:62,0
DA:63,0
DA:64,0
DA:66,0
DA:67,0
DA:70,7
DA:71,0
DA:73,0
DA:79,0
DA:80,0
DA:82,0
DA:85,0
DA:86,0
DA:92,0
DA:93,0
DA:98,0
DA:99,0
DA:104,7
DA:105,0
DA:106,0
DA:108,0
DA:115,0
DA:126,7
DA:127,0
DA:128,0
DA:139,7
DA:140,0
DA:141,0
DA:143,0
DA:161,7
DA:162,0
DA:163,0
DA:165,0
DA:166,0
DA:168,0
DA:169,0
DA:170,0
DA:180,7
LF:47
LH:13
BRDA:54,0,0,0
BRDA:54,0,1,0
BRDA:67,1,0,0
BRDA:67,1,1,0
BRDA:82,2,0,0
BRDA:82,2,1,0
BRDA:145,3,0,0
BRDA:145,3,1,0
BRDA:144,4,0,0
BRDA:144,4,1,0
BRDA:150,5,0,0
BRDA:150,5,1,0
BRDA:151,6,0,0
BRDA:151,6,1,0
BRDA:155,7,0,0
BRDA:155,7,1,0
BRDA:165,8,0,0
BRDA:165,8,1,0
BRDA:166,9,0,0
BRDA:166,9,1,0
BRF:20
BRH:0
end_of_record
TN:
SF:/Users/maggiebrewster/druid/web-console/src/dialogs/spec-dialog/spec-dialog.tsx
FN:38,(anonymous_0)
FN:48,SpecDialog
FN:39,(anonymous_2)
FN:55,(anonymous_3)
FN:63,(anonymous_4)
FN:78,(anonymous_5)
FN:102,(anonymous_6)
FNF:7
FNH:1
FNDA:3,(anonymous_0)
FNDA:0,SpecDialog
FNDA:0,(anonymous_2)
FNDA:0,(anonymous_3)
FNDA:0,(anonymous_4)
FNDA:0,(anonymous_5)
FNDA:0,(anonymous_6)
DA:19,3
DA:20,3
DA:21,3
DA:22,3
DA:23,3
DA:25,3
DA:38,3
DA:39,3
DA:40,0
DA:41,0
DA:42,0
DA:44,0
DA:49,0
DA:50,0
DA:55,3
DA:56,0
DA:57,0
DA:58,0
DA:59,0
DA:60,0
DA:63,3
DA:64,0
DA:65,0
DA:67,0
DA:78,0
DA:102,0
DA:109,3
LF:27
LH:11
BRDA:49,0,0,0
BRDA:49,0,1,0
BRDA:51,1,0,0
BRDA:51,1,1,0
BRDA:58,2,0,0
BRDA:58,2,1,0
BRF:6
BRH:0
end_of_record
TN:
SF:/Users/maggiebrewster/druid/web-console/src/dialogs/supervisor-table-action-dialog/supervisor-table-action-dialog.tsx
FN:37,(anonymous_0)
FN:38,SupervisorTableActionDialog
FN:45,(anonymous_2)
FN:54,(anonymous_3)
FN:60,(anonymous_4)
FN:66,(anonymous_5)
FN:72,(anonymous_6)
FNF:7
FNH:1
FNDA:3,(anonymous_0)
FNDA:0,SupervisorTableActionDialog
FNDA:0,(anonymous_2)
FNDA:0,(anonymous_3)
FNDA:0,(anonymous_4)
FNDA:0,(anonymous_5)
FNDA:0,(anonymous_6)
DA:20,3
DA:22,3
DA:23,3
DA:25,3
DA:37,3
DA:39,0
DA:40,0
DA:45,3
DA:46,0
DA:47,0
DA:49,0
DA:54,0
DA:60,0
DA:66,0
DA:72,0
DA:76,0
DA:89,3
LF:17
LH:7
BRDA:39,0,0,0
BRDA:39,0,1,0
BRDA:83,1,0,0
BRDA:83,1,1,0
BRDA:84,2,0,0
BRDA:84,2,1,0
BRDA:85,3,0,0
BRDA:85,3,1,0
BRDA:86,4,0,0
BRDA:86,4,1,0
BRF:10
BRH:0
end_of_record
TN:
SF:/Users/maggiebrewster/druid/web-console/src/dialogs/table-action-dialog/table-action-dialog.tsx
FN:37,(anonymous_0)
FN:38,TableActionDialog
FN:43,(anonymous_2)
FN:55,(anonymous_3)
FNF:4
FNH:1
FNDA:3,(anonymous_0)
FNDA:0,TableActionDialog
FNDA:0,(anonymous_2)
FNDA:0,(anonymous_3)
DA:19,3
DA:20,3
DA:22,3
DA:37,3
DA:39,0
DA:40,0
DA:43,3
DA:44,0
DA:46,0
DA:55,0
DA:86,3
LF:11
LH:6
BRDA:39,0,0,0
BRDA:39,0,1,0
BRDA:61,1,0,0
BRDA:61,1,1,0
BRF:4
BRH:0
end_of_record
TN:
SF:/Users/maggiebrewster/druid/web-console/src/dialogs/task-table-action-dialog/task-table-action-dialog.tsx
FN:38,(anonymous_0)
FN:39,TaskTableActionDialog
FN:46,(anonymous_2)
FN:55,(anonymous_3)
FN:61,(anonymous_4)
FN:67,(anonymous_5)
FN:73,(anonymous_6)
FNF:7
FNH:1
FNDA:3,(anonymous_0)
FNDA:0,TaskTableActionDialog
FNDA:0,(anonymous_2)
FNDA:0,(anonymous_3)
FNDA:0,(anonymous_4)
FNDA:0,(anonymous_5)
FNDA:0,(anonymous_6)
DA:20,3
DA:22,3
DA:23,3
DA:24,3
DA:26,3
DA:38,3
DA:40,0
DA:41,0
DA:46,3
DA:47,0
DA:48,0
DA:50,0
DA:55,0
DA:61,0
DA:67,0
DA:73,0
DA:77,0
DA:90,3
LF:18
LH:8
BRDA:40,0,0,0
BRDA:40,0,1,0
BRDA:84,1,0,0
BRDA:84,1,1,0
BRDA:85,2,0,0
BRDA:85,2,1,0
BRDA:86,3,0,0
BRDA:86,3,1,0
BRDA:87,4,0,0
BRDA:87,4,1,0
BRF:10
BRH:0
end_of_record
TN:
SF:/Users/maggiebrewster/druid/web-console/src/singletons/toaster.ts
FNF:0
FNH:0
DA:19,9
DA:21,9
LF:2
LH:2
BRF:0
BRH:0
end_of_record
TN:
SF:/Users/maggiebrewster/druid/web-console/src/singletons/url-baser.ts
FN:19,(anonymous_0)
FN:22,(anonymous_2)
FNF:2
FNH:2
FNDA:8,(anonymous_0)
FNDA:2,(anonymous_2)
DA:19,8
DA:20,8
DA:22,8
DA:23,2
DA:24,2
DA:26,8
LF:6
LH:6
BRDA:23,0,0,0
BRDA:23,0,1,2
BRF:2
BRH:1
end_of_record
TN:
SF:/Users/maggiebrewster/druid/web-console/src/utils/basic-action.tsx
FN:29,basicActionsToMenu
FN:33,(anonymous_1)
FN:46,basicActionsToButtons
FN:50,(anonymous_3)
FNF:4
FNH:0
FNDA:0,basicActionsToMenu
FNDA:0,(anonymous_1)
FNDA:0,basicActionsToButtons
FNDA:0,(anonymous_3)
DA:19,3
DA:20,3
DA:29,3
DA:30,0
DA:31,0
DA:33,0
DA:46,3
DA:47,0
DA:48,0
DA:50,0
LF:10
LH:4
BRDA:30,0,0,0
BRDA:30,0,1,0
BRDA:47,1,0,0
BRDA:47,1,1,0
BRF:4
BRH:0
end_of_record
TN:
SF:/Users/maggiebrewster/druid/web-console/src/utils/druid-query.ts
FN:22,parseHtmlError
FN:33,getDruidErrorMessage
FN:53,queryDruidRune
FN:63,queryDruidSql
FN:83,parseQueryPlanResult
FN:109,parseQueryPlan
FNF:6
FNH:0
FNDA:0,parseHtmlError
FNDA:0,getDruidErrorMessage
FNDA:0,queryDruidRune
FNDA:0,queryDruidSql
FNDA:0,parseQueryPlanResult
FNDA:0,parseQueryPlan
DA:19,12
DA:22,12
DA:23,0
DA:24,0
DA:25,0
DA:27,0
DA:33,12
DA:34,0
DA:35,0
DA:37,0
DA:45,0
DA:46,0
DA:49,0
DA:53,12
DA:56,0
DA:58,0
DA:60,0
DA:63,12
DA:66,0
DA:68,0
DA:70,0
DA:84,0
DA:85,0
DA:91,0
DA:92,0
DA:93,0
DA:97,0
DA:98,0
DA:99,0
DA:103,0
DA:109,12
DA:110,0
DA:111,0
DA:113,0
DA:114,0
DA:118,0
DA:119,0
DA:121,0
DA:122,0
DA:123,0
DA:124,0
DA:125,0
DA:126,0
DA:127,0
DA:128,0
DA:134,0
DA:137,0
LF:47
LH:6
BRDA:25,0,0,0
BRDA:25,0,1,0
BRDA:25,1,0,0
BRDA:25,1,1,0
BRDA:34,2,0,0
BRDA:34,2,1,0
BRDA:34,3,0,0
BRDA:34,3,1,0
BRDA:36,4,0,0
BRDA:36,4,1,0
BRDA:36,4,2,0
BRDA:37,5,0,0
BRDA:37,5,1,0
BRDA:41,6,0,0
BRDA:41,6,1,0
BRDA:46,7,0,0
BRDA:46,7,1,0
BRDA:60,8,0,0
BRDA:70,9,0,0
BRDA:84,10,0,0
BRDA:84,10,1,0
BRDA:97,11,0,0
BRDA:97,11,1,0
BRDA:97,12,0,0
BRDA:97,12,1,0
BRDA:104,13,0,0
BRDA:104,13,1,0
BRDA:105,14,0,0
BRDA:105,14,1,0
BRDA:113,15,0,0
BRDA:113,15,1,0
BRDA:121,16,0,0
BRDA:121,16,1,0
BRDA:123,17,0,0
BRDA:123,17,1,0
BRDA:127,18,0,0
BRDA:127,18,1,0
BRF:37
BRH:0
end_of_record
TN:
SF:/Users/maggiebrewster/druid/web-console/src/utils/general.tsx
FN:26,addFilter
FN:28,(anonymous_1)
FN:30,(anonymous_2)
FN:40,makeTextFilter
FN:41,(anonymous_4)
FN:45,(anonymous_5)
FN:47,(anonymous_6)
FN:53,makeBooleanFilter
FN:54,(anonymous_8)
FN:59,(anonymous_9)
FN:77,getNeedleAndMode
FN:90,booleanCustomTableFilter
FN:103,sqlQueryCustomTableFilter
FN:115,countBy
FN:124,lookupBy
FN:133,parseList
FN:140,formatNumber
FN:144,formatBytes
FN:148,formatBytesCompact
FN:152,pad2
FN:156,formatDuration
FN:163,pluralIfNeeded
FN:168,getHeadProp
FN:175,parseJson
FN:183,validJson
FN:193,stringifyJSON
FN:202,parseStringToJSON
FN:210,filterMap
FN:214,sortWithPrefixSuffix
FN:215,(anonymous_29)
FN:216,(anonymous_30)
FN:217,(anonymous_31)
FN:223,downloadFile
FNF:33
FNH:3
FNDA:0,addFilter
FNDA:0,(anonymous_1)
FNDA:0,(anonymous_2)
FNDA:0,makeTextFilter
FNDA:0,(anonymous_4)
FNDA:0,(anonymous_5)
FNDA:0,(anonymous_6)
FNDA:0,makeBooleanFilter
FNDA:0,(anonymous_8)
FNDA:0,(anonymous_9)
FNDA:0,getNeedleAndMode
FNDA:0,booleanCustomTableFilter
FNDA:0,sqlQueryCustomTableFilter
FNDA:0,countBy
FNDA:0,lookupBy
FNDA:0,parseList
FNDA:8,formatNumber
FNDA:0,formatBytes
FNDA:0,formatBytesCompact
FNDA:0,pad2
FNDA:0,formatDuration
FNDA:8,pluralIfNeeded
FNDA:0,getHeadProp
FNDA:0,parseJson
FNDA:0,validJson
FNDA:1,stringifyJSON
FNDA:0,parseStringToJSON
FNDA:0,filterMap
FNDA:0,sortWithPrefixSuffix
FNDA:0,(anonymous_29)
FNDA:0,(anonymous_30)
FNDA:0,(anonymous_31)
FNDA:0,downloadFile
DA:19,12
DA:20,12
DA:21,12
DA:22,12
DA:23,12
DA:26,12
DA:27,0
DA:28,0
DA:29,0
DA:30,0
DA:31,0
DA:32,0
DA:35,0
DA:37,0
DA:40,12
DA:41,0
DA:42,0
DA:43,0
DA:45,0
DA:47,0
DA:53,12
DA:54,0
DA:55,0
DA:56,0
DA:59,0
DA:78,0
DA:79,0
DA:84,0
DA:90,12
DA:91,0
DA:92,0
DA:94,0
DA:95,0
DA:96,0
DA:97,0
DA:98,0
DA:100,0
DA:103,12
DA:104,0
DA:105,0
DA:106,0
DA:107,0
DA:108,0
DA:110,0
DA:115,12
DA:116,0
DA:117,0
DA:118,0
DA:119,0
DA:121,0
DA:124,12
DA:125,0
DA:126,0
DA:127,0
DA:128,0
DA:130,0
DA:133,12
DA:134,0
DA:135,0
DA:140,12
DA:141,8
DA:144,12
DA:145,0
DA:148,12
DA:149,0
DA:153,0
DA:156,12
DA:157,0
DA:158,0
DA:159,0
DA:160,0
DA:163,12
DA:164,8
DA:165,8
DA:168,12
DA:169,0
DA:170,0
DA:175,12
DA:176,0
DA:177,0
DA:179,0
DA:183,12
DA:184,0
DA:185,0
DA:186,0
DA:188,0
DA:193,12
DA:194,1
DA:195,1
DA:197,0
DA:202,12
DA:203,0
DA:204,0
DA:206,0
DA:210,12
DA:211,0
DA:214,12
DA:215,0
DA:216,0
DA:217,0
DA:218,0
DA:223,12
DA:224,0
DA:227,0
LF:104
LH:31
BRDA:29,0,0,0
BRDA:29,0,1,0
BRDA:31,1,0,0
BRDA:31,1,1,0
BRDA:40,2,0,0
BRDA:40,2,1,0
BRDA:42,3,0,0
BRDA:42,3,1,0
BRDA:47,4,0,0
BRDA:47,4,1,0
BRDA:55,5,0,0
BRDA:55,5,1,0
BRDA:60,6,0,0
BRDA:60,6,1,0
BRDA:78,7,0,0
BRDA:78,7,1,0
BRDA:78,8,0,0
BRDA:78,8,1,0
BRDA:85,9,0,0
BRDA:85,9,1,0
BRDA:91,10,0,0
BRDA:91,10,1,0
BRDA:97,11,0,0
BRDA:97,11,1,0
BRDA:107,12,0,0
BRDA:107,12,1,0
BRDA:115,13,0,0
BRDA:115,13,1,0
BRDA:119,14,0,0
BRDA:119,14,1,0
BRDA:124,15,0,0
BRDA:124,15,1,0
BRDA:134,16,0,0
BRDA:134,16,1,0
BRDA:164,17,0,8
BRDA:164,17,1,0
BRDA:165,18,0,0
BRDA:165,18,1,8
BRDA:169,19,0,0
BRDA:169,19,1,0
BRDA:169,20,0,0
BRDA:169,20,1,0
BRDA:170,21,0,0
BRDA:170,21,1,0
BRDA:194,22,0,1
BRDA:194,22,1,0
BRDA:203,23,0,0
BRDA:203,23,1,0
BRDA:216,24,0,0
BRDA:216,24,1,0
BRF:50
BRH:3
end_of_record
TN:
SF:/Users/maggiebrewster/druid/web-console/src/utils/index.tsx
FNF:0
FNH:0
DA:19,12
DA:20,12
DA:21,12
DA:22,12
DA:23,12
DA:24,12
DA:25,12
LF:7
LH:7
BRF:0
BRH:0
end_of_record
TN:
SF:/Users/maggiebrewster/druid/web-console/src/utils/local-storage-keys.tsx
FN:35,localStorageSet
FN:40,localStorageGet
FNF:2
FNH:1
FNDA:0,localStorageSet
FNDA:7,localStorageGet
DA:19,12
DA:35,12
DA:36,0
DA:37,0
DA:40,12
DA:41,7
DA:42,7
LF:7
LH:5
BRDA:36,0,0,0
BRDA:36,0,1,0
BRDA:41,1,0,0
BRDA:41,1,1,7
BRF:4
BRH:1
end_of_record
TN:
SF:/Users/maggiebrewster/druid/web-console/src/utils/object-change.ts
FN:19,shallowCopy
FN:23,isEmpty
FN:27,parsePath
FN:51,makePath
FN:52,(anonymous_4)
FN:55,isAppend
FN:59,deepGet
FN:67,deepSet
FN:82,deepDelete
FN:111,whitelistKeys
FNF:10
FNH:9
FNDA:21,shallowCopy
FNDA:6,isEmpty
FNDA:27,parsePath
FNDA:15,makePath
FNDA:27,(anonymous_4)
FNDA:5,isAppend
FNDA:3,deepGet
FNDA:10,deepSet
FNDA:11,deepDelete
FNDA:0,whitelistKeys
DA:19,8
DA:20,21
DA:24,6
DA:27,8
DA:28,27
DA:29,27
DA:30,27
DA:31,62
DA:32,62
DA:33,2
DA:34,2
DA:35,2
DA:38,60
DA:39,60
DA:40,60
DA:41,60
DA:42,60
DA:45,0
DA:48,27
DA:51,8
DA:52,27
DA:56,5
DA:59,8
DA:60,3
DA:61,8
DA:62,8
DA:64,3
DA:67,8
DA:68,10
DA:69,10
DA:70,10
DA:71,10
DA:72,10
DA:73,7
DA:74,7
DA:75,7
DA:77,3
DA:79,10
DA:82,8
DA:83,11
DA:84,11
DA:85,11
DA:86,11
DA:87,7
DA:88,7
DA:89,6
DA:90,6
DA:92,6
DA:93,1
DA:95,5
DA:98,1
DA:102,4
DA:103,1
DA:105,3
DA:108,11
DA:111,8
DA:112,0
DA:113,0
DA:114,0
DA:115,0
DA:118,0
LF:61
LH:55
BRDA:20,0,0,3
BRDA:20,0,1,18
BRDA:24,1,0,1
BRDA:24,1,1,5
BRDA:32,2,0,2
BRDA:32,2,1,60
BRDA:39,3,0,60
BRDA:39,3,1,0
BRDA:52,4,0,1
BRDA:52,4,1,26
BRDA:56,5,0,5
BRDA:56,5,1,4
BRDA:62,6,0,8
BRDA:62,6,1,0
BRDA:71,7,0,1
BRDA:71,7,1,9
BRDA:71,8,0,10
BRDA:71,8,1,2
BRDA:72,9,0,7
BRDA:72,9,1,3
BRDA:75,10,0,7
BRDA:75,10,1,3
BRDA:75,11,0,0
BRDA:75,11,1,3
BRDA:86,12,0,7
BRDA:86,12,1,4
BRDA:88,13,0,6
BRDA:88,13,1,1
BRDA:92,14,0,1
BRDA:92,14,1,5
BRDA:102,15,0,1
BRDA:102,15,1,3
BRDA:102,16,0,4
BRDA:102,16,1,1
BRDA:114,17,0,0
BRDA:114,17,1,0
BRF:36
BRH:31
end_of_record
TN:
SF:/Users/maggiebrewster/druid/web-console/src/utils/query-manager.tsx
FN:34,(anonymous_0)
FN:52,QueryManager
FN:67,(anonymous_2)
FN:74,(anonymous_3)
FN:82,(anonymous_4)
FN:91,(anonymous_5)
FN:103,(anonymous_6)
FN:119,(anonymous_7)
FN:124,(anonymous_8)
FN:129,(anonymous_9)
FN:133,(anonymous_10)
FN:137,(anonymous_11)
FNF:12
FNH:5
FNDA:12,(anonymous_0)
FNDA:16,QueryManager
FNDA:14,(anonymous_2)
FNDA:0,(anonymous_3)
FNDA:0,(anonymous_4)
FNDA:0,(anonymous_5)
FNDA:14,(anonymous_6)
FNDA:14,(anonymous_7)
FNDA:0,(anonymous_8)
FNDA:0,(anonymous_9)
FNDA:0,(anonymous_10)
FNDA:0,(anonymous_11)
DA:19,12
DA:34,12
DA:38,16
DA:41,16
DA:42,16
DA:47,16
DA:53,16
DA:54,16
DA:55,16
DA:56,16
DA:58,0
DA:60,16
DA:61,16
DA:63,0
DA:67,12
DA:68,14
DA:69,14
DA:70,14
DA:74,12
DA:75,0
DA:76,0
DA:77,0
DA:79,0
DA:80,0
DA:83,0
DA:84,0
DA:85,0
DA:92,0
DA:93,0
DA:94,0
DA:103,12
DA:104,14
DA:106,14
DA:112,14
DA:113,0
DA:115,14
DA:119,12
DA:120,14
DA:121,14
DA:124,12
DA:125,0
DA:126,0
DA:129,12
DA:130,0
DA:133,12
DA:134,0
DA:137,12
DA:138,0
DA:140,12
LF:49
LH:30
BRDA:55,0,0,16
BRDA:55,0,1,0
BRDA:56,1,0,16
BRDA:56,1,1,16
BRDA:60,2,0,16
BRDA:60,2,1,0
BRDA:61,3,0,16
BRDA:61,3,1,16
BRDA:69,4,0,14
BRDA:69,4,1,0
BRDA:69,5,0,14
BRDA:69,5,1,14
BRDA:83,6,0,0
BRDA:83,6,1,0
BRDA:92,7,0,0
BRDA:92,7,1,0
BRDA:112,8,0,0
BRDA:112,8,1,14
BRF:18
BRH:10
end_of_record
TN:
SF:/Users/maggiebrewster/druid/web-console/src/utils/query-state.ts
FN:21,(anonymous_0)
FN:28,QueryState
FN:46,(anonymous_2)
FN:50,(anonymous_3)
FNF:4
FNH:2
FNDA:12,(anonymous_0)
FNDA:12,QueryState
FNDA:0,(anonymous_2)
FNDA:0,(anonymous_3)
DA:21,12
DA:22,12
DA:24,12
DA:29,12
DA:30,0
DA:31,0
DA:33,0
DA:34,0
DA:37,12
DA:38,0
DA:39,0
DA:41,12
DA:46,12
DA:47,0
DA:50,12
DA:51,0
DA:53,12
LF:17
LH:9
BRDA:29,0,0,0
BRDA:29,0,1,12
BRDA:30,1,0,0
BRDA:30,1,1,0
BRDA:37,2,0,0
BRDA:37,2,1,12
BRDA:41,3,0,0
BRDA:41,3,1,12
BRF:8
BRH:3
end_of_record
TN:
SF:/Users/maggiebrewster/druid/web-console/src/utils/rune-decoder.tsx
FN:36,flatArrayToHeaderRows
FN:41,(anonymous_1)
FN:41,(anonymous_2)
FN:45,processTimeseries
FN:49,(anonymous_4)
FN:51,(anonymous_5)
FN:56,processArrayWithResultArray
FN:57,(anonymous_7)
FN:60,processArrayWithEvent
FN:61,(anonymous_9)
FN:64,processArrayWithResult
FN:65,(anonymous_11)
FN:68,processSelect
FN:69,(anonymous_13)
FN:69,(anonymous_14)
FN:72,processScan
FN:74,(anonymous_16)
FN:77,processSegmentMetadata
FN:78,(anonymous_18)
FN:79,(anonymous_19)
FN:84,decodeRune
FN:128,(anonymous_21)
FNF:22
FNH:0
FNDA:0,flatArrayToHeaderRows
FNDA:0,(anonymous_1)
FNDA:0,(anonymous_2)
FNDA:0,processTimeseries
FNDA:0,(anonymous_4)
FNDA:0,(anonymous_5)
FNDA:0,processArrayWithResultArray
FNDA:0,(anonymous_7)
FNDA:0,processArrayWithEvent
FNDA:0,(anonymous_9)
FNDA:0,processArrayWithResult
FNDA:0,(anonymous_11)
FNDA:0,processSelect
FNDA:0,(anonymous_13)
FNDA:0,(anonymous_14)
FNDA:0,processScan
FNDA:0,(anonymous_16)
FNDA:0,processSegmentMetadata
FNDA:0,(anonymous_18)
FNDA:0,(anonymous_19)
FNDA:0,decodeRune
FNDA:0,(anonymous_21)
DA:24,12
DA:37,0
DA:38,0
DA:39,0
DA:41,0
DA:46,0
DA:47,0
DA:50,0
DA:51,0
DA:57,0
DA:61,0
DA:65,0
DA:69,0
DA:73,0
DA:74,0
DA:78,0
DA:79,0
DA:81,0
DA:84,12
DA:85,0
DA:86,0
DA:87,0
DA:88,0
DA:89,0
DA:90,0
DA:91,0
DA:93,0
DA:96,0
DA:104,0
DA:106,0
DA:108,0
DA:112,0
DA:115,0
DA:119,0
DA:122,0
DA:125,0
DA:126,0
DA:128,0
DA:131,0
DA:134,0
DA:137,0
LF:41
LH:2
BRDA:37,0,0,0
BRDA:37,0,1,0
BRDA:38,1,0,0
BRDA:38,1,1,0
BRDA:86,2,0,0
BRDA:86,2,1,0
BRDA:87,3,0,0
BRDA:87,3,1,0
BRDA:88,4,0,0
BRDA:88,4,1,0
BRDA:89,5,0,0
BRDA:89,5,1,0
BRDA:90,6,0,0
BRDA:90,6,1,0
BRDA:104,7,0,0
BRDA:104,7,1,0
BRDA:107,8,0,0
BRDA:107,8,1,0
BRDA:107,8,2,0
BRDA:107,8,3,0
BRDA:107,8,4,0
BRDA:107,8,5,0
BRDA:107,8,6,0
BRDA:107,8,7,0
BRDA:107,8,8,0
BRDA:107,8,9,0
BRDA:125,9,0,0
BRDA:125,9,1,0
BRF:28
BRH:0
end_of_record
TN:
SF:/Users/maggiebrewster/druid/web-console/src/utils/spec-utils.ts
FN:24,computeFlattenPathsForData
FN:25,(anonymous_1)
FN:34,computeFlattenExprsForData
FN:49,addPath
FN:68,isNested
FNF:5
FNH:3
FNDA:0,computeFlattenPathsForData
FNDA:0,(anonymous_1)
FNDA:2,computeFlattenExprsForData
FNDA:28,addPath
FNDA:78,isNested
DA:24,1
DA:25,0
DA:26,0
DA:34,1
DA:35,2
DA:36,6
DA:37,6
DA:38,24
DA:39,24
DA:40,24
DA:41,12
DA:46,2
DA:50,28
DA:51,14
DA:52,8
DA:53,16
DA:54,16
DA:56,6
DA:57,0
DA:58,0
DA:63,14
DA:69,78
LF:22
LH:18
BRDA:40,0,0,12
BRDA:40,0,1,12
BRDA:41,1,0,6
BRDA:41,1,1,6
BRDA:50,2,0,14
BRDA:50,2,1,14
BRDA:51,3,0,8
BRDA:51,3,1,6
BRDA:56,4,0,0
BRDA:56,4,1,6
BRDA:69,5,0,78
BRDA:69,5,1,78
BRDA:69,5,2,44
BRDA:69,5,3,18
BRF:14
BRH:13
end_of_record
TN:
SF:/Users/maggiebrewster/druid/web-console/src/utils/table-column-selection-handler.tsx
FN:21,(anonymous_0)
FN:26,TableColumnSelectionHandler
FN:32,(anonymous_2)
FN:46,(anonymous_3)
FN:49,(anonymous_4)
FN:58,(anonymous_5)
FNF:6
FNH:4
FNDA:12,(anonymous_0)
FNDA:7,TableColumnSelectionHandler
FNDA:7,(anonymous_2)
FNDA:0,(anonymous_3)
FNDA:0,(anonymous_4)
FNDA:86,(anonymous_5)
DA:19,12
DA:21,12
DA:27,7
DA:28,7
DA:29,7
DA:32,12
DA:33,7
DA:34,7
DA:35,7
DA:36,7
DA:37,7
DA:39,0
DA:42,0
DA:46,12
DA:48,0
DA:49,0
DA:51,0
DA:53,0
DA:54,0
DA:55,0
DA:58,12
DA:59,86
DA:61,12
LF:23
LH:15
BRDA:36,0,0,7
BRDA:36,0,1,0
BRDA:48,1,0,0
BRDA:48,1,1,0
BRF:4
BRH:1
end_of_record
TN:
SF:/Users/maggiebrewster/druid/web-console/src/views/home-view/home-view.tsx
FN:77,(anonymous_0)
FN:86,HomeView
FN:124,(anonymous_2)
FN:128,(anonymous_3)
FN:128,(anonymous_4)
FN:132,(anonymous_6)
FN:146,(anonymous_7)
FN:146,(anonymous_8)
FN:156,(anonymous_10)
FN:170,(anonymous_11)
FN:170,(anonymous_12)
FN:178,(anonymous_14)
FN:184,(anonymous_15)
FN:192,(anonymous_16)
FN:205,(anonymous_17)
FN:205,(anonymous_18)
FN:208,(anonymous_20)
FN:209,(anonymous_21)
FN:215,(anonymous_22)
FN:230,(anonymous_23)
FN:230,(anonymous_24)
FN:240,(anonymous_26)
FN:241,(anonymous_27)
FN:247,(anonymous_28)
FN:254,(anonymous_29)
FN:276,(anonymous_30)
FN:276,(anonymous_31)
FN:277,(anonymous_33)
FN:280,(anonymous_36)
FN:291,(anonymous_37)
FN:305,(anonymous_38)
FN:305,(anonymous_39)
FN:310,(anonymous_41)
FN:322,(anonymous_42)
FN:331,(anonymous_43)
FN:340,(anonymous_44)
FNF:36
FNH:12
FNDA:1,(anonymous_0)
FNDA:1,HomeView
FNDA:1,(anonymous_2)
FNDA:0,(anonymous_3)
FNDA:0,(anonymous_4)
FNDA:1,(anonymous_6)
FNDA:0,(anonymous_7)
FNDA:0,(anonymous_8)
FNDA:1,(anonymous_10)
FNDA:0,(anonymous_11)
FNDA:0,(anonymous_12)
FNDA:0,(anonymous_14)
FNDA:0,(anonymous_15)
FNDA:1,(anonymous_16)
FNDA:0,(anonymous_17)
FNDA:0,(anonymous_18)
FNDA:0,(anonymous_20)
FNDA:0,(anonymous_21)
FNDA:1,(anonymous_22)
FNDA:0,(anonymous_23)
FNDA:0,(anonymous_24)
FNDA:0,(anonymous_26)
FNDA:0,(anonymous_27)
FNDA:0,(anonymous_28)
FNDA:1,(anonymous_29)
FNDA:0,(anonymous_30)
FNDA:0,(anonymous_31)
FNDA:0,(anonymous_33)
FNDA:0,(anonymous_36)
FNDA:1,(anonymous_37)
FNDA:0,(anonymous_38)
FNDA:0,(anonymous_39)
FNDA:1,(anonymous_41)
FNDA:0,(anonymous_42)
FNDA:12,(anonymous_43)
FNDA:2,(anonymous_44)
DA:19,1
DA:20,1
DA:21,1
DA:22,1
DA:24,1
DA:25,1
DA:27,1
DA:77,1
DA:87,1
DA:88,1
DA:124,1
DA:125,1
DA:127,1
DA:128,0
DA:129,0
DA:130,0
DA:132,1
DA:133,1
DA:141,1
DA:145,1
DA:146,0
DA:148,0
DA:149,0
DA:151,0
DA:152,0
DA:154,0
DA:156,1
DA:157,1
DA:165,1
DA:169,1
DA:170,0
DA:171,0
DA:172,0
DA:173,0
DA:176,0
DA:177,0
DA:178,0
DA:179,0
DA:182,0
DA:183,0
DA:184,0
DA:185,0
DA:188,0
DA:192,1
DA:193,1
DA:201,1
DA:204,1
DA:205,0
DA:206,0
DA:207,0
DA:208,0
DA:209,0
DA:210,0
DA:215,1
DA:216,1
DA:225,1
DA:229,1
DA:230,0
DA:231,0
DA:232,0
DA:233,0
DA:235,0
DA:236,0
DA:237,0
DA:238,0
DA:239,0
DA:240,0
DA:241,0
DA:247,0
DA:248,0
DA:249,0
DA:250,0
DA:252,0
DA:254,1
DA:255,1
DA:267,1
DA:275,1
DA:276,0
DA:277,0
DA:278,0
DA:279,0
DA:280,0
DA:282,0
DA:283,0
DA:284,0
DA:285,0
DA:286,0
DA:288,0
DA:291,1
DA:292,1
DA:300,1
DA:304,1
DA:305,0
DA:306,0
DA:307,0
DA:308,0
DA:310,1
DA:311,1
DA:319,1
DA:322,1
DA:323,0
DA:324,0
DA:325,0
DA:326,0
DA:327,0
DA:328,0
DA:331,1
DA:332,12
DA:340,1
DA:341,2
DA:343,2
DA:416,1
LF:112
LH:47
BRDA:87,0,0,1
BRDA:87,0,1,1
BRDA:129,1,0,0
BRDA:151,2,0,0
BRDA:151,2,1,0
BRDA:148,3,0,0
BRDA:148,3,1,0
BRDA:176,4,0,0
BRDA:171,5,0,0
BRDA:171,5,1,0
BRDA:173,6,0,0
BRDA:173,6,1,0
BRDA:206,7,0,0
BRDA:217,8,0,0
BRDA:217,8,1,1
BRDA:218,9,0,0
BRDA:218,9,1,1
BRDA:235,10,0,0
BRDA:232,11,0,0
BRDA:232,11,1,0
BRDA:257,12,0,0
BRDA:257,12,1,1
BRDA:258,13,0,0
BRDA:258,13,1,1
BRDA:259,14,0,0
BRDA:259,14,1,1
BRDA:260,15,0,0
BRDA:260,15,1,1
BRDA:261,16,0,0
BRDA:261,16,1,1
BRDA:285,17,0,0
BRDA:285,17,1,0
BRDA:285,17,2,0
BRDA:285,17,3,0
BRDA:278,18,0,0
BRDA:282,19,0,0
BRDA:282,19,1,0
BRDA:284,20,0,0
BRDA:284,20,1,0
BRDA:285,21,0,0
BRDA:285,21,1,0
BRDA:306,22,0,0
BRDA:332,23,0,2
BRDA:332,23,1,10
BRDA:335,24,0,7
BRDA:335,24,1,5
BRDA:335,25,0,0
BRDA:335,25,1,5
BRDA:349,26,0,0
BRDA:349,26,1,2
BRDA:377,27,0,2
BRDA:377,27,1,2
BRDA:378,28,0,2
BRDA:378,28,1,0
BRDA:379,29,0,2
BRDA:379,29,1,0
BRDA:390,30,0,2
BRDA:390,30,1,0
BRDA:391,31,0,2
BRDA:391,31,1,0
BRDA:392,32,0,2
BRDA:392,32,1,0
BRDA:393,33,0,2
BRDA:393,33,1,0
BRDA:394,34,0,2
BRDA:394,34,1,0
BRDA:395,35,0,2
BRDA:395,35,1,2
BRDA:395,36,0,2
BRDA:395,36,1,2
BRDA:395,36,2,2
BRDA:395,36,3,2
BRDA:395,36,4,2
BRDA:407,37,0,2
BRDA:407,37,1,1
BRF:75
BRH:33
end_of_record
TN:
SF:/Users/maggiebrewster/druid/web-console/src/views/lookups-view/lookups-view.tsx
FN:60,(anonymous_0)
FN:64,LookupsView
FN:83,(anonymous_2)
FN:87,(anonymous_3)
FN:89,(anonymous_4)
FN:89,(anonymous_5)
FN:96,(anonymous_7)
FN:98,(anonymous_8)
FN:108,(anonymous_9)
FN:122,(anonymous_10)
FN:126,(anonymous_11)
FN:141,(anonymous_14)
FN:145,(anonymous_17)
FN:169,(anonymous_18)
FN:175,(anonymous_19)
FN:213,(anonymous_22)
FN:218,(anonymous_23)
FN:226,(anonymous_26)
FN:237,(anonymous_27)
FN:246,(anonymous_28)
FN:261,(anonymous_29)
FN:268,(anonymous_30)
FN:275,(anonymous_31)
FN:282,(anonymous_32)
FN:289,(anonymous_33)
FN:291,(anonymous_34)
FN:295,(anonymous_35)
FN:297,(anonymous_36)
FN:309,(anonymous_37)
FN:314,(anonymous_38)
FN:315,(anonymous_39)
FN:316,(anonymous_40)
FN:326,(anonymous_41)
FN:335,(anonymous_42)
FN:342,(anonymous_43)
FN:347,(anonymous_44)
FNF:36
FNH:8
FNDA:1,(anonymous_0)
FNDA:1,LookupsView
FNDA:0,(anonymous_2)
FNDA:1,(anonymous_3)
FNDA:0,(anonymous_4)
FNDA:0,(anonymous_5)
FNDA:0,(anonymous_7)
FNDA:0,(anonymous_8)
FNDA:1,(anonymous_9)
FNDA:0,(anonymous_10)
FNDA:0,(anonymous_11)
FNDA:0,(anonymous_14)
FNDA:0,(anonymous_17)
FNDA:0,(anonymous_18)
FNDA:0,(anonymous_19)
FNDA:2,(anonymous_22)
FNDA:0,(anonymous_23)
FNDA:0,(anonymous_26)
FNDA:2,(anonymous_27)
FNDA:0,(anonymous_28)
FNDA:0,(anonymous_29)
FNDA:0,(anonymous_30)
FNDA:0,(anonymous_31)
FNDA:0,(anonymous_32)
FNDA:0,(anonymous_33)
FNDA:0,(anonymous_34)
FNDA:0,(anonymous_35)
FNDA:0,(anonymous_36)
FNDA:2,(anonymous_37)
FNDA:0,(anonymous_38)
FNDA:0,(anonymous_39)
FNDA:0,(anonymous_40)
FNDA:2,(anonymous_41)
FNDA:0,(anonymous_42)
FNDA:0,(anonymous_43)
FNDA:0,(anonymous_44)
DA:19,1
DA:20,1
DA:21,1
DA:23,1
DA:24,1
DA:26,1
DA:27,1
DA:28,1
DA:29,1
DA:35,1
DA:37,1
DA:60,1
DA:65,1
DA:66,1
DA:82,1
DA:83,0
DA:87,1
DA:88,1
DA:89,0
DA:90,0
DA:91,0
DA:93,0
DA:94,0
DA:95,0
DA:96,0
DA:97,0
DA:98,0
DA:99,0
DA:103,0
DA:108,1
DA:109,1
DA:119,1
DA:122,1
DA:123,0
DA:126,1
DA:128,0
DA:129,0
DA:131,0
DA:141,1
DA:142,0
DA:143,0
DA:145,0
DA:146,0
DA:148,0
DA:149,0
DA:158,0
DA:169,1
DA:170,0
DA:175,1
DA:176,0
DA:177,0
DA:178,0
DA:180,0
DA:181,0
DA:182,0
DA:187,0
DA:197,0
DA:198,0
DA:201,0
DA:203,0
DA:213,2
DA:214,2
DA:216,2
DA:218,0
DA:219,0
DA:227,0
DA:228,0
DA:237,2
DA:238,2
DA:239,2
DA:241,2
DA:242,0
DA:246,0
DA:251,2
DA:261,0
DA:268,0
DA:275,0
DA:282,0
DA:289,0
DA:292,0
DA:293,0
DA:294,0
DA:295,0
DA:297,0
DA:309,2
DA:310,2
DA:312,2
DA:314,0
DA:315,0
DA:316,0
DA:326,2
DA:327,2
DA:328,2
DA:330,2
DA:335,0
DA:342,0
DA:347,0
DA:356,1
LF:98
LH:41
BRDA:65,0,0,1
BRDA:65,0,1,1
BRDA:90,1,0,0
BRDA:110,2,0,0
BRDA:110,2,1,1
BRDA:114,3,0,1
BRDA:114,3,1,0
BRDA:143,4,0,0
BRDA:143,4,1,0
BRDA:146,5,0,0
BRDA:146,5,1,0
BRDA:148,6,0,0
BRDA:148,6,1,0
BRDA:180,7,0,0
BRDA:180,7,1,0
BRDA:218,8,0,0
BRDA:218,8,1,2
BRDA:219,9,0,0
BRDA:228,10,0,0
BRDA:228,10,1,0
BRDA:241,11,0,0
BRDA:241,11,1,2
BRDA:253,12,0,2
BRDA:253,12,1,1
BRDA:255,13,0,0
BRDA:255,13,1,2
BRDA:255,14,0,2
BRDA:255,14,1,0
BRDA:255,14,2,0
BRDA:255,15,0,2
BRDA:255,15,1,2
BRDA:338,16,0,2
BRDA:338,16,1,2
BRF:33
BRH:14
end_of_record
TN:
SF:/Users/maggiebrewster/druid/web-console/src/views/servers-view/servers-view.tsx
FN:41,formatQueues
FN:95,(anonymous_1)
FN:101,ServersView
FN:117,(anonymous_3)
FN:121,(anonymous_4)
FN:141,(anonymous_5)
FN:144,(anonymous_6)
FN:144,(anonymous_7)
FN:156,(anonymous_9)
FN:164,(anonymous_10)
FN:179,(anonymous_11)
FN:179,(anonymous_12)
FN:183,(anonymous_14)
FN:196,(anonymous_15)
FN:201,(anonymous_16)
FN:205,(anonymous_17)
FN:218,(anonymous_18)
FN:227,(anonymous_19)
FN:233,(anonymous_20)
FN:235,(anonymous_21)
FN:245,(anonymous_22)
FN:246,(anonymous_23)
FN:247,(anonymous_24)
FN:250,(anonymous_25)
FN:263,(anonymous_26)
FN:264,(anonymous_27)
FN:265,(anonymous_28)
FN:268,(anonymous_29)
FN:280,(anonymous_30)
FN:281,(anonymous_31)
FN:282,(anonymous_32)
FN:283,(anonymous_33)
FN:284,(anonymous_34)
FN:287,(anonymous_35)
FN:299,(anonymous_36)
FN:300,(anonymous_37)
FN:305,(anonymous_38)
FN:306,(anonymous_39)
FN:307,(anonymous_40)
FN:308,(anonymous_41)
FN:309,(anonymous_42)
FN:310,(anonymous_43)
FN:318,(anonymous_44)
FN:324,(anonymous_45)
FN:334,(anonymous_46)
FN:343,(anonymous_47)
FN:354,(anonymous_48)
FN:361,(anonymous_49)
FN:362,(anonymous_50)
FN:364,(anonymous_51)
FN:372,(anonymous_52)
FN:380,(anonymous_53)
FN:397,(anonymous_54)
FN:404,(anonymous_55)
FN:404,(anonymous_56)
FN:413,(anonymous_57)
FN:423,(anonymous_58)
FN:430,(anonymous_59)
FN:436,(anonymous_60)
FN:440,(anonymous_61)
FN:452,(anonymous_62)
FN:456,(anonymous_63)
FN:125,(anonymous_64)
FN:128,(anonymous_67)
FN:128,(anonymous_68)
FNF:65
FNH:8
FNDA:0,formatQueues
FNDA:2,(anonymous_1)
FNDA:2,ServersView
FNDA:0,(anonymous_3)
FNDA:0,(anonymous_4)
FNDA:2,(anonymous_5)
FNDA:0,(anonymous_6)
FNDA:0,(anonymous_7)
FNDA:0,(anonymous_9)
FNDA:2,(anonymous_10)
FNDA:0,(anonymous_11)
FNDA:0,(anonymous_12)
FNDA:2,(anonymous_14)
FNDA:0,(anonymous_15)
FNDA:4,(anonymous_16)
FNDA:0,(anonymous_17)
FNDA:0,(anonymous_18)
FNDA:0,(anonymous_19)
FNDA:0,(anonymous_20)
FNDA:0,(anonymous_21)
FNDA:0,(anonymous_22)
FNDA:0,(anonymous_23)
FNDA:0,(anonymous_24)
FNDA:0,(anonymous_25)
FNDA:0,(anonymous_26)
FNDA:0,(anonymous_27)
FNDA:0,(anonymous_28)
FNDA:0,(anonymous_29)
FNDA:0,(anonymous_30)
FNDA:0,(anonymous_31)
FNDA:0,(anonymous_32)
FNDA:0,(anonymous_33)
FNDA:0,(anonymous_34)
FNDA:0,(anonymous_35)
FNDA:0,(anonymous_36)
FNDA:0,(anonymous_37)
FNDA:0,(anonymous_38)
FNDA:0,(anonymous_39)
FNDA:0,(anonymous_40)
FNDA:0,(anonymous_41)
FNDA:0,(anonymous_42)
FNDA:0,(anonymous_43)
FNDA:0,(anonymous_44)
FNDA:0,(anonymous_45)
FNDA:0,(anonymous_46)
FNDA:4,(anonymous_47)
FNDA:0,(anonymous_48)
FNDA:0,(anonymous_49)
FNDA:0,(anonymous_50)
FNDA:0,(anonymous_51)
FNDA:0,(anonymous_52)
FNDA:0,(anonymous_53)
FNDA:0,(anonymous_54)
FNDA:0,(anonymous_55)
FNDA:0,(anonymous_56)
FNDA:4,(anonymous_57)
FNDA:0,(anonymous_58)
FNDA:0,(anonymous_59)
FNDA:0,(anonymous_60)
FNDA:0,(anonymous_61)
FNDA:0,(anonymous_62)
FNDA:0,(anonymous_63)
FNDA:0,(anonymous_64)
FNDA:0,(anonymous_67)
FNDA:0,(anonymous_68)
DA:19,4
DA:20,2
DA:21,2
DA:22,2
DA:23,2
DA:24,2
DA:27,2
DA:28,2
DA:36,2
DA:38,2
DA:39,2
DA:42,0
DA:43,0
DA:44,0
DA:46,0
DA:47,0
DA:49,0
DA:95,2
DA:102,2
DA:103,2
DA:116,2
DA:117,0
DA:120,2
DA:121,0
DA:125,2
DA:126,0
DA:127,0
DA:128,0
DA:129,0
DA:141,2
DA:142,2
DA:143,2
DA:144,0
DA:146,0
DA:147,0
DA:148,0
DA:149,0
DA:152,0
DA:154,0
DA:155,0
DA:156,0
DA:157,0
DA:158,0
DA:159,0
DA:161,0
DA:164,2
DA:165,2
DA:173,2
DA:178,2
DA:179,0
DA:180,0
DA:181,0
DA:183,2
DA:184,2
DA:192,2
DA:196,2
DA:197,0
DA:198,0
DA:201,4
DA:202,4
DA:203,4
DA:205,4
DA:206,0
DA:212,4
DA:219,0
DA:227,0
DA:234,0
DA:235,0
DA:246,0
DA:247,0
DA:248,0
DA:251,0
DA:252,0
DA:253,0
DA:264,0
DA:265,0
DA:266,0
DA:269,0
DA:270,0
DA:271,0
DA:280,0
DA:282,0
DA:283,0
DA:284,0
DA:285,0
DA:288,0
DA:289,0
DA:290,0
DA:299,0
DA:301,0
DA:302,0
DA:303,0
DA:306,0
DA:307,0
DA:308,0
DA:309,0
DA:310,0
DA:311,0
DA:318,0
DA:325,0
DA:326,0
DA:327,0
DA:329,0
DA:330,0
DA:332,0
DA:334,0
DA:343,4
DA:344,4
DA:345,4
DA:346,4
DA:348,4
DA:355,0
DA:361,0
DA:363,0
DA:364,0
DA:372,0
DA:380,0
DA:398,0
DA:399,0
DA:404,0
DA:413,4
DA:414,4
DA:415,4
DA:416,4
DA:418,4
DA:423,0
DA:430,0
DA:436,0
DA:440,0
DA:452,0
DA:456,0
DA:463,2
LF:132
LH:44
BRDA:43,0,0,0
BRDA:43,0,1,0
BRDA:46,1,0,0
BRDA:46,1,1,0
BRDA:49,2,0,0
BRDA:49,2,1,0
BRDA:102,3,0,2
BRDA:102,3,1,2
BRDA:113,4,0,2
BRDA:113,4,1,0
BRDA:152,5,0,0
BRDA:152,5,1,0
BRDA:146,6,0,0
BRDA:146,6,1,0
BRDA:148,7,0,0
BRDA:148,7,1,0
BRDA:158,8,0,0
BRDA:158,8,1,0
BRDA:180,9,0,0
BRDA:213,10,0,4
BRDA:213,10,1,4
BRDA:215,11,0,0
BRDA:215,11,1,4
BRDA:215,12,0,4
BRDA:215,12,1,0
BRDA:215,12,2,0
BRDA:215,13,0,4
BRDA:215,13,1,4
BRDA:221,14,0,0
BRDA:221,14,1,4
BRDA:251,15,0,0
BRDA:251,15,1,0
BRDA:252,16,0,0
BRDA:252,16,1,0
BRDA:269,17,0,0
BRDA:269,17,1,0
BRDA:270,18,0,0
BRDA:270,18,1,0
BRDA:280,19,0,0
BRDA:280,19,1,0
BRDA:288,20,0,0
BRDA:288,20,1,0
BRDA:289,21,0,0
BRDA:289,21,1,0
BRDA:299,22,0,0
BRDA:299,22,1,0
BRDA:299,23,0,0
BRDA:299,23,1,0
BRDA:301,24,0,0
BRDA:301,24,1,0
BRDA:326,25,0,0
BRDA:326,25,1,0
BRDA:329,26,0,0
BRDA:329,26,1,0
BRDA:332,27,0,0
BRDA:332,27,1,0
BRDA:349,28,0,4
BRDA:349,28,1,4
BRDA:351,29,0,0
BRDA:351,29,1,4
BRDA:351,30,0,4
BRDA:351,30,1,0
BRDA:351,30,2,0
BRDA:351,31,0,4
BRDA:351,31,1,4
BRDA:402,32,0,0
BRDA:402,32,1,0
BRDA:426,33,0,4
BRDA:426,33,1,4
BRDA:126,34,0,0
BRF:70
BRH:18
end_of_record
TN:
SF:/Users/maggiebrewster/druid/web-console/src/views/sql-view/sql-view.tsx
FN:64,(anonymous_0)
FN:69,SqlView
FN:169,(anonymous_2)
FN:83,(anonymous_3)
FN:85,(anonymous_4)
FN:85,(anonymous_5)
FN:134,(anonymous_7)
FN:145,(anonymous_8)
FN:145,(anonymous_9)
FN:154,(anonymous_11)
FN:164,(anonymous_12)
FN:178,(anonymous_13)
FN:184,(anonymous_14)
FN:190,(anonymous_15)
FN:199,(anonymous_16)
FN:203,(anonymous_17)
FN:212,(anonymous_18)
FN:219,(anonymous_19)
FNF:18
FNH:6
FNDA:1,(anonymous_0)
FNDA:1,SqlView
FNDA:0,(anonymous_2)
FNDA:1,(anonymous_3)
FNDA:0,(anonymous_4)
FNDA:0,(anonymous_5)
FNDA:0,(anonymous_7)
FNDA:0,(anonymous_8)
FNDA:0,(anonymous_9)
FNDA:0,(anonymous_11)
FNDA:0,(anonymous_12)
FNDA:1,(anonymous_13)
FNDA:0,(anonymous_14)
FNDA:1,(anonymous_15)
FNDA:0,(anonymous_16)
FNDA:0,(anonymous_17)
FNDA:1,(anonymous_18)
FNDA:0,(anonymous_19)
DA:19,1
DA:20,1
DA:21,1
DA:23,1
DA:24,1
DA:25,1
DA:36,1
DA:64,1
DA:70,1
DA:71,1
DA:83,1
DA:84,1
DA:85,0
DA:86,0
DA:87,0
DA:89,0
DA:91,0
DA:93,0
DA:94,0
DA:95,0
DA:96,0
DA:99,0
DA:100,0
DA:106,0
DA:110,0
DA:116,0
DA:117,0
DA:123,0
DA:125,0
DA:134,0
DA:135,0
DA:144,1
DA:145,0
DA:146,0
DA:147,0
DA:151,0
DA:152,0
DA:154,0
DA:155,0
DA:164,1
DA:165,0
DA:166,0
DA:169,1
DA:170,0
DA:175,0
DA:178,1
DA:179,1
DA:180,1
DA:181,0
DA:184,0
DA:187,1
DA:190,1
DA:191,1
DA:193,1
DA:200,0
DA:203,0
DA:212,1
DA:213,1
DA:214,1
DA:216,1
DA:220,0
DA:221,0
DA:230,1
LF:63
LH:27
BRDA:70,0,0,1
BRDA:70,0,1,1
BRDA:89,1,0,0
BRDA:89,1,1,0
BRDA:93,2,0,0
BRDA:93,2,1,0
BRDA:94,3,0,0
BRDA:94,3,1,0
BRDA:107,4,0,0
BRDA:107,4,1,0
BRDA:116,5,0,0
BRDA:116,5,1,0
BRDA:127,6,0,0
BRDA:127,6,1,0
BRDA:127,7,0,0
BRDA:127,7,1,0
BRDA:128,8,0,0
BRDA:128,8,1,0
BRDA:128,9,0,0
BRDA:128,9,1,0
BRDA:136,10,0,0
BRDA:136,10,1,0
BRDA:137,11,0,0
BRDA:137,11,1,0
BRDA:158,12,0,0
BRDA:158,12,1,0
BRDA:180,13,0,0
BRDA:180,13,1,1
BRDA:180,14,0,1
BRDA:180,14,1,1
BRDA:194,15,0,0
BRDA:194,15,1,1
BRDA:196,16,0,0
BRDA:196,16,1,1
BRDA:196,17,0,1
BRDA:196,17,1,1
BRDA:196,17,2,0
BRDA:196,18,0,1
BRDA:196,18,1,1
BRDA:199,19,0,0
BRDA:199,19,1,1
BRDA:218,20,0,1
BRDA:218,20,1,0
BRF:43
BRH:13
end_of_record
TN:
SF:/Users/maggiebrewster/druid/web-console/src/views/task-view/tasks-view.tsx
FN:99,statusToColor
FN:110,(anonymous_1)
FN:117,TasksView
FN:237,(anonymous_3)
FN:245,(anonymous_4)
FN:245,(anonymous_5)
FN:263,(anonymous_7)
FN:263,(anonymous_8)
FN:149,(anonymous_10)
FN:153,(anonymous_11)
FN:173,(anonymous_12)
FN:176,(anonymous_13)
FN:176,(anonymous_14)
FN:180,(anonymous_16)
FN:192,(anonymous_17)
FN:192,(anonymous_18)
FN:197,(anonymous_20)
FN:197,(anonymous_21)
FN:204,(anonymous_23)
FN:232,(anonymous_24)
FN:281,(anonymous_25)
FN:286,(anonymous_26)
FN:291,(anonymous_27)
FN:297,(anonymous_28)
FN:302,(anonymous_29)
FN:307,(anonymous_30)
FN:316,(anonymous_33)
FN:327,(anonymous_34)
FN:332,(anonymous_35)
FN:341,(anonymous_38)
FN:352,(anonymous_39)
FN:357,(anonymous_40)
FN:366,(anonymous_43)
FN:377,(anonymous_44)
FN:382,(anonymous_45)
FN:391,(anonymous_48)
FN:405,(anonymous_49)
FN:426,(anonymous_50)
FN:438,(anonymous_51)
FN:450,(anonymous_52)
FN:451,(anonymous_53)
FN:470,(anonymous_54)
FN:479,(anonymous_55)
FN:507,(anonymous_56)
FN:514,(anonymous_57)
FN:519,(anonymous_58)
FN:524,(anonymous_59)
FN:533,(anonymous_62)
FN:544,(anonymous_63)
FN:556,(anonymous_64)
FN:566,(anonymous_65)
FN:572,(anonymous_66)
FN:574,(anonymous_67)
FN:581,(anonymous_68)
FN:583,(anonymous_69)
FN:591,(anonymous_70)
FN:598,(anonymous_71)
FN:599,(anonymous_72)
FN:611,(anonymous_73)
FN:612,(anonymous_74)
FN:615,(anonymous_75)
FN:620,(anonymous_76)
FN:622,(anonymous_77)
FN:622,(anonymous_78)
FN:624,(anonymous_79)
FN:626,(anonymous_80)
FN:630,(anonymous_81)
FN:639,(anonymous_82)
FN:640,(anonymous_83)
FN:649,(anonymous_84)
FN:659,(anonymous_85)
FN:672,(anonymous_86)
FN:683,(anonymous_87)
FN:691,(anonymous_88)
FN:695,(anonymous_89)
FN:704,(anonymous_90)
FN:709,(anonymous_91)
FN:713,(anonymous_92)
FN:724,(anonymous_93)
FN:725,(anonymous_94)
FN:726,(anonymous_95)
FN:727,(anonymous_96)
FN:732,(anonymous_97)
FN:739,(anonymous_98)
FN:747,(anonymous_99)
FN:773,(anonymous_100)
FN:783,(anonymous_101)
FN:792,(anonymous_102)
FN:157,(anonymous_103)
FN:158,(anonymous_104)
FNF:90
FNH:13
FNDA:0,statusToColor
FNDA:1,(anonymous_1)
FNDA:1,TasksView
FNDA:0,(anonymous_3)
FNDA:0,(anonymous_4)
FNDA:0,(anonymous_5)
FNDA:0,(anonymous_7)
FNDA:0,(anonymous_8)
FNDA:0,(anonymous_10)
FNDA:0,(anonymous_11)
FNDA:1,(anonymous_12)
FNDA:0,(anonymous_13)
FNDA:0,(anonymous_14)
FNDA:1,(anonymous_16)
FNDA:0,(anonymous_17)
FNDA:0,(anonymous_18)
FNDA:0,(anonymous_20)
FNDA:0,(anonymous_21)
FNDA:1,(anonymous_23)
FNDA:0,(anonymous_24)
FNDA:0,(anonymous_25)
FNDA:0,(anonymous_26)
FNDA:0,(anonymous_27)
FNDA:0,(anonymous_28)
FNDA:2,(anonymous_29)
FNDA:0,(anonymous_30)
FNDA:0,(anonymous_33)
FNDA:2,(anonymous_34)
FNDA:0,(anonymous_35)
FNDA:0,(anonymous_38)
FNDA:2,(anonymous_39)
FNDA:0,(anonymous_40)
FNDA:0,(anonymous_43)
FNDA:2,(anonymous_44)
FNDA:0,(anonymous_45)
FNDA:0,(anonymous_48)
FNDA:2,(anonymous_49)
FNDA:0,(anonymous_50)
FNDA:0,(anonymous_51)
FNDA:0,(anonymous_52)
FNDA:0,(anonymous_53)
FNDA:0,(anonymous_54)
FNDA:0,(anonymous_55)
FNDA:0,(anonymous_56)
FNDA:0,(anonymous_57)
FNDA:2,(anonymous_58)
FNDA:0,(anonymous_59)
FNDA:0,(anonymous_62)
FNDA:2,(anonymous_63)
FNDA:0,(anonymous_64)
FNDA:0,(anonymous_65)
FNDA:0,(anonymous_66)
FNDA:0,(anonymous_67)
FNDA:0,(anonymous_68)
FNDA:0,(anonymous_69)
FNDA:0,(anonymous_70)
FNDA:0,(anonymous_71)
FNDA:0,(anonymous_72)
FNDA:0,(anonymous_73)
FNDA:0,(anonymous_74)
FNDA:0,(anonymous_75)
FNDA:0,(anonymous_76)
FNDA:0,(anonymous_77)
FNDA:0,(anonymous_78)
FNDA:0,(anonymous_79)
FNDA:0,(anonymous_80)
FNDA:0,(anonymous_81)
FNDA:0,(anonymous_82)
FNDA:0,(anonymous_83)
FNDA:0,(anonymous_84)
FNDA:0,(anonymous_85)
FNDA:0,(anonymous_86)
FNDA:2,(anonymous_87)
FNDA:0,(anonymous_88)
FNDA:0,(anonymous_89)
FNDA:0,(anonymous_90)
FNDA:0,(anonymous_91)
FNDA:0,(anonymous_92)
FNDA:0,(anonymous_93)
FNDA:0,(anonymous_94)
FNDA:0,(anonymous_95)
FNDA:0,(anonymous_96)
FNDA:0,(anonymous_97)
FNDA:0,(anonymous_98)
FNDA:0,(anonymous_99)
FNDA:0,(anonymous_100)
FNDA:0,(anonymous_101)
FNDA:0,(anonymous_102)
FNDA:0,(anonymous_103)
FNDA:0,(anonymous_104)
DA:19,1
DA:20,1
DA:21,1
DA:22,1
DA:23,1
DA:26,1
DA:27,1
DA:28,1
DA:29,1
DA:38,1
DA:40,1
DA:42,1
DA:43,1
DA:100,0
DA:101,0
DA:102,0
DA:103,0
DA:104,0
DA:105,0
DA:106,0
DA:110,1
DA:115,1
DA:118,1
DA:119,1
DA:148,1
DA:149,0
DA:152,1
DA:153,0
DA:157,1
DA:158,0
DA:159,0
DA:173,1
DA:174,1
DA:175,1
DA:176,0
DA:177,0
DA:178,0
DA:180,1
DA:181,1
DA:189,1
DA:191,1
DA:192,0
DA:193,0
DA:194,0
DA:196,0
DA:197,0
DA:198,0
DA:199,0
DA:201,0
DA:204,1
DA:205,1
DA:220,1
DA:232,1
DA:233,0
DA:234,0
DA:237,1
DA:238,0
DA:245,1
DA:247,0
DA:249,0
DA:253,0
DA:256,0
DA:260,0
DA:263,1
DA:265,0
DA:267,0
DA:271,0
DA:274,0
DA:278,0
DA:281,1
DA:282,0
DA:286,0
DA:291,0
DA:297,0
DA:302,2
DA:303,2
DA:305,2
DA:307,0
DA:308,0
DA:309,0
DA:317,0
DA:318,0
DA:327,2
DA:328,2
DA:330,2
DA:332,0
DA:333,0
DA:334,0
DA:342,0
DA:343,0
DA:352,2
DA:353,2
DA:355,2
DA:357,0
DA:358,0
DA:359,0
DA:367,0
DA:368,0
DA:377,2
DA:378,2
DA:380,2
DA:382,0
DA:383,0
DA:384,0
DA:392,0
DA:393,0
DA:405,2
DA:406,2
DA:407,2
DA:409,2
DA:427,0
DA:428,0
DA:429,0
DA:430,0
DA:431,0
DA:439,0
DA:440,0
DA:441,0
DA:442,0
DA:443,0
DA:450,0
DA:452,0
DA:453,0
DA:471,0
DA:472,0
DA:473,0
DA:474,0
DA:476,0
DA:479,0
DA:507,1
DA:508,0
DA:509,0
DA:514,0
DA:519,2
DA:520,2
DA:522,2
DA:524,0
DA:525,0
DA:526,0
DA:534,0
DA:535,0
DA:544,2
DA:545,2
DA:546,2
DA:547,2
DA:549,2
DA:557,0
DA:566,0
DA:573,0
DA:574,0
DA:582,0
DA:583,0
DA:591,0
DA:598,0
DA:600,0
DA:601,0
DA:602,0
DA:603,0
DA:604,0
DA:611,0
DA:612,0
DA:616,0
DA:617,0
DA:618,0
DA:621,0
DA:622,0
DA:623,0
DA:624,0
DA:627,0
DA:628,0
DA:631,0
DA:639,0
DA:640,0
DA:650,0
DA:651,0
DA:652,0
DA:653,0
DA:654,0
DA:656,0
DA:659,0
DA:672,0
DA:683,2
DA:684,2
DA:685,2
DA:686,2
DA:688,2
DA:691,0
DA:695,0
DA:699,2
DA:704,0
DA:709,0
DA:713,0
DA:724,0
DA:725,0
DA:726,0
DA:727,0
DA:732,0
DA:739,0
DA:747,0
DA:773,0
DA:783,0
DA:792,0
DA:797,1
LF:203
LH:67
BRDA:101,0,0,0
BRDA:101,0,1,0
BRDA:101,0,2,0
BRDA:101,0,3,0
BRDA:101,0,4,0
BRDA:101,0,5,0
BRDA:118,1,0,1
BRDA:118,1,1,1
BRDA:132,2,0,1
BRDA:132,2,1,0
BRDA:177,3,0,0
BRDA:194,4,0,0
BRDA:193,5,0,0
BRDA:193,5,1,0
BRDA:198,6,0,0
BRDA:289,7,0,0
BRDA:289,7,1,0
BRDA:290,8,0,0
BRDA:290,8,1,0
BRDA:291,9,0,0
BRDA:291,9,1,0
BRDA:307,10,0,0
BRDA:307,10,1,2
BRDA:308,11,0,0
BRDA:318,12,0,0
BRDA:318,12,1,0
BRDA:332,13,0,0
BRDA:332,13,1,2
BRDA:333,14,0,0
BRDA:343,15,0,0
BRDA:343,15,1,0
BRDA:357,16,0,0
BRDA:357,16,1,2
BRDA:358,17,0,0
BRDA:368,18,0,0
BRDA:368,18,1,0
BRDA:382,19,0,0
BRDA:382,19,1,2
BRDA:383,20,0,0
BRDA:393,21,0,0
BRDA:393,21,1,0
BRDA:411,22,0,2
BRDA:411,22,1,1
BRDA:413,23,0,0
BRDA:413,23,1,2
BRDA:413,24,0,2
BRDA:413,24,1,0
BRDA:413,24,2,0
BRDA:413,25,0,2
BRDA:413,25,1,2
BRDA:428,26,0,0
BRDA:428,26,1,0
BRDA:430,27,0,0
BRDA:430,27,1,0
BRDA:440,28,0,0
BRDA:440,28,1,0
BRDA:442,29,0,0
BRDA:442,29,1,0
BRDA:443,30,0,0
BRDA:443,30,1,0
BRDA:443,30,2,0
BRDA:450,31,0,0
BRDA:450,31,1,0
BRDA:455,32,0,0
BRDA:455,32,1,0
BRDA:485,33,0,0
BRDA:485,33,1,0
BRDA:508,34,0,0
BRDA:508,34,1,0
BRDA:508,35,0,0
BRDA:508,35,1,0
BRDA:508,35,2,0
BRDA:524,36,0,0
BRDA:524,36,1,2
BRDA:525,37,0,0
BRDA:535,38,0,0
BRDA:535,38,1,0
BRDA:551,39,0,2
BRDA:551,39,1,2
BRDA:553,40,0,0
BRDA:553,40,1,2
BRDA:553,41,0,2
BRDA:553,41,1,0
BRDA:553,41,2,0
BRDA:553,42,0,2
BRDA:553,42,1,2
BRDA:560,43,0,0
BRDA:560,43,1,2
BRDA:600,44,0,0
BRDA:600,44,1,0
BRDA:602,45,0,0
BRDA:602,45,1,0
BRDA:611,46,0,0
BRDA:611,46,1,0
BRDA:612,47,0,0
BRDA:612,47,1,0
BRDA:617,48,0,0
BRDA:617,48,1,0
BRDA:617,49,0,0
BRDA:617,49,1,0
BRDA:628,50,0,0
BRDA:628,50,1,0
BRDA:639,51,0,0
BRDA:639,51,1,0
BRDA:650,52,0,0
BRDA:650,52,1,0
BRDA:665,53,0,0
BRDA:665,53,1,0
BRDA:735,54,0,2
BRDA:735,54,1,2
BRDA:753,55,0,2
BRDA:753,55,1,0
BRDA:761,56,0,2
BRDA:761,56,1,0
BRDA:778,57,0,2
BRDA:778,57,1,0
BRDA:787,58,0,2
BRDA:787,58,1,0
BRDA:162,59,0,0
BRDA:162,59,1,0
BRDA:164,60,0,0
BRDA:164,60,1,0
BRDA:165,61,0,0
BRDA:165,61,1,0
BRDA:166,62,0,0
BRDA:166,62,1,0
BRF:126
BRH:27
end_of_record
